[2026-05-10T05:28:18.163+0000] {local_task_job_runner.py:120} INFO - ::group::Pre task execution logs
[2026-05-10T05:28:18.224+0000] {taskinstance.py:2076} INFO - Dependencies all met for dep_context=non-requeueable deps ti=<TaskInstance: dag_extract_coingecko.extract_crypto manual__2026-05-10T05:28:15+00:00 [queued]>
[2026-05-10T05:28:18.239+0000] {taskinstance.py:2076} INFO - Dependencies all met for dep_context=requeueable deps ti=<TaskInstance: dag_extract_coingecko.extract_crypto manual__2026-05-10T05:28:15+00:00 [queued]>
[2026-05-10T05:28:18.241+0000] {taskinstance.py:2306} INFO - Starting attempt 1 of 1
[2026-05-10T05:28:18.268+0000] {taskinstance.py:2330} INFO - Executing <Task(PythonOperator): extract_crypto> on 2026-05-10 05:28:15+00:00
[2026-05-10T05:28:18.280+0000] {standard_task_runner.py:64} INFO - Started process 515 to run task
[2026-05-10T05:28:18.287+0000] {standard_task_runner.py:90} INFO - Running: ['airflow', 'tasks', 'run', 'dag_extract_coingecko', 'extract_crypto', 'manual__2026-05-10T05:28:15+00:00', '--job-id', '7', '--raw', '--subdir', 'DAGS_FOLDER/dag_extract_coingecko.py', '--cfg-path', '/tmp/tmp4t2q059a']
[2026-05-10T05:28:18.292+0000] {standard_task_runner.py:91} INFO - Job 7: Subtask extract_crypto
[2026-05-10T05:28:18.424+0000] {task_command.py:426} INFO - Running <TaskInstance: dag_extract_coingecko.extract_crypto manual__2026-05-10T05:28:15+00:00 [running]> on host cb4e72281494
[2026-05-10T05:28:18.784+0000] {taskinstance.py:2648} INFO - Exporting env vars: AIRFLOW_CTX_DAG_OWNER='airflow' AIRFLOW_CTX_DAG_ID='dag_extract_coingecko' AIRFLOW_CTX_TASK_ID='extract_crypto' AIRFLOW_CTX_EXECUTION_DATE='2026-05-10T05:28:15+00:00' AIRFLOW_CTX_TRY_NUMBER='1' AIRFLOW_CTX_DAG_RUN_ID='manual__2026-05-10T05:28:15+00:00'
[2026-05-10T05:28:18.791+0000] {taskinstance.py:430} INFO - ::endgroup::
[2026-05-10T05:28:19.842+0000] {taskinstance.py:441} INFO - ::group::Post task execution logs
[2026-05-10T05:28:19.846+0000] {taskinstance.py:2905} ERROR - Task failed with exception
Traceback (most recent call last):
  File "/home/airflow/.local/lib/python3.11/site-packages/airflow/models/taskinstance.py", line 465, in _execute_task
    result = _execute_callable(context=context, **execute_callable_kwargs)
             ^^^^^^^^^^^^^^^^^^^^^^^^^^^^^^^^^^^^^^^^^^^^^^^^^^^^^^^^^^^^^
  File "/home/airflow/.local/lib/python3.11/site-packages/airflow/models/taskinstance.py", line 432, in _execute_callable
    return execute_callable(context=context, **execute_callable_kwargs)
           ^^^^^^^^^^^^^^^^^^^^^^^^^^^^^^^^^^^^^^^^^^^^^^^^^^^^^^^^^^^^
  File "/home/airflow/.local/lib/python3.11/site-packages/airflow/models/baseoperator.py", line 401, in wrapper
    return func(self, *args, **kwargs)
           ^^^^^^^^^^^^^^^^^^^^^^^^^^^
  File "/home/airflow/.local/lib/python3.11/site-packages/airflow/operators/python.py", line 235, in execute
    return_value = self.execute_callable()
                   ^^^^^^^^^^^^^^^^^^^^^^^
  File "/home/airflow/.local/lib/python3.11/site-packages/airflow/operators/python.py", line 252, in execute_callable
    return self.python_callable(*self.op_args, **self.op_kwargs)
           ^^^^^^^^^^^^^^^^^^^^^^^^^^^^^^^^^^^^^^^^^^^^^^^^^^^^^
  File "/opt/airflow/src/pipelines/run_pipeline.py", line 26, in run_coingecko_extraction
    frame = client.fetch_many(list(COINGECKO_IDS.keys()), days=settings.coingecko_days)
            ^^^^^^^^^^^^^^^^^^^^^^^^^^^^^^^^^^^^^^^^^^^^^^^^^^^^^^^^^^^^^^^^^^^^^^^^^^^
  File "/opt/airflow/src/extractors/coingecko.py", line 57, in fetch_many
    frames = [self.fetch_coin(coin_id, days=days) for coin_id in coin_ids]
             ^^^^^^^^^^^^^^^^^^^^^^^^^^^^^^^^^^^^^^^^^^^^^^^^^^^^^^^^^^^^^
  File "/opt/airflow/src/extractors/coingecko.py", line 57, in <listcomp>
    frames = [self.fetch_coin(coin_id, days=days) for coin_id in coin_ids]
              ^^^^^^^^^^^^^^^^^^^^^^^^^^^^^^^^^^^
  File "/opt/airflow/src/extractors/coingecko.py", line 45, in fetch_coin
    response.raise_for_status()
  File "/home/airflow/.local/lib/python3.11/site-packages/requests/models.py", line 1024, in raise_for_status
    raise HTTPError(http_error_msg, response=self)
requests.exceptions.HTTPError: 429 Client Error: Too Many Requests for url: https://api.coingecko.com/api/v3/coins/binancecoin/market_chart?vs_currency=usd&days=365
[2026-05-10T05:28:19.981+0000] {taskinstance.py:1206} INFO - Marking task as FAILED. dag_id=dag_extract_coingecko, task_id=extract_crypto, run_id=manual__2026-05-10T05:28:15+00:00, execution_date=20260510T052815, start_date=20260510T052818, end_date=20260510T052819
[2026-05-10T05:28:20.047+0000] {standard_task_runner.py:110} ERROR - Failed to execute job 7 for task extract_crypto (429 Client Error: Too Many Requests for url: https://api.coingecko.com/api/v3/coins/binancecoin/market_chart?vs_currency=usd&days=365; 515)
[2026-05-10T05:28:20.112+0000] {local_task_job_runner.py:243} INFO - Task exited with return code 1
[2026-05-10T05:28:20.181+0000] {taskinstance.py:3503} INFO - 0 downstream tasks scheduled from follow-on schedule check
[2026-05-10T05:28:20.189+0000] {local_task_job_runner.py:222} INFO - ::endgroup::
