[2026-05-10T05:18:23.359+0000] {processor.py:161} INFO - Started process (PID=168) to work on /opt/airflow/dags/dag_extract_coingecko.py
[2026-05-10T05:18:23.365+0000] {processor.py:830} INFO - Processing file /opt/airflow/dags/dag_extract_coingecko.py for tasks to queue
[2026-05-10T05:18:23.385+0000] {logging_mixin.py:188} INFO - [2026-05-10T05:18:23.382+0000] {dagbag.py:545} INFO - Filling up the DagBag from /opt/airflow/dags/dag_extract_coingecko.py
[2026-05-10T05:18:23.462+0000] {logging_mixin.py:188} INFO - [2026-05-10T05:18:23.442+0000] {dagbag.py:355} ERROR - Failed to import: /opt/airflow/dags/dag_extract_coingecko.py
Traceback (most recent call last):
  File "/home/airflow/.local/lib/python3.11/site-packages/airflow/models/dagbag.py", line 351, in parse
    loader.exec_module(new_module)
  File "<frozen importlib._bootstrap_external>", line 940, in exec_module
  File "<frozen importlib._bootstrap>", line 241, in _call_with_frames_removed
  File "/opt/airflow/dags/dag_extract_coingecko.py", line 8, in <module>
    from src.pipelines.run_pipeline import run_coingecko_extraction
ModuleNotFoundError: No module named 'src'
[2026-05-10T05:18:23.468+0000] {processor.py:842} WARNING - No viable dags retrieved from /opt/airflow/dags/dag_extract_coingecko.py
[2026-05-10T05:18:23.594+0000] {processor.py:183} INFO - Processing /opt/airflow/dags/dag_extract_coingecko.py took 0.294 seconds
[2026-05-10T05:18:54.179+0000] {processor.py:161} INFO - Started process (PID=183) to work on /opt/airflow/dags/dag_extract_coingecko.py
[2026-05-10T05:18:54.184+0000] {processor.py:830} INFO - Processing file /opt/airflow/dags/dag_extract_coingecko.py for tasks to queue
[2026-05-10T05:18:54.204+0000] {logging_mixin.py:188} INFO - [2026-05-10T05:18:54.201+0000] {dagbag.py:545} INFO - Filling up the DagBag from /opt/airflow/dags/dag_extract_coingecko.py
[2026-05-10T05:18:54.264+0000] {logging_mixin.py:188} INFO - [2026-05-10T05:18:54.252+0000] {dagbag.py:355} ERROR - Failed to import: /opt/airflow/dags/dag_extract_coingecko.py
Traceback (most recent call last):
  File "/home/airflow/.local/lib/python3.11/site-packages/airflow/models/dagbag.py", line 351, in parse
    loader.exec_module(new_module)
  File "<frozen importlib._bootstrap_external>", line 940, in exec_module
  File "<frozen importlib._bootstrap>", line 241, in _call_with_frames_removed
  File "/opt/airflow/dags/dag_extract_coingecko.py", line 8, in <module>
    from src.pipelines.run_pipeline import run_coingecko_extraction
ModuleNotFoundError: No module named 'src'
[2026-05-10T05:18:54.268+0000] {processor.py:842} WARNING - No viable dags retrieved from /opt/airflow/dags/dag_extract_coingecko.py
[2026-05-10T05:18:54.412+0000] {processor.py:183} INFO - Processing /opt/airflow/dags/dag_extract_coingecko.py took 0.324 seconds
[2026-05-10T05:19:25.320+0000] {processor.py:161} INFO - Started process (PID=198) to work on /opt/airflow/dags/dag_extract_coingecko.py
[2026-05-10T05:19:25.328+0000] {processor.py:830} INFO - Processing file /opt/airflow/dags/dag_extract_coingecko.py for tasks to queue
[2026-05-10T05:19:25.353+0000] {logging_mixin.py:188} INFO - [2026-05-10T05:19:25.352+0000] {dagbag.py:545} INFO - Filling up the DagBag from /opt/airflow/dags/dag_extract_coingecko.py
[2026-05-10T05:19:25.477+0000] {logging_mixin.py:188} INFO - [2026-05-10T05:19:25.449+0000] {dagbag.py:355} ERROR - Failed to import: /opt/airflow/dags/dag_extract_coingecko.py
Traceback (most recent call last):
  File "/home/airflow/.local/lib/python3.11/site-packages/airflow/models/dagbag.py", line 351, in parse
    loader.exec_module(new_module)
  File "<frozen importlib._bootstrap_external>", line 940, in exec_module
  File "<frozen importlib._bootstrap>", line 241, in _call_with_frames_removed
  File "/opt/airflow/dags/dag_extract_coingecko.py", line 8, in <module>
    from src.pipelines.run_pipeline import run_coingecko_extraction
ModuleNotFoundError: No module named 'src'
[2026-05-10T05:19:25.486+0000] {processor.py:842} WARNING - No viable dags retrieved from /opt/airflow/dags/dag_extract_coingecko.py
[2026-05-10T05:19:25.637+0000] {processor.py:183} INFO - Processing /opt/airflow/dags/dag_extract_coingecko.py took 0.368 seconds
[2026-05-10T05:19:55.847+0000] {processor.py:161} INFO - Started process (PID=210) to work on /opt/airflow/dags/dag_extract_coingecko.py
[2026-05-10T05:19:55.853+0000] {processor.py:830} INFO - Processing file /opt/airflow/dags/dag_extract_coingecko.py for tasks to queue
[2026-05-10T05:19:55.862+0000] {logging_mixin.py:188} INFO - [2026-05-10T05:19:55.860+0000] {dagbag.py:545} INFO - Filling up the DagBag from /opt/airflow/dags/dag_extract_coingecko.py
[2026-05-10T05:19:55.959+0000] {logging_mixin.py:188} INFO - [2026-05-10T05:19:55.940+0000] {dagbag.py:355} ERROR - Failed to import: /opt/airflow/dags/dag_extract_coingecko.py
Traceback (most recent call last):
  File "/home/airflow/.local/lib/python3.11/site-packages/airflow/models/dagbag.py", line 351, in parse
    loader.exec_module(new_module)
  File "<frozen importlib._bootstrap_external>", line 940, in exec_module
  File "<frozen importlib._bootstrap>", line 241, in _call_with_frames_removed
  File "/opt/airflow/dags/dag_extract_coingecko.py", line 8, in <module>
    from src.pipelines.run_pipeline import run_coingecko_extraction
ModuleNotFoundError: No module named 'src'
[2026-05-10T05:19:55.967+0000] {processor.py:842} WARNING - No viable dags retrieved from /opt/airflow/dags/dag_extract_coingecko.py
[2026-05-10T05:19:56.058+0000] {processor.py:183} INFO - Processing /opt/airflow/dags/dag_extract_coingecko.py took 0.241 seconds
[2026-05-10T05:20:26.452+0000] {processor.py:161} INFO - Started process (PID=225) to work on /opt/airflow/dags/dag_extract_coingecko.py
[2026-05-10T05:20:26.459+0000] {processor.py:830} INFO - Processing file /opt/airflow/dags/dag_extract_coingecko.py for tasks to queue
[2026-05-10T05:20:26.503+0000] {logging_mixin.py:188} INFO - [2026-05-10T05:20:26.496+0000] {dagbag.py:545} INFO - Filling up the DagBag from /opt/airflow/dags/dag_extract_coingecko.py
[2026-05-10T05:20:26.605+0000] {logging_mixin.py:188} INFO - [2026-05-10T05:20:26.587+0000] {dagbag.py:355} ERROR - Failed to import: /opt/airflow/dags/dag_extract_coingecko.py
Traceback (most recent call last):
  File "/home/airflow/.local/lib/python3.11/site-packages/airflow/models/dagbag.py", line 351, in parse
    loader.exec_module(new_module)
  File "<frozen importlib._bootstrap_external>", line 940, in exec_module
  File "<frozen importlib._bootstrap>", line 241, in _call_with_frames_removed
  File "/opt/airflow/dags/dag_extract_coingecko.py", line 8, in <module>
    from src.pipelines.run_pipeline import run_coingecko_extraction
ModuleNotFoundError: No module named 'src'
[2026-05-10T05:20:26.612+0000] {processor.py:842} WARNING - No viable dags retrieved from /opt/airflow/dags/dag_extract_coingecko.py
[2026-05-10T05:20:26.738+0000] {processor.py:183} INFO - Processing /opt/airflow/dags/dag_extract_coingecko.py took 0.312 seconds
[2026-05-10T05:20:57.307+0000] {processor.py:161} INFO - Started process (PID=240) to work on /opt/airflow/dags/dag_extract_coingecko.py
[2026-05-10T05:20:57.315+0000] {processor.py:830} INFO - Processing file /opt/airflow/dags/dag_extract_coingecko.py for tasks to queue
[2026-05-10T05:20:57.339+0000] {logging_mixin.py:188} INFO - [2026-05-10T05:20:57.335+0000] {dagbag.py:545} INFO - Filling up the DagBag from /opt/airflow/dags/dag_extract_coingecko.py
[2026-05-10T05:20:57.413+0000] {logging_mixin.py:188} INFO - [2026-05-10T05:20:57.399+0000] {dagbag.py:355} ERROR - Failed to import: /opt/airflow/dags/dag_extract_coingecko.py
Traceback (most recent call last):
  File "/home/airflow/.local/lib/python3.11/site-packages/airflow/models/dagbag.py", line 351, in parse
    loader.exec_module(new_module)
  File "<frozen importlib._bootstrap_external>", line 940, in exec_module
  File "<frozen importlib._bootstrap>", line 241, in _call_with_frames_removed
  File "/opt/airflow/dags/dag_extract_coingecko.py", line 8, in <module>
    from src.pipelines.run_pipeline import run_coingecko_extraction
ModuleNotFoundError: No module named 'src'
[2026-05-10T05:20:57.419+0000] {processor.py:842} WARNING - No viable dags retrieved from /opt/airflow/dags/dag_extract_coingecko.py
[2026-05-10T05:20:57.574+0000] {processor.py:183} INFO - Processing /opt/airflow/dags/dag_extract_coingecko.py took 0.358 seconds
[2026-05-10T05:21:28.540+0000] {processor.py:161} INFO - Started process (PID=258) to work on /opt/airflow/dags/dag_extract_coingecko.py
[2026-05-10T05:21:28.542+0000] {processor.py:830} INFO - Processing file /opt/airflow/dags/dag_extract_coingecko.py for tasks to queue
[2026-05-10T05:21:28.548+0000] {logging_mixin.py:188} INFO - [2026-05-10T05:21:28.545+0000] {dagbag.py:545} INFO - Filling up the DagBag from /opt/airflow/dags/dag_extract_coingecko.py
[2026-05-10T05:21:28.581+0000] {logging_mixin.py:188} INFO - [2026-05-10T05:21:28.574+0000] {dagbag.py:355} ERROR - Failed to import: /opt/airflow/dags/dag_extract_coingecko.py
Traceback (most recent call last):
  File "/home/airflow/.local/lib/python3.11/site-packages/airflow/models/dagbag.py", line 351, in parse
    loader.exec_module(new_module)
  File "<frozen importlib._bootstrap_external>", line 940, in exec_module
  File "<frozen importlib._bootstrap>", line 241, in _call_with_frames_removed
  File "/opt/airflow/dags/dag_extract_coingecko.py", line 8, in <module>
    from src.pipelines.run_pipeline import run_coingecko_extraction
ModuleNotFoundError: No module named 'src'
[2026-05-10T05:21:28.585+0000] {processor.py:842} WARNING - No viable dags retrieved from /opt/airflow/dags/dag_extract_coingecko.py
[2026-05-10T05:21:28.625+0000] {processor.py:183} INFO - Processing /opt/airflow/dags/dag_extract_coingecko.py took 0.097 seconds
[2026-05-10T05:21:58.955+0000] {processor.py:161} INFO - Started process (PID=275) to work on /opt/airflow/dags/dag_extract_coingecko.py
[2026-05-10T05:21:58.958+0000] {processor.py:830} INFO - Processing file /opt/airflow/dags/dag_extract_coingecko.py for tasks to queue
[2026-05-10T05:21:58.962+0000] {logging_mixin.py:188} INFO - [2026-05-10T05:21:58.961+0000] {dagbag.py:545} INFO - Filling up the DagBag from /opt/airflow/dags/dag_extract_coingecko.py
[2026-05-10T05:21:59.004+0000] {logging_mixin.py:188} INFO - [2026-05-10T05:21:58.995+0000] {dagbag.py:355} ERROR - Failed to import: /opt/airflow/dags/dag_extract_coingecko.py
Traceback (most recent call last):
  File "/home/airflow/.local/lib/python3.11/site-packages/airflow/models/dagbag.py", line 351, in parse
    loader.exec_module(new_module)
  File "<frozen importlib._bootstrap_external>", line 940, in exec_module
  File "<frozen importlib._bootstrap>", line 241, in _call_with_frames_removed
  File "/opt/airflow/dags/dag_extract_coingecko.py", line 8, in <module>
    from src.pipelines.run_pipeline import run_coingecko_extraction
ModuleNotFoundError: No module named 'src'
[2026-05-10T05:21:59.007+0000] {processor.py:842} WARNING - No viable dags retrieved from /opt/airflow/dags/dag_extract_coingecko.py
[2026-05-10T05:21:59.058+0000] {processor.py:183} INFO - Processing /opt/airflow/dags/dag_extract_coingecko.py took 0.116 seconds
[2026-05-10T05:22:29.259+0000] {processor.py:161} INFO - Started process (PID=290) to work on /opt/airflow/dags/dag_extract_coingecko.py
[2026-05-10T05:22:29.262+0000] {processor.py:830} INFO - Processing file /opt/airflow/dags/dag_extract_coingecko.py for tasks to queue
[2026-05-10T05:22:29.265+0000] {logging_mixin.py:188} INFO - [2026-05-10T05:22:29.265+0000] {dagbag.py:545} INFO - Filling up the DagBag from /opt/airflow/dags/dag_extract_coingecko.py
[2026-05-10T05:22:29.304+0000] {logging_mixin.py:188} INFO - [2026-05-10T05:22:29.296+0000] {dagbag.py:355} ERROR - Failed to import: /opt/airflow/dags/dag_extract_coingecko.py
Traceback (most recent call last):
  File "/home/airflow/.local/lib/python3.11/site-packages/airflow/models/dagbag.py", line 351, in parse
    loader.exec_module(new_module)
  File "<frozen importlib._bootstrap_external>", line 940, in exec_module
  File "<frozen importlib._bootstrap>", line 241, in _call_with_frames_removed
  File "/opt/airflow/dags/dag_extract_coingecko.py", line 8, in <module>
    from src.pipelines.run_pipeline import run_coingecko_extraction
ModuleNotFoundError: No module named 'src'
[2026-05-10T05:22:29.306+0000] {processor.py:842} WARNING - No viable dags retrieved from /opt/airflow/dags/dag_extract_coingecko.py
[2026-05-10T05:22:29.349+0000] {processor.py:183} INFO - Processing /opt/airflow/dags/dag_extract_coingecko.py took 0.105 seconds
[2026-05-10T05:22:32.618+0000] {processor.py:161} INFO - Started process (PID=303) to work on /opt/airflow/dags/dag_extract_coingecko.py
[2026-05-10T05:22:32.621+0000] {processor.py:830} INFO - Processing file /opt/airflow/dags/dag_extract_coingecko.py for tasks to queue
[2026-05-10T05:22:32.631+0000] {logging_mixin.py:188} INFO - [2026-05-10T05:22:32.630+0000] {dagbag.py:545} INFO - Filling up the DagBag from /opt/airflow/dags/dag_extract_coingecko.py
[2026-05-10T05:22:38.432+0000] {processor.py:840} INFO - DAG(s) 'dag_extract_coingecko' retrieved from /opt/airflow/dags/dag_extract_coingecko.py
[2026-05-10T05:22:39.059+0000] {logging_mixin.py:188} INFO - [2026-05-10T05:22:39.057+0000] {override.py:1858} INFO - Created Permission View: can delete on DAG:dag_extract_coingecko
[2026-05-10T05:22:39.083+0000] {logging_mixin.py:188} INFO - [2026-05-10T05:22:39.083+0000] {override.py:1858} INFO - Created Permission View: can read on DAG:dag_extract_coingecko
[2026-05-10T05:22:39.100+0000] {logging_mixin.py:188} INFO - [2026-05-10T05:22:39.100+0000] {override.py:1858} INFO - Created Permission View: can edit on DAG:dag_extract_coingecko
[2026-05-10T05:22:39.102+0000] {logging_mixin.py:188} INFO - [2026-05-10T05:22:39.101+0000] {dag.py:3089} INFO - Sync 1 DAGs
[2026-05-10T05:22:39.144+0000] {logging_mixin.py:188} INFO - [2026-05-10T05:22:39.141+0000] {dag.py:3111} INFO - Creating ORM DAG for dag_extract_coingecko
[2026-05-10T05:22:39.178+0000] {logging_mixin.py:188} INFO - [2026-05-10T05:22:39.178+0000] {dag.py:3947} INFO - Setting next_dagrun for dag_extract_coingecko to 2026-05-09 00:00:00+00:00, run_after=2026-05-10 00:00:00+00:00
[2026-05-10T05:22:39.250+0000] {processor.py:183} INFO - Processing /opt/airflow/dags/dag_extract_coingecko.py took 6.653 seconds
[2026-05-10T05:23:09.530+0000] {processor.py:161} INFO - Started process (PID=321) to work on /opt/airflow/dags/dag_extract_coingecko.py
[2026-05-10T05:23:09.533+0000] {processor.py:830} INFO - Processing file /opt/airflow/dags/dag_extract_coingecko.py for tasks to queue
[2026-05-10T05:23:09.543+0000] {logging_mixin.py:188} INFO - [2026-05-10T05:23:09.541+0000] {dagbag.py:545} INFO - Filling up the DagBag from /opt/airflow/dags/dag_extract_coingecko.py
[2026-05-10T05:23:10.850+0000] {processor.py:840} INFO - DAG(s) 'dag_extract_coingecko' retrieved from /opt/airflow/dags/dag_extract_coingecko.py
[2026-05-10T05:23:10.933+0000] {logging_mixin.py:188} INFO - [2026-05-10T05:23:10.932+0000] {dag.py:3089} INFO - Sync 1 DAGs
[2026-05-10T05:23:10.989+0000] {logging_mixin.py:188} INFO - [2026-05-10T05:23:10.989+0000] {dag.py:3947} INFO - Setting next_dagrun for dag_extract_coingecko to 2026-05-09 00:00:00+00:00, run_after=2026-05-10 00:00:00+00:00
[2026-05-10T05:23:11.034+0000] {processor.py:183} INFO - Processing /opt/airflow/dags/dag_extract_coingecko.py took 1.536 seconds
[2026-05-10T05:23:41.781+0000] {processor.py:161} INFO - Started process (PID=339) to work on /opt/airflow/dags/dag_extract_coingecko.py
[2026-05-10T05:23:41.783+0000] {processor.py:830} INFO - Processing file /opt/airflow/dags/dag_extract_coingecko.py for tasks to queue
[2026-05-10T05:23:41.788+0000] {logging_mixin.py:188} INFO - [2026-05-10T05:23:41.787+0000] {dagbag.py:545} INFO - Filling up the DagBag from /opt/airflow/dags/dag_extract_coingecko.py
[2026-05-10T05:23:43.091+0000] {processor.py:840} INFO - DAG(s) 'dag_extract_coingecko' retrieved from /opt/airflow/dags/dag_extract_coingecko.py
[2026-05-10T05:23:43.172+0000] {logging_mixin.py:188} INFO - [2026-05-10T05:23:43.171+0000] {dag.py:3089} INFO - Sync 1 DAGs
[2026-05-10T05:23:43.233+0000] {logging_mixin.py:188} INFO - [2026-05-10T05:23:43.232+0000] {dag.py:3947} INFO - Setting next_dagrun for dag_extract_coingecko to 2026-05-09 00:00:00+00:00, run_after=2026-05-10 00:00:00+00:00
[2026-05-10T05:23:43.274+0000] {processor.py:183} INFO - Processing /opt/airflow/dags/dag_extract_coingecko.py took 1.520 seconds
[2026-05-10T05:24:13.556+0000] {processor.py:161} INFO - Started process (PID=357) to work on /opt/airflow/dags/dag_extract_coingecko.py
[2026-05-10T05:24:13.558+0000] {processor.py:830} INFO - Processing file /opt/airflow/dags/dag_extract_coingecko.py for tasks to queue
[2026-05-10T05:24:13.563+0000] {logging_mixin.py:188} INFO - [2026-05-10T05:24:13.562+0000] {dagbag.py:545} INFO - Filling up the DagBag from /opt/airflow/dags/dag_extract_coingecko.py
[2026-05-10T05:24:14.612+0000] {processor.py:840} INFO - DAG(s) 'dag_extract_coingecko' retrieved from /opt/airflow/dags/dag_extract_coingecko.py
[2026-05-10T05:24:14.676+0000] {logging_mixin.py:188} INFO - [2026-05-10T05:24:14.675+0000] {dag.py:3089} INFO - Sync 1 DAGs
[2026-05-10T05:24:14.743+0000] {logging_mixin.py:188} INFO - [2026-05-10T05:24:14.743+0000] {dag.py:3947} INFO - Setting next_dagrun for dag_extract_coingecko to 2026-05-09 00:00:00+00:00, run_after=2026-05-10 00:00:00+00:00
[2026-05-10T05:24:14.846+0000] {processor.py:183} INFO - Processing /opt/airflow/dags/dag_extract_coingecko.py took 1.309 seconds
[2026-05-10T05:24:45.979+0000] {processor.py:161} INFO - Started process (PID=375) to work on /opt/airflow/dags/dag_extract_coingecko.py
[2026-05-10T05:24:45.986+0000] {processor.py:830} INFO - Processing file /opt/airflow/dags/dag_extract_coingecko.py for tasks to queue
[2026-05-10T05:24:46.003+0000] {logging_mixin.py:188} INFO - [2026-05-10T05:24:46.000+0000] {dagbag.py:545} INFO - Filling up the DagBag from /opt/airflow/dags/dag_extract_coingecko.py
[2026-05-10T05:24:47.713+0000] {processor.py:840} INFO - DAG(s) 'dag_extract_coingecko' retrieved from /opt/airflow/dags/dag_extract_coingecko.py
[2026-05-10T05:24:47.837+0000] {logging_mixin.py:188} INFO - [2026-05-10T05:24:47.836+0000] {dag.py:3089} INFO - Sync 1 DAGs
[2026-05-10T05:24:47.935+0000] {logging_mixin.py:188} INFO - [2026-05-10T05:24:47.934+0000] {dag.py:3947} INFO - Setting next_dagrun for dag_extract_coingecko to 2026-05-09 00:00:00+00:00, run_after=2026-05-10 00:00:00+00:00
[2026-05-10T05:24:48.021+0000] {processor.py:183} INFO - Processing /opt/airflow/dags/dag_extract_coingecko.py took 2.086 seconds
[2026-05-10T05:25:18.898+0000] {processor.py:161} INFO - Started process (PID=393) to work on /opt/airflow/dags/dag_extract_coingecko.py
[2026-05-10T05:25:18.900+0000] {processor.py:830} INFO - Processing file /opt/airflow/dags/dag_extract_coingecko.py for tasks to queue
[2026-05-10T05:25:18.904+0000] {logging_mixin.py:188} INFO - [2026-05-10T05:25:18.904+0000] {dagbag.py:545} INFO - Filling up the DagBag from /opt/airflow/dags/dag_extract_coingecko.py
[2026-05-10T05:25:20.331+0000] {processor.py:840} INFO - DAG(s) 'dag_extract_coingecko' retrieved from /opt/airflow/dags/dag_extract_coingecko.py
[2026-05-10T05:25:20.387+0000] {logging_mixin.py:188} INFO - [2026-05-10T05:25:20.387+0000] {dag.py:3089} INFO - Sync 1 DAGs
[2026-05-10T05:25:20.452+0000] {logging_mixin.py:188} INFO - [2026-05-10T05:25:20.451+0000] {dag.py:3947} INFO - Setting next_dagrun for dag_extract_coingecko to 2026-05-09 00:00:00+00:00, run_after=2026-05-10 00:00:00+00:00
[2026-05-10T05:25:20.502+0000] {processor.py:183} INFO - Processing /opt/airflow/dags/dag_extract_coingecko.py took 1.624 seconds
[2026-05-10T05:25:50.942+0000] {processor.py:161} INFO - Started process (PID=411) to work on /opt/airflow/dags/dag_extract_coingecko.py
[2026-05-10T05:25:50.948+0000] {processor.py:830} INFO - Processing file /opt/airflow/dags/dag_extract_coingecko.py for tasks to queue
[2026-05-10T05:25:50.958+0000] {logging_mixin.py:188} INFO - [2026-05-10T05:25:50.955+0000] {dagbag.py:545} INFO - Filling up the DagBag from /opt/airflow/dags/dag_extract_coingecko.py
[2026-05-10T05:25:52.157+0000] {processor.py:840} INFO - DAG(s) 'dag_extract_coingecko' retrieved from /opt/airflow/dags/dag_extract_coingecko.py
[2026-05-10T05:25:52.228+0000] {logging_mixin.py:188} INFO - [2026-05-10T05:25:52.228+0000] {dag.py:3089} INFO - Sync 1 DAGs
[2026-05-10T05:25:52.271+0000] {logging_mixin.py:188} INFO - [2026-05-10T05:25:52.271+0000] {dag.py:3947} INFO - Setting next_dagrun for dag_extract_coingecko to 2026-05-09 00:00:00+00:00, run_after=2026-05-10 00:00:00+00:00
[2026-05-10T05:25:52.337+0000] {processor.py:183} INFO - Processing /opt/airflow/dags/dag_extract_coingecko.py took 1.432 seconds
[2026-05-10T05:26:22.957+0000] {processor.py:161} INFO - Started process (PID=429) to work on /opt/airflow/dags/dag_extract_coingecko.py
[2026-05-10T05:26:22.961+0000] {processor.py:830} INFO - Processing file /opt/airflow/dags/dag_extract_coingecko.py for tasks to queue
[2026-05-10T05:26:22.966+0000] {logging_mixin.py:188} INFO - [2026-05-10T05:26:22.965+0000] {dagbag.py:545} INFO - Filling up the DagBag from /opt/airflow/dags/dag_extract_coingecko.py
[2026-05-10T05:26:24.066+0000] {processor.py:840} INFO - DAG(s) 'dag_extract_coingecko' retrieved from /opt/airflow/dags/dag_extract_coingecko.py
[2026-05-10T05:26:24.150+0000] {logging_mixin.py:188} INFO - [2026-05-10T05:26:24.149+0000] {dag.py:3089} INFO - Sync 1 DAGs
[2026-05-10T05:26:24.234+0000] {logging_mixin.py:188} INFO - [2026-05-10T05:26:24.233+0000] {dag.py:3947} INFO - Setting next_dagrun for dag_extract_coingecko to 2026-05-09 00:00:00+00:00, run_after=2026-05-10 00:00:00+00:00
[2026-05-10T05:26:24.296+0000] {processor.py:183} INFO - Processing /opt/airflow/dags/dag_extract_coingecko.py took 1.367 seconds
[2026-05-10T05:26:54.957+0000] {processor.py:161} INFO - Started process (PID=447) to work on /opt/airflow/dags/dag_extract_coingecko.py
[2026-05-10T05:26:54.963+0000] {processor.py:830} INFO - Processing file /opt/airflow/dags/dag_extract_coingecko.py for tasks to queue
[2026-05-10T05:26:54.972+0000] {logging_mixin.py:188} INFO - [2026-05-10T05:26:54.970+0000] {dagbag.py:545} INFO - Filling up the DagBag from /opt/airflow/dags/dag_extract_coingecko.py
[2026-05-10T05:26:56.155+0000] {processor.py:840} INFO - DAG(s) 'dag_extract_coingecko' retrieved from /opt/airflow/dags/dag_extract_coingecko.py
[2026-05-10T05:26:56.268+0000] {logging_mixin.py:188} INFO - [2026-05-10T05:26:56.266+0000] {dag.py:3089} INFO - Sync 1 DAGs
[2026-05-10T05:26:56.381+0000] {logging_mixin.py:188} INFO - [2026-05-10T05:26:56.379+0000] {dag.py:3947} INFO - Setting next_dagrun for dag_extract_coingecko to 2026-05-09 00:00:00+00:00, run_after=2026-05-10 00:00:00+00:00
[2026-05-10T05:26:56.458+0000] {processor.py:183} INFO - Processing /opt/airflow/dags/dag_extract_coingecko.py took 1.539 seconds
[2026-05-10T05:27:26.903+0000] {processor.py:161} INFO - Started process (PID=469) to work on /opt/airflow/dags/dag_extract_coingecko.py
[2026-05-10T05:27:26.921+0000] {processor.py:830} INFO - Processing file /opt/airflow/dags/dag_extract_coingecko.py for tasks to queue
[2026-05-10T05:27:26.987+0000] {logging_mixin.py:188} INFO - [2026-05-10T05:27:26.981+0000] {dagbag.py:545} INFO - Filling up the DagBag from /opt/airflow/dags/dag_extract_coingecko.py
[2026-05-10T05:27:28.634+0000] {processor.py:840} INFO - DAG(s) 'dag_extract_coingecko' retrieved from /opt/airflow/dags/dag_extract_coingecko.py
[2026-05-10T05:27:28.748+0000] {logging_mixin.py:188} INFO - [2026-05-10T05:27:28.747+0000] {dag.py:3089} INFO - Sync 1 DAGs
[2026-05-10T05:27:28.851+0000] {logging_mixin.py:188} INFO - [2026-05-10T05:27:28.850+0000] {dag.py:3947} INFO - Setting next_dagrun for dag_extract_coingecko to 2026-05-10 00:00:00+00:00, run_after=2026-05-11 00:00:00+00:00
[2026-05-10T05:27:28.945+0000] {processor.py:183} INFO - Processing /opt/airflow/dags/dag_extract_coingecko.py took 2.146 seconds
[2026-05-10T05:27:59.739+0000] {processor.py:161} INFO - Started process (PID=497) to work on /opt/airflow/dags/dag_extract_coingecko.py
[2026-05-10T05:27:59.743+0000] {processor.py:830} INFO - Processing file /opt/airflow/dags/dag_extract_coingecko.py for tasks to queue
[2026-05-10T05:27:59.750+0000] {logging_mixin.py:188} INFO - [2026-05-10T05:27:59.748+0000] {dagbag.py:545} INFO - Filling up the DagBag from /opt/airflow/dags/dag_extract_coingecko.py
[2026-05-10T05:28:01.203+0000] {processor.py:840} INFO - DAG(s) 'dag_extract_coingecko' retrieved from /opt/airflow/dags/dag_extract_coingecko.py
[2026-05-10T05:28:01.272+0000] {logging_mixin.py:188} INFO - [2026-05-10T05:28:01.271+0000] {dag.py:3089} INFO - Sync 1 DAGs
[2026-05-10T05:28:01.330+0000] {logging_mixin.py:188} INFO - [2026-05-10T05:28:01.330+0000] {dag.py:3947} INFO - Setting next_dagrun for dag_extract_coingecko to 2026-05-10 00:00:00+00:00, run_after=2026-05-11 00:00:00+00:00
[2026-05-10T05:28:01.375+0000] {processor.py:183} INFO - Processing /opt/airflow/dags/dag_extract_coingecko.py took 1.657 seconds
[2026-05-10T05:28:32.213+0000] {processor.py:161} INFO - Started process (PID=522) to work on /opt/airflow/dags/dag_extract_coingecko.py
[2026-05-10T05:28:32.216+0000] {processor.py:830} INFO - Processing file /opt/airflow/dags/dag_extract_coingecko.py for tasks to queue
[2026-05-10T05:28:32.225+0000] {logging_mixin.py:188} INFO - [2026-05-10T05:28:32.219+0000] {dagbag.py:545} INFO - Filling up the DagBag from /opt/airflow/dags/dag_extract_coingecko.py
[2026-05-10T05:28:33.900+0000] {processor.py:840} INFO - DAG(s) 'dag_extract_coingecko' retrieved from /opt/airflow/dags/dag_extract_coingecko.py
[2026-05-10T05:28:34.101+0000] {logging_mixin.py:188} INFO - [2026-05-10T05:28:34.100+0000] {dag.py:3089} INFO - Sync 1 DAGs
[2026-05-10T05:28:34.225+0000] {logging_mixin.py:188} INFO - [2026-05-10T05:28:34.225+0000] {dag.py:3947} INFO - Setting next_dagrun for dag_extract_coingecko to 2026-05-10 00:00:00+00:00, run_after=2026-05-11 00:00:00+00:00
[2026-05-10T05:28:34.286+0000] {processor.py:183} INFO - Processing /opt/airflow/dags/dag_extract_coingecko.py took 2.091 seconds
[2026-05-10T05:29:05.086+0000] {processor.py:161} INFO - Started process (PID=541) to work on /opt/airflow/dags/dag_extract_coingecko.py
[2026-05-10T05:29:05.088+0000] {processor.py:830} INFO - Processing file /opt/airflow/dags/dag_extract_coingecko.py for tasks to queue
[2026-05-10T05:29:05.092+0000] {logging_mixin.py:188} INFO - [2026-05-10T05:29:05.091+0000] {dagbag.py:545} INFO - Filling up the DagBag from /opt/airflow/dags/dag_extract_coingecko.py
[2026-05-10T05:29:06.364+0000] {processor.py:840} INFO - DAG(s) 'dag_extract_coingecko' retrieved from /opt/airflow/dags/dag_extract_coingecko.py
[2026-05-10T05:29:06.453+0000] {logging_mixin.py:188} INFO - [2026-05-10T05:29:06.450+0000] {dag.py:3089} INFO - Sync 1 DAGs
[2026-05-10T05:29:06.522+0000] {logging_mixin.py:188} INFO - [2026-05-10T05:29:06.522+0000] {dag.py:3947} INFO - Setting next_dagrun for dag_extract_coingecko to 2026-05-10 00:00:00+00:00, run_after=2026-05-11 00:00:00+00:00
[2026-05-10T05:29:06.565+0000] {processor.py:183} INFO - Processing /opt/airflow/dags/dag_extract_coingecko.py took 1.494 seconds
[2026-05-10T05:29:37.461+0000] {processor.py:161} INFO - Started process (PID=559) to work on /opt/airflow/dags/dag_extract_coingecko.py
[2026-05-10T05:29:37.465+0000] {processor.py:830} INFO - Processing file /opt/airflow/dags/dag_extract_coingecko.py for tasks to queue
[2026-05-10T05:29:37.470+0000] {logging_mixin.py:188} INFO - [2026-05-10T05:29:37.469+0000] {dagbag.py:545} INFO - Filling up the DagBag from /opt/airflow/dags/dag_extract_coingecko.py
[2026-05-10T05:29:38.700+0000] {processor.py:840} INFO - DAG(s) 'dag_extract_coingecko' retrieved from /opt/airflow/dags/dag_extract_coingecko.py
[2026-05-10T05:29:38.812+0000] {logging_mixin.py:188} INFO - [2026-05-10T05:29:38.810+0000] {dag.py:3089} INFO - Sync 1 DAGs
[2026-05-10T05:29:38.922+0000] {logging_mixin.py:188} INFO - [2026-05-10T05:29:38.921+0000] {dag.py:3947} INFO - Setting next_dagrun for dag_extract_coingecko to 2026-05-10 00:00:00+00:00, run_after=2026-05-11 00:00:00+00:00
[2026-05-10T05:29:39.999+0000] {processor.py:183} INFO - Processing /opt/airflow/dags/dag_extract_coingecko.py took 1.558 seconds
[2026-05-10T05:30:09.564+0000] {processor.py:161} INFO - Started process (PID=577) to work on /opt/airflow/dags/dag_extract_coingecko.py
[2026-05-10T05:30:09.567+0000] {processor.py:830} INFO - Processing file /opt/airflow/dags/dag_extract_coingecko.py for tasks to queue
[2026-05-10T05:30:09.574+0000] {logging_mixin.py:188} INFO - [2026-05-10T05:30:09.572+0000] {dagbag.py:545} INFO - Filling up the DagBag from /opt/airflow/dags/dag_extract_coingecko.py
[2026-05-10T05:30:11.258+0000] {processor.py:840} INFO - DAG(s) 'dag_extract_coingecko' retrieved from /opt/airflow/dags/dag_extract_coingecko.py
[2026-05-10T05:30:11.408+0000] {logging_mixin.py:188} INFO - [2026-05-10T05:30:11.407+0000] {dag.py:3089} INFO - Sync 1 DAGs
[2026-05-10T05:30:11.557+0000] {logging_mixin.py:188} INFO - [2026-05-10T05:30:11.557+0000] {dag.py:3947} INFO - Setting next_dagrun for dag_extract_coingecko to 2026-05-10 00:00:00+00:00, run_after=2026-05-11 00:00:00+00:00
[2026-05-10T05:30:11.617+0000] {processor.py:183} INFO - Processing /opt/airflow/dags/dag_extract_coingecko.py took 2.076 seconds
[2026-05-10T05:30:42.037+0000] {processor.py:161} INFO - Started process (PID=595) to work on /opt/airflow/dags/dag_extract_coingecko.py
[2026-05-10T05:30:42.041+0000] {processor.py:830} INFO - Processing file /opt/airflow/dags/dag_extract_coingecko.py for tasks to queue
[2026-05-10T05:30:42.052+0000] {logging_mixin.py:188} INFO - [2026-05-10T05:30:42.051+0000] {dagbag.py:545} INFO - Filling up the DagBag from /opt/airflow/dags/dag_extract_coingecko.py
[2026-05-10T05:30:43.367+0000] {processor.py:840} INFO - DAG(s) 'dag_extract_coingecko' retrieved from /opt/airflow/dags/dag_extract_coingecko.py
[2026-05-10T05:30:43.486+0000] {logging_mixin.py:188} INFO - [2026-05-10T05:30:43.485+0000] {dag.py:3089} INFO - Sync 1 DAGs
[2026-05-10T05:30:43.569+0000] {logging_mixin.py:188} INFO - [2026-05-10T05:30:43.568+0000] {dag.py:3947} INFO - Setting next_dagrun for dag_extract_coingecko to 2026-05-10 00:00:00+00:00, run_after=2026-05-11 00:00:00+00:00
[2026-05-10T05:30:43.662+0000] {processor.py:183} INFO - Processing /opt/airflow/dags/dag_extract_coingecko.py took 1.650 seconds
[2026-05-10T05:31:14.174+0000] {processor.py:161} INFO - Started process (PID=613) to work on /opt/airflow/dags/dag_extract_coingecko.py
[2026-05-10T05:31:14.177+0000] {processor.py:830} INFO - Processing file /opt/airflow/dags/dag_extract_coingecko.py for tasks to queue
[2026-05-10T05:31:14.181+0000] {logging_mixin.py:188} INFO - [2026-05-10T05:31:14.180+0000] {dagbag.py:545} INFO - Filling up the DagBag from /opt/airflow/dags/dag_extract_coingecko.py
[2026-05-10T05:31:15.613+0000] {processor.py:840} INFO - DAG(s) 'dag_extract_coingecko' retrieved from /opt/airflow/dags/dag_extract_coingecko.py
[2026-05-10T05:31:15.693+0000] {logging_mixin.py:188} INFO - [2026-05-10T05:31:15.692+0000] {dag.py:3089} INFO - Sync 1 DAGs
[2026-05-10T05:31:15.747+0000] {logging_mixin.py:188} INFO - [2026-05-10T05:31:15.747+0000] {dag.py:3947} INFO - Setting next_dagrun for dag_extract_coingecko to 2026-05-10 00:00:00+00:00, run_after=2026-05-11 00:00:00+00:00
[2026-05-10T05:31:15.813+0000] {processor.py:183} INFO - Processing /opt/airflow/dags/dag_extract_coingecko.py took 1.658 seconds
[2026-05-10T05:31:46.089+0000] {processor.py:161} INFO - Started process (PID=631) to work on /opt/airflow/dags/dag_extract_coingecko.py
[2026-05-10T05:31:46.093+0000] {processor.py:830} INFO - Processing file /opt/airflow/dags/dag_extract_coingecko.py for tasks to queue
[2026-05-10T05:31:46.101+0000] {logging_mixin.py:188} INFO - [2026-05-10T05:31:46.099+0000] {dagbag.py:545} INFO - Filling up the DagBag from /opt/airflow/dags/dag_extract_coingecko.py
[2026-05-10T05:31:47.855+0000] {processor.py:840} INFO - DAG(s) 'dag_extract_coingecko' retrieved from /opt/airflow/dags/dag_extract_coingecko.py
[2026-05-10T05:31:47.912+0000] {logging_mixin.py:188} INFO - [2026-05-10T05:31:47.911+0000] {dag.py:3089} INFO - Sync 1 DAGs
[2026-05-10T05:31:47.975+0000] {logging_mixin.py:188} INFO - [2026-05-10T05:31:47.974+0000] {dag.py:3947} INFO - Setting next_dagrun for dag_extract_coingecko to 2026-05-10 00:00:00+00:00, run_after=2026-05-11 00:00:00+00:00
[2026-05-10T05:31:48.026+0000] {processor.py:183} INFO - Processing /opt/airflow/dags/dag_extract_coingecko.py took 1.964 seconds
[2026-05-10T05:32:18.340+0000] {processor.py:161} INFO - Started process (PID=649) to work on /opt/airflow/dags/dag_extract_coingecko.py
[2026-05-10T05:32:18.342+0000] {processor.py:830} INFO - Processing file /opt/airflow/dags/dag_extract_coingecko.py for tasks to queue
[2026-05-10T05:32:18.347+0000] {logging_mixin.py:188} INFO - [2026-05-10T05:32:18.346+0000] {dagbag.py:545} INFO - Filling up the DagBag from /opt/airflow/dags/dag_extract_coingecko.py
[2026-05-10T05:32:20.288+0000] {processor.py:840} INFO - DAG(s) 'dag_extract_coingecko' retrieved from /opt/airflow/dags/dag_extract_coingecko.py
[2026-05-10T05:32:20.436+0000] {logging_mixin.py:188} INFO - [2026-05-10T05:32:20.435+0000] {dag.py:3089} INFO - Sync 1 DAGs
[2026-05-10T05:32:20.559+0000] {logging_mixin.py:188} INFO - [2026-05-10T05:32:20.558+0000] {dag.py:3947} INFO - Setting next_dagrun for dag_extract_coingecko to 2026-05-10 00:00:00+00:00, run_after=2026-05-11 00:00:00+00:00
[2026-05-10T05:32:20.629+0000] {processor.py:183} INFO - Processing /opt/airflow/dags/dag_extract_coingecko.py took 2.322 seconds
[2026-05-10T05:32:50.991+0000] {processor.py:161} INFO - Started process (PID=670) to work on /opt/airflow/dags/dag_extract_coingecko.py
[2026-05-10T05:32:50.993+0000] {processor.py:830} INFO - Processing file /opt/airflow/dags/dag_extract_coingecko.py for tasks to queue
[2026-05-10T05:32:50.997+0000] {logging_mixin.py:188} INFO - [2026-05-10T05:32:50.996+0000] {dagbag.py:545} INFO - Filling up the DagBag from /opt/airflow/dags/dag_extract_coingecko.py
[2026-05-10T05:32:52.399+0000] {processor.py:840} INFO - DAG(s) 'dag_extract_coingecko' retrieved from /opt/airflow/dags/dag_extract_coingecko.py
[2026-05-10T05:32:52.526+0000] {logging_mixin.py:188} INFO - [2026-05-10T05:32:52.525+0000] {dag.py:3089} INFO - Sync 1 DAGs
[2026-05-10T05:32:52.609+0000] {logging_mixin.py:188} INFO - [2026-05-10T05:32:52.608+0000] {dag.py:3947} INFO - Setting next_dagrun for dag_extract_coingecko to 2026-05-10 00:00:00+00:00, run_after=2026-05-11 00:00:00+00:00
[2026-05-10T05:32:52.831+0000] {processor.py:183} INFO - Processing /opt/airflow/dags/dag_extract_coingecko.py took 1.854 seconds
[2026-05-10T05:33:23.067+0000] {processor.py:161} INFO - Started process (PID=688) to work on /opt/airflow/dags/dag_extract_coingecko.py
[2026-05-10T05:33:23.069+0000] {processor.py:830} INFO - Processing file /opt/airflow/dags/dag_extract_coingecko.py for tasks to queue
[2026-05-10T05:33:23.073+0000] {logging_mixin.py:188} INFO - [2026-05-10T05:33:23.072+0000] {dagbag.py:545} INFO - Filling up the DagBag from /opt/airflow/dags/dag_extract_coingecko.py
[2026-05-10T05:33:24.028+0000] {processor.py:840} INFO - DAG(s) 'dag_extract_coingecko' retrieved from /opt/airflow/dags/dag_extract_coingecko.py
[2026-05-10T05:33:24.088+0000] {logging_mixin.py:188} INFO - [2026-05-10T05:33:24.087+0000] {dag.py:3089} INFO - Sync 1 DAGs
[2026-05-10T05:33:24.145+0000] {logging_mixin.py:188} INFO - [2026-05-10T05:33:24.145+0000] {dag.py:3947} INFO - Setting next_dagrun for dag_extract_coingecko to 2026-05-10 00:00:00+00:00, run_after=2026-05-11 00:00:00+00:00
[2026-05-10T05:33:24.195+0000] {processor.py:183} INFO - Processing /opt/airflow/dags/dag_extract_coingecko.py took 1.146 seconds
[2026-05-10T05:33:54.698+0000] {processor.py:161} INFO - Started process (PID=706) to work on /opt/airflow/dags/dag_extract_coingecko.py
[2026-05-10T05:33:54.700+0000] {processor.py:830} INFO - Processing file /opt/airflow/dags/dag_extract_coingecko.py for tasks to queue
[2026-05-10T05:33:54.706+0000] {logging_mixin.py:188} INFO - [2026-05-10T05:33:54.705+0000] {dagbag.py:545} INFO - Filling up the DagBag from /opt/airflow/dags/dag_extract_coingecko.py
[2026-05-10T05:33:55.721+0000] {processor.py:840} INFO - DAG(s) 'dag_extract_coingecko' retrieved from /opt/airflow/dags/dag_extract_coingecko.py
[2026-05-10T05:33:55.775+0000] {logging_mixin.py:188} INFO - [2026-05-10T05:33:55.774+0000] {dag.py:3089} INFO - Sync 1 DAGs
[2026-05-10T05:33:55.839+0000] {logging_mixin.py:188} INFO - [2026-05-10T05:33:55.838+0000] {dag.py:3947} INFO - Setting next_dagrun for dag_extract_coingecko to 2026-05-10 00:00:00+00:00, run_after=2026-05-11 00:00:00+00:00
[2026-05-10T05:33:55.892+0000] {processor.py:183} INFO - Processing /opt/airflow/dags/dag_extract_coingecko.py took 1.215 seconds
[2026-05-10T05:34:26.453+0000] {processor.py:161} INFO - Started process (PID=723) to work on /opt/airflow/dags/dag_extract_coingecko.py
[2026-05-10T05:34:26.460+0000] {processor.py:830} INFO - Processing file /opt/airflow/dags/dag_extract_coingecko.py for tasks to queue
[2026-05-10T05:34:26.473+0000] {logging_mixin.py:188} INFO - [2026-05-10T05:34:26.471+0000] {dagbag.py:545} INFO - Filling up the DagBag from /opt/airflow/dags/dag_extract_coingecko.py
[2026-05-10T05:34:27.905+0000] {processor.py:840} INFO - DAG(s) 'dag_extract_coingecko' retrieved from /opt/airflow/dags/dag_extract_coingecko.py
[2026-05-10T05:34:28.037+0000] {logging_mixin.py:188} INFO - [2026-05-10T05:34:28.036+0000] {dag.py:3089} INFO - Sync 1 DAGs
[2026-05-10T05:34:28.108+0000] {logging_mixin.py:188} INFO - [2026-05-10T05:34:28.107+0000] {dag.py:3947} INFO - Setting next_dagrun for dag_extract_coingecko to 2026-05-10 00:00:00+00:00, run_after=2026-05-11 00:00:00+00:00
[2026-05-10T05:34:28.150+0000] {processor.py:183} INFO - Processing /opt/airflow/dags/dag_extract_coingecko.py took 1.742 seconds
[2026-05-10T05:34:58.892+0000] {processor.py:161} INFO - Started process (PID=741) to work on /opt/airflow/dags/dag_extract_coingecko.py
[2026-05-10T05:34:58.896+0000] {processor.py:830} INFO - Processing file /opt/airflow/dags/dag_extract_coingecko.py for tasks to queue
[2026-05-10T05:34:58.902+0000] {logging_mixin.py:188} INFO - [2026-05-10T05:34:58.901+0000] {dagbag.py:545} INFO - Filling up the DagBag from /opt/airflow/dags/dag_extract_coingecko.py
[2026-05-10T05:34:59.964+0000] {processor.py:840} INFO - DAG(s) 'dag_extract_coingecko' retrieved from /opt/airflow/dags/dag_extract_coingecko.py
[2026-05-10T05:35:00.032+0000] {logging_mixin.py:188} INFO - [2026-05-10T05:35:00.032+0000] {dag.py:3089} INFO - Sync 1 DAGs
[2026-05-10T05:35:00.074+0000] {logging_mixin.py:188} INFO - [2026-05-10T05:35:00.074+0000] {dag.py:3947} INFO - Setting next_dagrun for dag_extract_coingecko to 2026-05-10 00:00:00+00:00, run_after=2026-05-11 00:00:00+00:00
[2026-05-10T05:35:00.120+0000] {processor.py:183} INFO - Processing /opt/airflow/dags/dag_extract_coingecko.py took 1.254 seconds
[2026-05-10T05:35:30.372+0000] {processor.py:161} INFO - Started process (PID=759) to work on /opt/airflow/dags/dag_extract_coingecko.py
[2026-05-10T05:35:30.375+0000] {processor.py:830} INFO - Processing file /opt/airflow/dags/dag_extract_coingecko.py for tasks to queue
[2026-05-10T05:35:30.384+0000] {logging_mixin.py:188} INFO - [2026-05-10T05:35:30.383+0000] {dagbag.py:545} INFO - Filling up the DagBag from /opt/airflow/dags/dag_extract_coingecko.py
[2026-05-10T05:35:31.564+0000] {processor.py:840} INFO - DAG(s) 'dag_extract_coingecko' retrieved from /opt/airflow/dags/dag_extract_coingecko.py
[2026-05-10T05:35:31.652+0000] {logging_mixin.py:188} INFO - [2026-05-10T05:35:31.651+0000] {dag.py:3089} INFO - Sync 1 DAGs
[2026-05-10T05:35:31.725+0000] {logging_mixin.py:188} INFO - [2026-05-10T05:35:31.724+0000] {dag.py:3947} INFO - Setting next_dagrun for dag_extract_coingecko to 2026-05-10 00:00:00+00:00, run_after=2026-05-11 00:00:00+00:00
[2026-05-10T05:35:31.779+0000] {processor.py:183} INFO - Processing /opt/airflow/dags/dag_extract_coingecko.py took 1.430 seconds
[2026-05-10T05:36:02.531+0000] {processor.py:161} INFO - Started process (PID=777) to work on /opt/airflow/dags/dag_extract_coingecko.py
[2026-05-10T05:36:02.533+0000] {processor.py:830} INFO - Processing file /opt/airflow/dags/dag_extract_coingecko.py for tasks to queue
[2026-05-10T05:36:02.536+0000] {logging_mixin.py:188} INFO - [2026-05-10T05:36:02.536+0000] {dagbag.py:545} INFO - Filling up the DagBag from /opt/airflow/dags/dag_extract_coingecko.py
[2026-05-10T05:36:03.664+0000] {processor.py:840} INFO - DAG(s) 'dag_extract_coingecko' retrieved from /opt/airflow/dags/dag_extract_coingecko.py
[2026-05-10T05:36:03.728+0000] {logging_mixin.py:188} INFO - [2026-05-10T05:36:03.727+0000] {dag.py:3089} INFO - Sync 1 DAGs
[2026-05-10T05:36:03.791+0000] {logging_mixin.py:188} INFO - [2026-05-10T05:36:03.790+0000] {dag.py:3947} INFO - Setting next_dagrun for dag_extract_coingecko to 2026-05-10 00:00:00+00:00, run_after=2026-05-11 00:00:00+00:00
[2026-05-10T05:36:03.847+0000] {processor.py:183} INFO - Processing /opt/airflow/dags/dag_extract_coingecko.py took 1.338 seconds
[2026-05-10T05:36:34.818+0000] {processor.py:161} INFO - Started process (PID=795) to work on /opt/airflow/dags/dag_extract_coingecko.py
[2026-05-10T05:36:34.821+0000] {processor.py:830} INFO - Processing file /opt/airflow/dags/dag_extract_coingecko.py for tasks to queue
[2026-05-10T05:36:34.824+0000] {logging_mixin.py:188} INFO - [2026-05-10T05:36:34.823+0000] {dagbag.py:545} INFO - Filling up the DagBag from /opt/airflow/dags/dag_extract_coingecko.py
[2026-05-10T05:36:36.016+0000] {processor.py:840} INFO - DAG(s) 'dag_extract_coingecko' retrieved from /opt/airflow/dags/dag_extract_coingecko.py
[2026-05-10T05:36:36.109+0000] {logging_mixin.py:188} INFO - [2026-05-10T05:36:36.108+0000] {dag.py:3089} INFO - Sync 1 DAGs
[2026-05-10T05:36:36.188+0000] {logging_mixin.py:188} INFO - [2026-05-10T05:36:36.187+0000] {dag.py:3947} INFO - Setting next_dagrun for dag_extract_coingecko to 2026-05-10 00:00:00+00:00, run_after=2026-05-11 00:00:00+00:00
[2026-05-10T05:36:36.258+0000] {processor.py:183} INFO - Processing /opt/airflow/dags/dag_extract_coingecko.py took 1.451 seconds
[2026-05-10T05:37:06.795+0000] {processor.py:161} INFO - Started process (PID=813) to work on /opt/airflow/dags/dag_extract_coingecko.py
[2026-05-10T05:37:06.796+0000] {processor.py:830} INFO - Processing file /opt/airflow/dags/dag_extract_coingecko.py for tasks to queue
[2026-05-10T05:37:06.800+0000] {logging_mixin.py:188} INFO - [2026-05-10T05:37:06.799+0000] {dagbag.py:545} INFO - Filling up the DagBag from /opt/airflow/dags/dag_extract_coingecko.py
[2026-05-10T05:37:07.864+0000] {processor.py:840} INFO - DAG(s) 'dag_extract_coingecko' retrieved from /opt/airflow/dags/dag_extract_coingecko.py
[2026-05-10T05:37:07.922+0000] {logging_mixin.py:188} INFO - [2026-05-10T05:37:07.921+0000] {dag.py:3089} INFO - Sync 1 DAGs
[2026-05-10T05:37:07.965+0000] {logging_mixin.py:188} INFO - [2026-05-10T05:37:07.965+0000] {dag.py:3947} INFO - Setting next_dagrun for dag_extract_coingecko to 2026-05-10 00:00:00+00:00, run_after=2026-05-11 00:00:00+00:00
[2026-05-10T05:37:08.003+0000] {processor.py:183} INFO - Processing /opt/airflow/dags/dag_extract_coingecko.py took 1.226 seconds
[2026-05-10T05:37:38.607+0000] {processor.py:161} INFO - Started process (PID=831) to work on /opt/airflow/dags/dag_extract_coingecko.py
[2026-05-10T05:37:38.610+0000] {processor.py:830} INFO - Processing file /opt/airflow/dags/dag_extract_coingecko.py for tasks to queue
[2026-05-10T05:37:38.617+0000] {logging_mixin.py:188} INFO - [2026-05-10T05:37:38.615+0000] {dagbag.py:545} INFO - Filling up the DagBag from /opt/airflow/dags/dag_extract_coingecko.py
[2026-05-10T05:37:39.623+0000] {processor.py:840} INFO - DAG(s) 'dag_extract_coingecko' retrieved from /opt/airflow/dags/dag_extract_coingecko.py
[2026-05-10T05:37:39.779+0000] {logging_mixin.py:188} INFO - [2026-05-10T05:37:39.777+0000] {dag.py:3089} INFO - Sync 1 DAGs
[2026-05-10T05:37:39.892+0000] {logging_mixin.py:188} INFO - [2026-05-10T05:37:39.891+0000] {dag.py:3947} INFO - Setting next_dagrun for dag_extract_coingecko to 2026-05-10 00:00:00+00:00, run_after=2026-05-11 00:00:00+00:00
[2026-05-10T05:37:39.981+0000] {processor.py:183} INFO - Processing /opt/airflow/dags/dag_extract_coingecko.py took 1.394 seconds
[2026-05-10T05:38:10.745+0000] {processor.py:161} INFO - Started process (PID=849) to work on /opt/airflow/dags/dag_extract_coingecko.py
[2026-05-10T05:38:10.750+0000] {processor.py:830} INFO - Processing file /opt/airflow/dags/dag_extract_coingecko.py for tasks to queue
[2026-05-10T05:38:10.756+0000] {logging_mixin.py:188} INFO - [2026-05-10T05:38:10.755+0000] {dagbag.py:545} INFO - Filling up the DagBag from /opt/airflow/dags/dag_extract_coingecko.py
[2026-05-10T05:38:11.944+0000] {processor.py:840} INFO - DAG(s) 'dag_extract_coingecko' retrieved from /opt/airflow/dags/dag_extract_coingecko.py
[2026-05-10T05:38:12.007+0000] {logging_mixin.py:188} INFO - [2026-05-10T05:38:12.006+0000] {dag.py:3089} INFO - Sync 1 DAGs
[2026-05-10T05:38:12.063+0000] {logging_mixin.py:188} INFO - [2026-05-10T05:38:12.062+0000] {dag.py:3947} INFO - Setting next_dagrun for dag_extract_coingecko to 2026-05-10 00:00:00+00:00, run_after=2026-05-11 00:00:00+00:00
[2026-05-10T05:38:12.121+0000] {processor.py:183} INFO - Processing /opt/airflow/dags/dag_extract_coingecko.py took 1.395 seconds
[2026-05-10T05:38:42.631+0000] {processor.py:161} INFO - Started process (PID=867) to work on /opt/airflow/dags/dag_extract_coingecko.py
[2026-05-10T05:38:42.637+0000] {processor.py:830} INFO - Processing file /opt/airflow/dags/dag_extract_coingecko.py for tasks to queue
[2026-05-10T05:38:42.649+0000] {logging_mixin.py:188} INFO - [2026-05-10T05:38:42.646+0000] {dagbag.py:545} INFO - Filling up the DagBag from /opt/airflow/dags/dag_extract_coingecko.py
[2026-05-10T05:38:43.942+0000] {processor.py:840} INFO - DAG(s) 'dag_extract_coingecko' retrieved from /opt/airflow/dags/dag_extract_coingecko.py
[2026-05-10T05:38:44.014+0000] {logging_mixin.py:188} INFO - [2026-05-10T05:38:44.013+0000] {dag.py:3089} INFO - Sync 1 DAGs
[2026-05-10T05:38:44.077+0000] {logging_mixin.py:188} INFO - [2026-05-10T05:38:44.076+0000] {dag.py:3947} INFO - Setting next_dagrun for dag_extract_coingecko to 2026-05-10 00:00:00+00:00, run_after=2026-05-11 00:00:00+00:00
[2026-05-10T05:38:44.124+0000] {processor.py:183} INFO - Processing /opt/airflow/dags/dag_extract_coingecko.py took 1.526 seconds
[2026-05-10T05:39:15.087+0000] {processor.py:161} INFO - Started process (PID=885) to work on /opt/airflow/dags/dag_extract_coingecko.py
[2026-05-10T05:39:15.094+0000] {processor.py:830} INFO - Processing file /opt/airflow/dags/dag_extract_coingecko.py for tasks to queue
[2026-05-10T05:39:15.107+0000] {logging_mixin.py:188} INFO - [2026-05-10T05:39:15.105+0000] {dagbag.py:545} INFO - Filling up the DagBag from /opt/airflow/dags/dag_extract_coingecko.py
[2026-05-10T05:39:16.862+0000] {processor.py:840} INFO - DAG(s) 'dag_extract_coingecko' retrieved from /opt/airflow/dags/dag_extract_coingecko.py
[2026-05-10T05:39:16.932+0000] {logging_mixin.py:188} INFO - [2026-05-10T05:39:16.931+0000] {dag.py:3089} INFO - Sync 1 DAGs
[2026-05-10T05:39:16.978+0000] {logging_mixin.py:188} INFO - [2026-05-10T05:39:16.978+0000] {dag.py:3947} INFO - Setting next_dagrun for dag_extract_coingecko to 2026-05-10 00:00:00+00:00, run_after=2026-05-11 00:00:00+00:00
[2026-05-10T05:39:17.020+0000] {processor.py:183} INFO - Processing /opt/airflow/dags/dag_extract_coingecko.py took 1.975 seconds
[2026-05-10T05:39:48.084+0000] {processor.py:161} INFO - Started process (PID=903) to work on /opt/airflow/dags/dag_extract_coingecko.py
[2026-05-10T05:39:48.088+0000] {processor.py:830} INFO - Processing file /opt/airflow/dags/dag_extract_coingecko.py for tasks to queue
[2026-05-10T05:39:48.096+0000] {logging_mixin.py:188} INFO - [2026-05-10T05:39:48.095+0000] {dagbag.py:545} INFO - Filling up the DagBag from /opt/airflow/dags/dag_extract_coingecko.py
[2026-05-10T05:39:49.022+0000] {processor.py:840} INFO - DAG(s) 'dag_extract_coingecko' retrieved from /opt/airflow/dags/dag_extract_coingecko.py
[2026-05-10T05:39:49.110+0000] {logging_mixin.py:188} INFO - [2026-05-10T05:39:49.109+0000] {dag.py:3089} INFO - Sync 1 DAGs
[2026-05-10T05:39:49.181+0000] {logging_mixin.py:188} INFO - [2026-05-10T05:39:49.181+0000] {dag.py:3947} INFO - Setting next_dagrun for dag_extract_coingecko to 2026-05-10 00:00:00+00:00, run_after=2026-05-11 00:00:00+00:00
[2026-05-10T05:39:49.242+0000] {processor.py:183} INFO - Processing /opt/airflow/dags/dag_extract_coingecko.py took 1.175 seconds
[2026-05-10T05:40:20.145+0000] {processor.py:161} INFO - Started process (PID=921) to work on /opt/airflow/dags/dag_extract_coingecko.py
[2026-05-10T05:40:20.150+0000] {processor.py:830} INFO - Processing file /opt/airflow/dags/dag_extract_coingecko.py for tasks to queue
[2026-05-10T05:40:20.161+0000] {logging_mixin.py:188} INFO - [2026-05-10T05:40:20.159+0000] {dagbag.py:545} INFO - Filling up the DagBag from /opt/airflow/dags/dag_extract_coingecko.py
[2026-05-10T05:40:21.602+0000] {processor.py:840} INFO - DAG(s) 'dag_extract_coingecko' retrieved from /opt/airflow/dags/dag_extract_coingecko.py
[2026-05-10T05:40:21.748+0000] {logging_mixin.py:188} INFO - [2026-05-10T05:40:21.746+0000] {dag.py:3089} INFO - Sync 1 DAGs
[2026-05-10T05:40:21.877+0000] {logging_mixin.py:188} INFO - [2026-05-10T05:40:21.876+0000] {dag.py:3947} INFO - Setting next_dagrun for dag_extract_coingecko to 2026-05-10 00:00:00+00:00, run_after=2026-05-11 00:00:00+00:00
[2026-05-10T05:40:21.943+0000] {processor.py:183} INFO - Processing /opt/airflow/dags/dag_extract_coingecko.py took 1.834 seconds
[2026-05-10T05:40:53.017+0000] {processor.py:161} INFO - Started process (PID=939) to work on /opt/airflow/dags/dag_extract_coingecko.py
[2026-05-10T05:40:53.020+0000] {processor.py:830} INFO - Processing file /opt/airflow/dags/dag_extract_coingecko.py for tasks to queue
[2026-05-10T05:40:53.026+0000] {logging_mixin.py:188} INFO - [2026-05-10T05:40:53.025+0000] {dagbag.py:545} INFO - Filling up the DagBag from /opt/airflow/dags/dag_extract_coingecko.py
[2026-05-10T05:40:54.001+0000] {processor.py:840} INFO - DAG(s) 'dag_extract_coingecko' retrieved from /opt/airflow/dags/dag_extract_coingecko.py
[2026-05-10T05:40:54.093+0000] {logging_mixin.py:188} INFO - [2026-05-10T05:40:54.092+0000] {dag.py:3089} INFO - Sync 1 DAGs
[2026-05-10T05:40:54.160+0000] {logging_mixin.py:188} INFO - [2026-05-10T05:40:54.159+0000] {dag.py:3947} INFO - Setting next_dagrun for dag_extract_coingecko to 2026-05-10 00:00:00+00:00, run_after=2026-05-11 00:00:00+00:00
[2026-05-10T05:40:54.217+0000] {processor.py:183} INFO - Processing /opt/airflow/dags/dag_extract_coingecko.py took 1.229 seconds
[2026-05-10T05:41:25.921+0000] {processor.py:161} INFO - Started process (PID=957) to work on /opt/airflow/dags/dag_extract_coingecko.py
[2026-05-10T05:41:25.928+0000] {processor.py:830} INFO - Processing file /opt/airflow/dags/dag_extract_coingecko.py for tasks to queue
[2026-05-10T05:41:25.961+0000] {logging_mixin.py:188} INFO - [2026-05-10T05:41:25.959+0000] {dagbag.py:545} INFO - Filling up the DagBag from /opt/airflow/dags/dag_extract_coingecko.py
[2026-05-10T05:41:27.350+0000] {processor.py:840} INFO - DAG(s) 'dag_extract_coingecko' retrieved from /opt/airflow/dags/dag_extract_coingecko.py
[2026-05-10T05:41:27.440+0000] {logging_mixin.py:188} INFO - [2026-05-10T05:41:27.439+0000] {dag.py:3089} INFO - Sync 1 DAGs
[2026-05-10T05:41:27.509+0000] {logging_mixin.py:188} INFO - [2026-05-10T05:41:27.509+0000] {dag.py:3947} INFO - Setting next_dagrun for dag_extract_coingecko to 2026-05-10 00:00:00+00:00, run_after=2026-05-11 00:00:00+00:00
[2026-05-10T05:41:27.574+0000] {processor.py:183} INFO - Processing /opt/airflow/dags/dag_extract_coingecko.py took 2.120 seconds
[2026-05-10T05:41:58.376+0000] {processor.py:161} INFO - Started process (PID=975) to work on /opt/airflow/dags/dag_extract_coingecko.py
[2026-05-10T05:41:58.379+0000] {processor.py:830} INFO - Processing file /opt/airflow/dags/dag_extract_coingecko.py for tasks to queue
[2026-05-10T05:41:58.383+0000] {logging_mixin.py:188} INFO - [2026-05-10T05:41:58.382+0000] {dagbag.py:545} INFO - Filling up the DagBag from /opt/airflow/dags/dag_extract_coingecko.py
[2026-05-10T05:41:59.596+0000] {processor.py:840} INFO - DAG(s) 'dag_extract_coingecko' retrieved from /opt/airflow/dags/dag_extract_coingecko.py
[2026-05-10T05:41:59.708+0000] {logging_mixin.py:188} INFO - [2026-05-10T05:41:59.706+0000] {dag.py:3089} INFO - Sync 1 DAGs
[2026-05-10T05:41:59.811+0000] {logging_mixin.py:188} INFO - [2026-05-10T05:41:59.810+0000] {dag.py:3947} INFO - Setting next_dagrun for dag_extract_coingecko to 2026-05-10 00:00:00+00:00, run_after=2026-05-11 00:00:00+00:00
[2026-05-10T05:41:59.894+0000] {processor.py:183} INFO - Processing /opt/airflow/dags/dag_extract_coingecko.py took 1.535 seconds
[2026-05-10T05:42:30.579+0000] {processor.py:161} INFO - Started process (PID=993) to work on /opt/airflow/dags/dag_extract_coingecko.py
[2026-05-10T05:42:30.583+0000] {processor.py:830} INFO - Processing file /opt/airflow/dags/dag_extract_coingecko.py for tasks to queue
[2026-05-10T05:42:30.590+0000] {logging_mixin.py:188} INFO - [2026-05-10T05:42:30.589+0000] {dagbag.py:545} INFO - Filling up the DagBag from /opt/airflow/dags/dag_extract_coingecko.py
[2026-05-10T05:42:31.606+0000] {processor.py:840} INFO - DAG(s) 'dag_extract_coingecko' retrieved from /opt/airflow/dags/dag_extract_coingecko.py
[2026-05-10T05:42:31.666+0000] {logging_mixin.py:188} INFO - [2026-05-10T05:42:31.665+0000] {dag.py:3089} INFO - Sync 1 DAGs
[2026-05-10T05:42:31.720+0000] {logging_mixin.py:188} INFO - [2026-05-10T05:42:31.720+0000] {dag.py:3947} INFO - Setting next_dagrun for dag_extract_coingecko to 2026-05-10 00:00:00+00:00, run_after=2026-05-11 00:00:00+00:00
[2026-05-10T05:42:31.759+0000] {processor.py:183} INFO - Processing /opt/airflow/dags/dag_extract_coingecko.py took 1.203 seconds
[2026-05-10T05:43:02.266+0000] {processor.py:161} INFO - Started process (PID=1011) to work on /opt/airflow/dags/dag_extract_coingecko.py
[2026-05-10T05:43:02.272+0000] {processor.py:830} INFO - Processing file /opt/airflow/dags/dag_extract_coingecko.py for tasks to queue
[2026-05-10T05:43:02.287+0000] {logging_mixin.py:188} INFO - [2026-05-10T05:43:02.283+0000] {dagbag.py:545} INFO - Filling up the DagBag from /opt/airflow/dags/dag_extract_coingecko.py
[2026-05-10T05:43:03.248+0000] {processor.py:840} INFO - DAG(s) 'dag_extract_coingecko' retrieved from /opt/airflow/dags/dag_extract_coingecko.py
[2026-05-10T05:43:03.355+0000] {logging_mixin.py:188} INFO - [2026-05-10T05:43:03.354+0000] {dag.py:3089} INFO - Sync 1 DAGs
[2026-05-10T05:43:03.412+0000] {logging_mixin.py:188} INFO - [2026-05-10T05:43:03.411+0000] {dag.py:3947} INFO - Setting next_dagrun for dag_extract_coingecko to 2026-05-10 00:00:00+00:00, run_after=2026-05-11 00:00:00+00:00
[2026-05-10T05:43:03.449+0000] {processor.py:183} INFO - Processing /opt/airflow/dags/dag_extract_coingecko.py took 1.230 seconds
