[2026-05-10T05:18:23.323+0000] {processor.py:161} INFO - Started process (PID=165) to work on /opt/airflow/dags/dag_consolidate.py
[2026-05-10T05:18:23.340+0000] {processor.py:830} INFO - Processing file /opt/airflow/dags/dag_consolidate.py for tasks to queue
[2026-05-10T05:18:23.364+0000] {logging_mixin.py:188} INFO - [2026-05-10T05:18:23.361+0000] {dagbag.py:545} INFO - Filling up the DagBag from /opt/airflow/dags/dag_consolidate.py
[2026-05-10T05:18:23.438+0000] {logging_mixin.py:188} INFO - [2026-05-10T05:18:23.422+0000] {dagbag.py:355} ERROR - Failed to import: /opt/airflow/dags/dag_consolidate.py
Traceback (most recent call last):
  File "/home/airflow/.local/lib/python3.11/site-packages/airflow/models/dagbag.py", line 351, in parse
    loader.exec_module(new_module)
  File "<frozen importlib._bootstrap_external>", line 940, in exec_module
  File "<frozen importlib._bootstrap>", line 241, in _call_with_frames_removed
  File "/opt/airflow/dags/dag_consolidate.py", line 8, in <module>
    from src.pipelines.run_pipeline import run_consolidation
ModuleNotFoundError: No module named 'src'
[2026-05-10T05:18:23.444+0000] {processor.py:842} WARNING - No viable dags retrieved from /opt/airflow/dags/dag_consolidate.py
[2026-05-10T05:18:23.584+0000] {processor.py:183} INFO - Processing /opt/airflow/dags/dag_consolidate.py took 0.325 seconds
[2026-05-10T05:18:54.115+0000] {processor.py:161} INFO - Started process (PID=180) to work on /opt/airflow/dags/dag_consolidate.py
[2026-05-10T05:18:54.130+0000] {processor.py:830} INFO - Processing file /opt/airflow/dags/dag_consolidate.py for tasks to queue
[2026-05-10T05:18:54.148+0000] {logging_mixin.py:188} INFO - [2026-05-10T05:18:54.145+0000] {dagbag.py:545} INFO - Filling up the DagBag from /opt/airflow/dags/dag_consolidate.py
[2026-05-10T05:18:54.207+0000] {logging_mixin.py:188} INFO - [2026-05-10T05:18:54.195+0000] {dagbag.py:355} ERROR - Failed to import: /opt/airflow/dags/dag_consolidate.py
Traceback (most recent call last):
  File "/home/airflow/.local/lib/python3.11/site-packages/airflow/models/dagbag.py", line 351, in parse
    loader.exec_module(new_module)
  File "<frozen importlib._bootstrap_external>", line 940, in exec_module
  File "<frozen importlib._bootstrap>", line 241, in _call_with_frames_removed
  File "/opt/airflow/dags/dag_consolidate.py", line 8, in <module>
    from src.pipelines.run_pipeline import run_consolidation
ModuleNotFoundError: No module named 'src'
[2026-05-10T05:18:54.212+0000] {processor.py:842} WARNING - No viable dags retrieved from /opt/airflow/dags/dag_consolidate.py
[2026-05-10T05:18:54.359+0000] {processor.py:183} INFO - Processing /opt/airflow/dags/dag_consolidate.py took 0.298 seconds
[2026-05-10T05:19:25.283+0000] {processor.py:161} INFO - Started process (PID=195) to work on /opt/airflow/dags/dag_consolidate.py
[2026-05-10T05:19:25.293+0000] {processor.py:830} INFO - Processing file /opt/airflow/dags/dag_consolidate.py for tasks to queue
[2026-05-10T05:19:25.343+0000] {logging_mixin.py:188} INFO - [2026-05-10T05:19:25.310+0000] {dagbag.py:545} INFO - Filling up the DagBag from /opt/airflow/dags/dag_consolidate.py
[2026-05-10T05:19:25.457+0000] {logging_mixin.py:188} INFO - [2026-05-10T05:19:25.429+0000] {dagbag.py:355} ERROR - Failed to import: /opt/airflow/dags/dag_consolidate.py
Traceback (most recent call last):
  File "/home/airflow/.local/lib/python3.11/site-packages/airflow/models/dagbag.py", line 351, in parse
    loader.exec_module(new_module)
  File "<frozen importlib._bootstrap_external>", line 940, in exec_module
  File "<frozen importlib._bootstrap>", line 241, in _call_with_frames_removed
  File "/opt/airflow/dags/dag_consolidate.py", line 8, in <module>
    from src.pipelines.run_pipeline import run_consolidation
ModuleNotFoundError: No module named 'src'
[2026-05-10T05:19:25.465+0000] {processor.py:842} WARNING - No viable dags retrieved from /opt/airflow/dags/dag_consolidate.py
[2026-05-10T05:19:25.669+0000] {processor.py:183} INFO - Processing /opt/airflow/dags/dag_consolidate.py took 0.447 seconds
[2026-05-10T05:19:56.257+0000] {processor.py:161} INFO - Started process (PID=215) to work on /opt/airflow/dags/dag_consolidate.py
[2026-05-10T05:19:56.261+0000] {processor.py:830} INFO - Processing file /opt/airflow/dags/dag_consolidate.py for tasks to queue
[2026-05-10T05:19:56.270+0000] {logging_mixin.py:188} INFO - [2026-05-10T05:19:56.269+0000] {dagbag.py:545} INFO - Filling up the DagBag from /opt/airflow/dags/dag_consolidate.py
[2026-05-10T05:19:56.375+0000] {logging_mixin.py:188} INFO - [2026-05-10T05:19:56.355+0000] {dagbag.py:355} ERROR - Failed to import: /opt/airflow/dags/dag_consolidate.py
Traceback (most recent call last):
  File "/home/airflow/.local/lib/python3.11/site-packages/airflow/models/dagbag.py", line 351, in parse
    loader.exec_module(new_module)
  File "<frozen importlib._bootstrap_external>", line 940, in exec_module
  File "<frozen importlib._bootstrap>", line 241, in _call_with_frames_removed
  File "/opt/airflow/dags/dag_consolidate.py", line 8, in <module>
    from src.pipelines.run_pipeline import run_consolidation
ModuleNotFoundError: No module named 'src'
[2026-05-10T05:19:56.383+0000] {processor.py:842} WARNING - No viable dags retrieved from /opt/airflow/dags/dag_consolidate.py
[2026-05-10T05:19:56.504+0000] {processor.py:183} INFO - Processing /opt/airflow/dags/dag_consolidate.py took 0.274 seconds
[2026-05-10T05:20:26.918+0000] {processor.py:161} INFO - Started process (PID=230) to work on /opt/airflow/dags/dag_consolidate.py
[2026-05-10T05:20:26.922+0000] {processor.py:830} INFO - Processing file /opt/airflow/dags/dag_consolidate.py for tasks to queue
[2026-05-10T05:20:26.931+0000] {logging_mixin.py:188} INFO - [2026-05-10T05:20:26.929+0000] {dagbag.py:545} INFO - Filling up the DagBag from /opt/airflow/dags/dag_consolidate.py
[2026-05-10T05:20:27.013+0000] {logging_mixin.py:188} INFO - [2026-05-10T05:20:26.998+0000] {dagbag.py:355} ERROR - Failed to import: /opt/airflow/dags/dag_consolidate.py
Traceback (most recent call last):
  File "/home/airflow/.local/lib/python3.11/site-packages/airflow/models/dagbag.py", line 351, in parse
    loader.exec_module(new_module)
  File "<frozen importlib._bootstrap_external>", line 940, in exec_module
  File "<frozen importlib._bootstrap>", line 241, in _call_with_frames_removed
  File "/opt/airflow/dags/dag_consolidate.py", line 8, in <module>
    from src.pipelines.run_pipeline import run_consolidation
ModuleNotFoundError: No module named 'src'
[2026-05-10T05:20:27.019+0000] {processor.py:842} WARNING - No viable dags retrieved from /opt/airflow/dags/dag_consolidate.py
[2026-05-10T05:20:27.158+0000] {processor.py:183} INFO - Processing /opt/airflow/dags/dag_consolidate.py took 0.268 seconds
[2026-05-10T05:20:57.443+0000] {processor.py:161} INFO - Started process (PID=243) to work on /opt/airflow/dags/dag_consolidate.py
[2026-05-10T05:20:57.452+0000] {processor.py:830} INFO - Processing file /opt/airflow/dags/dag_consolidate.py for tasks to queue
[2026-05-10T05:20:57.479+0000] {logging_mixin.py:188} INFO - [2026-05-10T05:20:57.476+0000] {dagbag.py:545} INFO - Filling up the DagBag from /opt/airflow/dags/dag_consolidate.py
[2026-05-10T05:20:57.576+0000] {logging_mixin.py:188} INFO - [2026-05-10T05:20:57.558+0000] {dagbag.py:355} ERROR - Failed to import: /opt/airflow/dags/dag_consolidate.py
Traceback (most recent call last):
  File "/home/airflow/.local/lib/python3.11/site-packages/airflow/models/dagbag.py", line 351, in parse
    loader.exec_module(new_module)
  File "<frozen importlib._bootstrap_external>", line 940, in exec_module
  File "<frozen importlib._bootstrap>", line 241, in _call_with_frames_removed
  File "/opt/airflow/dags/dag_consolidate.py", line 8, in <module>
    from src.pipelines.run_pipeline import run_consolidation
ModuleNotFoundError: No module named 'src'
[2026-05-10T05:20:57.582+0000] {processor.py:842} WARNING - No viable dags retrieved from /opt/airflow/dags/dag_consolidate.py
[2026-05-10T05:20:57.651+0000] {processor.py:183} INFO - Processing /opt/airflow/dags/dag_consolidate.py took 0.276 seconds
[2026-05-10T05:21:28.526+0000] {processor.py:161} INFO - Started process (PID=255) to work on /opt/airflow/dags/dag_consolidate.py
[2026-05-10T05:21:28.528+0000] {processor.py:830} INFO - Processing file /opt/airflow/dags/dag_consolidate.py for tasks to queue
[2026-05-10T05:21:28.536+0000] {logging_mixin.py:188} INFO - [2026-05-10T05:21:28.535+0000] {dagbag.py:545} INFO - Filling up the DagBag from /opt/airflow/dags/dag_consolidate.py
[2026-05-10T05:21:28.573+0000] {logging_mixin.py:188} INFO - [2026-05-10T05:21:28.567+0000] {dagbag.py:355} ERROR - Failed to import: /opt/airflow/dags/dag_consolidate.py
Traceback (most recent call last):
  File "/home/airflow/.local/lib/python3.11/site-packages/airflow/models/dagbag.py", line 351, in parse
    loader.exec_module(new_module)
  File "<frozen importlib._bootstrap_external>", line 940, in exec_module
  File "<frozen importlib._bootstrap>", line 241, in _call_with_frames_removed
  File "/opt/airflow/dags/dag_consolidate.py", line 8, in <module>
    from src.pipelines.run_pipeline import run_consolidation
ModuleNotFoundError: No module named 'src'
[2026-05-10T05:21:28.576+0000] {processor.py:842} WARNING - No viable dags retrieved from /opt/airflow/dags/dag_consolidate.py
[2026-05-10T05:21:28.622+0000] {processor.py:183} INFO - Processing /opt/airflow/dags/dag_consolidate.py took 0.111 seconds
[2026-05-10T05:21:58.736+0000] {processor.py:161} INFO - Started process (PID=270) to work on /opt/airflow/dags/dag_consolidate.py
[2026-05-10T05:21:58.739+0000] {processor.py:830} INFO - Processing file /opt/airflow/dags/dag_consolidate.py for tasks to queue
[2026-05-10T05:21:58.744+0000] {logging_mixin.py:188} INFO - [2026-05-10T05:21:58.743+0000] {dagbag.py:545} INFO - Filling up the DagBag from /opt/airflow/dags/dag_consolidate.py
[2026-05-10T05:21:58.798+0000] {logging_mixin.py:188} INFO - [2026-05-10T05:21:58.788+0000] {dagbag.py:355} ERROR - Failed to import: /opt/airflow/dags/dag_consolidate.py
Traceback (most recent call last):
  File "/home/airflow/.local/lib/python3.11/site-packages/airflow/models/dagbag.py", line 351, in parse
    loader.exec_module(new_module)
  File "<frozen importlib._bootstrap_external>", line 940, in exec_module
  File "<frozen importlib._bootstrap>", line 241, in _call_with_frames_removed
  File "/opt/airflow/dags/dag_consolidate.py", line 8, in <module>
    from src.pipelines.run_pipeline import run_consolidation
ModuleNotFoundError: No module named 'src'
[2026-05-10T05:21:58.805+0000] {processor.py:842} WARNING - No viable dags retrieved from /opt/airflow/dags/dag_consolidate.py
[2026-05-10T05:21:58.865+0000] {processor.py:183} INFO - Processing /opt/airflow/dags/dag_consolidate.py took 0.146 seconds
[2026-05-10T05:22:29.059+0000] {processor.py:161} INFO - Started process (PID=285) to work on /opt/airflow/dags/dag_consolidate.py
[2026-05-10T05:22:29.062+0000] {processor.py:830} INFO - Processing file /opt/airflow/dags/dag_consolidate.py for tasks to queue
[2026-05-10T05:22:29.066+0000] {logging_mixin.py:188} INFO - [2026-05-10T05:22:29.065+0000] {dagbag.py:545} INFO - Filling up the DagBag from /opt/airflow/dags/dag_consolidate.py
[2026-05-10T05:22:29.106+0000] {logging_mixin.py:188} INFO - [2026-05-10T05:22:29.098+0000] {dagbag.py:355} ERROR - Failed to import: /opt/airflow/dags/dag_consolidate.py
Traceback (most recent call last):
  File "/home/airflow/.local/lib/python3.11/site-packages/airflow/models/dagbag.py", line 351, in parse
    loader.exec_module(new_module)
  File "<frozen importlib._bootstrap_external>", line 940, in exec_module
  File "<frozen importlib._bootstrap>", line 241, in _call_with_frames_removed
  File "/opt/airflow/dags/dag_consolidate.py", line 8, in <module>
    from src.pipelines.run_pipeline import run_consolidation
ModuleNotFoundError: No module named 'src'
[2026-05-10T05:22:29.111+0000] {processor.py:842} WARNING - No viable dags retrieved from /opt/airflow/dags/dag_consolidate.py
[2026-05-10T05:22:29.155+0000] {processor.py:183} INFO - Processing /opt/airflow/dags/dag_consolidate.py took 0.108 seconds
[2026-05-10T05:22:32.564+0000] {processor.py:161} INFO - Started process (PID=300) to work on /opt/airflow/dags/dag_consolidate.py
[2026-05-10T05:22:32.567+0000] {processor.py:830} INFO - Processing file /opt/airflow/dags/dag_consolidate.py for tasks to queue
[2026-05-10T05:22:32.571+0000] {logging_mixin.py:188} INFO - [2026-05-10T05:22:32.571+0000] {dagbag.py:545} INFO - Filling up the DagBag from /opt/airflow/dags/dag_consolidate.py
[2026-05-10T05:22:38.432+0000] {processor.py:840} INFO - DAG(s) 'dag_consolidate' retrieved from /opt/airflow/dags/dag_consolidate.py
[2026-05-10T05:22:39.061+0000] {logging_mixin.py:188} INFO - [2026-05-10T05:22:39.060+0000] {override.py:1858} INFO - Created Permission View: can delete on DAG:dag_consolidate
[2026-05-10T05:22:39.086+0000] {logging_mixin.py:188} INFO - [2026-05-10T05:22:39.086+0000] {override.py:1858} INFO - Created Permission View: can read on DAG:dag_consolidate
[2026-05-10T05:22:39.103+0000] {logging_mixin.py:188} INFO - [2026-05-10T05:22:39.102+0000] {override.py:1858} INFO - Created Permission View: can edit on DAG:dag_consolidate
[2026-05-10T05:22:39.106+0000] {logging_mixin.py:188} INFO - [2026-05-10T05:22:39.104+0000] {dag.py:3089} INFO - Sync 1 DAGs
[2026-05-10T05:22:39.147+0000] {logging_mixin.py:188} INFO - [2026-05-10T05:22:39.146+0000] {dag.py:3111} INFO - Creating ORM DAG for dag_consolidate
[2026-05-10T05:22:39.186+0000] {logging_mixin.py:188} INFO - [2026-05-10T05:22:39.185+0000] {dag.py:3947} INFO - Setting next_dagrun for dag_consolidate to 2026-05-09 00:00:00+00:00, run_after=2026-05-10 00:00:00+00:00
[2026-05-10T05:22:39.253+0000] {processor.py:183} INFO - Processing /opt/airflow/dags/dag_consolidate.py took 6.705 seconds
[2026-05-10T05:23:09.493+0000] {processor.py:161} INFO - Started process (PID=318) to work on /opt/airflow/dags/dag_consolidate.py
[2026-05-10T05:23:09.497+0000] {processor.py:830} INFO - Processing file /opt/airflow/dags/dag_consolidate.py for tasks to queue
[2026-05-10T05:23:09.505+0000] {logging_mixin.py:188} INFO - [2026-05-10T05:23:09.503+0000] {dagbag.py:545} INFO - Filling up the DagBag from /opt/airflow/dags/dag_consolidate.py
[2026-05-10T05:23:10.850+0000] {processor.py:840} INFO - DAG(s) 'dag_consolidate' retrieved from /opt/airflow/dags/dag_consolidate.py
[2026-05-10T05:23:10.929+0000] {logging_mixin.py:188} INFO - [2026-05-10T05:23:10.928+0000] {dag.py:3089} INFO - Sync 1 DAGs
[2026-05-10T05:23:10.984+0000] {logging_mixin.py:188} INFO - [2026-05-10T05:23:10.983+0000] {dag.py:3947} INFO - Setting next_dagrun for dag_consolidate to 2026-05-09 00:00:00+00:00, run_after=2026-05-10 00:00:00+00:00
[2026-05-10T05:23:11.034+0000] {processor.py:183} INFO - Processing /opt/airflow/dags/dag_consolidate.py took 1.569 seconds
[2026-05-10T05:23:41.802+0000] {processor.py:161} INFO - Started process (PID=336) to work on /opt/airflow/dags/dag_consolidate.py
[2026-05-10T05:23:41.806+0000] {processor.py:830} INFO - Processing file /opt/airflow/dags/dag_consolidate.py for tasks to queue
[2026-05-10T05:23:41.818+0000] {logging_mixin.py:188} INFO - [2026-05-10T05:23:41.816+0000] {dagbag.py:545} INFO - Filling up the DagBag from /opt/airflow/dags/dag_consolidate.py
[2026-05-10T05:23:43.125+0000] {processor.py:840} INFO - DAG(s) 'dag_consolidate' retrieved from /opt/airflow/dags/dag_consolidate.py
[2026-05-10T05:23:43.195+0000] {logging_mixin.py:188} INFO - [2026-05-10T05:23:43.194+0000] {dag.py:3089} INFO - Sync 1 DAGs
[2026-05-10T05:23:43.254+0000] {logging_mixin.py:188} INFO - [2026-05-10T05:23:43.253+0000] {dag.py:3947} INFO - Setting next_dagrun for dag_consolidate to 2026-05-09 00:00:00+00:00, run_after=2026-05-10 00:00:00+00:00
[2026-05-10T05:23:43.297+0000] {processor.py:183} INFO - Processing /opt/airflow/dags/dag_consolidate.py took 1.554 seconds
[2026-05-10T05:24:13.536+0000] {processor.py:161} INFO - Started process (PID=354) to work on /opt/airflow/dags/dag_consolidate.py
[2026-05-10T05:24:13.539+0000] {processor.py:830} INFO - Processing file /opt/airflow/dags/dag_consolidate.py for tasks to queue
[2026-05-10T05:24:13.544+0000] {logging_mixin.py:188} INFO - [2026-05-10T05:24:13.543+0000] {dagbag.py:545} INFO - Filling up the DagBag from /opt/airflow/dags/dag_consolidate.py
[2026-05-10T05:24:14.612+0000] {processor.py:840} INFO - DAG(s) 'dag_consolidate' retrieved from /opt/airflow/dags/dag_consolidate.py
[2026-05-10T05:24:14.676+0000] {logging_mixin.py:188} INFO - [2026-05-10T05:24:14.675+0000] {dag.py:3089} INFO - Sync 1 DAGs
[2026-05-10T05:24:14.743+0000] {logging_mixin.py:188} INFO - [2026-05-10T05:24:14.743+0000] {dag.py:3947} INFO - Setting next_dagrun for dag_consolidate to 2026-05-09 00:00:00+00:00, run_after=2026-05-10 00:00:00+00:00
[2026-05-10T05:24:14.846+0000] {processor.py:183} INFO - Processing /opt/airflow/dags/dag_consolidate.py took 1.335 seconds
[2026-05-10T05:24:45.947+0000] {processor.py:161} INFO - Started process (PID=372) to work on /opt/airflow/dags/dag_consolidate.py
[2026-05-10T05:24:45.953+0000] {processor.py:830} INFO - Processing file /opt/airflow/dags/dag_consolidate.py for tasks to queue
[2026-05-10T05:24:45.966+0000] {logging_mixin.py:188} INFO - [2026-05-10T05:24:45.963+0000] {dagbag.py:545} INFO - Filling up the DagBag from /opt/airflow/dags/dag_consolidate.py
[2026-05-10T05:24:47.703+0000] {processor.py:840} INFO - DAG(s) 'dag_consolidate' retrieved from /opt/airflow/dags/dag_consolidate.py
[2026-05-10T05:24:47.824+0000] {logging_mixin.py:188} INFO - [2026-05-10T05:24:47.823+0000] {dag.py:3089} INFO - Sync 1 DAGs
[2026-05-10T05:24:47.926+0000] {logging_mixin.py:188} INFO - [2026-05-10T05:24:47.925+0000] {dag.py:3947} INFO - Setting next_dagrun for dag_consolidate to 2026-05-09 00:00:00+00:00, run_after=2026-05-10 00:00:00+00:00
[2026-05-10T05:24:48.020+0000] {processor.py:183} INFO - Processing /opt/airflow/dags/dag_consolidate.py took 2.113 seconds
[2026-05-10T05:25:18.876+0000] {processor.py:161} INFO - Started process (PID=390) to work on /opt/airflow/dags/dag_consolidate.py
[2026-05-10T05:25:18.880+0000] {processor.py:830} INFO - Processing file /opt/airflow/dags/dag_consolidate.py for tasks to queue
[2026-05-10T05:25:18.886+0000] {logging_mixin.py:188} INFO - [2026-05-10T05:25:18.885+0000] {dagbag.py:545} INFO - Filling up the DagBag from /opt/airflow/dags/dag_consolidate.py
[2026-05-10T05:25:20.330+0000] {processor.py:840} INFO - DAG(s) 'dag_consolidate' retrieved from /opt/airflow/dags/dag_consolidate.py
[2026-05-10T05:25:20.389+0000] {logging_mixin.py:188} INFO - [2026-05-10T05:25:20.388+0000] {dag.py:3089} INFO - Sync 1 DAGs
[2026-05-10T05:25:20.447+0000] {logging_mixin.py:188} INFO - [2026-05-10T05:25:20.447+0000] {dag.py:3947} INFO - Setting next_dagrun for dag_consolidate to 2026-05-09 00:00:00+00:00, run_after=2026-05-10 00:00:00+00:00
[2026-05-10T05:25:20.494+0000] {processor.py:183} INFO - Processing /opt/airflow/dags/dag_consolidate.py took 1.642 seconds
[2026-05-10T05:25:50.898+0000] {processor.py:161} INFO - Started process (PID=408) to work on /opt/airflow/dags/dag_consolidate.py
[2026-05-10T05:25:50.903+0000] {processor.py:830} INFO - Processing file /opt/airflow/dags/dag_consolidate.py for tasks to queue
[2026-05-10T05:25:50.913+0000] {logging_mixin.py:188} INFO - [2026-05-10T05:25:50.911+0000] {dagbag.py:545} INFO - Filling up the DagBag from /opt/airflow/dags/dag_consolidate.py
[2026-05-10T05:25:52.154+0000] {processor.py:840} INFO - DAG(s) 'dag_consolidate' retrieved from /opt/airflow/dags/dag_consolidate.py
[2026-05-10T05:25:52.225+0000] {logging_mixin.py:188} INFO - [2026-05-10T05:25:52.224+0000] {dag.py:3089} INFO - Sync 1 DAGs
[2026-05-10T05:25:52.271+0000] {logging_mixin.py:188} INFO - [2026-05-10T05:25:52.271+0000] {dag.py:3947} INFO - Setting next_dagrun for dag_consolidate to 2026-05-09 00:00:00+00:00, run_after=2026-05-10 00:00:00+00:00
[2026-05-10T05:25:52.337+0000] {processor.py:183} INFO - Processing /opt/airflow/dags/dag_consolidate.py took 1.471 seconds
[2026-05-10T05:26:22.945+0000] {processor.py:161} INFO - Started process (PID=426) to work on /opt/airflow/dags/dag_consolidate.py
[2026-05-10T05:26:22.948+0000] {processor.py:830} INFO - Processing file /opt/airflow/dags/dag_consolidate.py for tasks to queue
[2026-05-10T05:26:22.953+0000] {logging_mixin.py:188} INFO - [2026-05-10T05:26:22.952+0000] {dagbag.py:545} INFO - Filling up the DagBag from /opt/airflow/dags/dag_consolidate.py
[2026-05-10T05:26:24.045+0000] {processor.py:840} INFO - DAG(s) 'dag_consolidate' retrieved from /opt/airflow/dags/dag_consolidate.py
[2026-05-10T05:26:24.137+0000] {logging_mixin.py:188} INFO - [2026-05-10T05:26:24.134+0000] {dag.py:3089} INFO - Sync 1 DAGs
[2026-05-10T05:26:24.216+0000] {logging_mixin.py:188} INFO - [2026-05-10T05:26:24.215+0000] {dag.py:3947} INFO - Setting next_dagrun for dag_consolidate to 2026-05-09 00:00:00+00:00, run_after=2026-05-10 00:00:00+00:00
[2026-05-10T05:26:24.277+0000] {processor.py:183} INFO - Processing /opt/airflow/dags/dag_consolidate.py took 1.366 seconds
[2026-05-10T05:26:54.922+0000] {processor.py:161} INFO - Started process (PID=444) to work on /opt/airflow/dags/dag_consolidate.py
[2026-05-10T05:26:54.927+0000] {processor.py:830} INFO - Processing file /opt/airflow/dags/dag_consolidate.py for tasks to queue
[2026-05-10T05:26:54.937+0000] {logging_mixin.py:188} INFO - [2026-05-10T05:26:54.935+0000] {dagbag.py:545} INFO - Filling up the DagBag from /opt/airflow/dags/dag_consolidate.py
[2026-05-10T05:26:56.153+0000] {processor.py:840} INFO - DAG(s) 'dag_consolidate' retrieved from /opt/airflow/dags/dag_consolidate.py
[2026-05-10T05:26:56.266+0000] {logging_mixin.py:188} INFO - [2026-05-10T05:26:56.264+0000] {dag.py:3089} INFO - Sync 1 DAGs
[2026-05-10T05:26:56.392+0000] {logging_mixin.py:188} INFO - [2026-05-10T05:26:56.391+0000] {dag.py:3947} INFO - Setting next_dagrun for dag_consolidate to 2026-05-09 00:00:00+00:00, run_after=2026-05-10 00:00:00+00:00
[2026-05-10T05:26:56.469+0000] {processor.py:183} INFO - Processing /opt/airflow/dags/dag_consolidate.py took 1.590 seconds
[2026-05-10T05:27:26.807+0000] {processor.py:161} INFO - Started process (PID=465) to work on /opt/airflow/dags/dag_consolidate.py
[2026-05-10T05:27:26.827+0000] {processor.py:830} INFO - Processing file /opt/airflow/dags/dag_consolidate.py for tasks to queue
[2026-05-10T05:27:26.863+0000] {logging_mixin.py:188} INFO - [2026-05-10T05:27:26.858+0000] {dagbag.py:545} INFO - Filling up the DagBag from /opt/airflow/dags/dag_consolidate.py
[2026-05-10T05:27:28.537+0000] {processor.py:840} INFO - DAG(s) 'dag_consolidate' retrieved from /opt/airflow/dags/dag_consolidate.py
[2026-05-10T05:27:28.697+0000] {logging_mixin.py:188} INFO - [2026-05-10T05:27:28.696+0000] {dag.py:3089} INFO - Sync 1 DAGs
[2026-05-10T05:27:28.789+0000] {logging_mixin.py:188} INFO - [2026-05-10T05:27:28.789+0000] {dag.py:3947} INFO - Setting next_dagrun for dag_consolidate to 2026-05-09 00:00:00+00:00, run_after=2026-05-10 00:00:00+00:00
[2026-05-10T05:27:28.870+0000] {processor.py:183} INFO - Processing /opt/airflow/dags/dag_consolidate.py took 2.153 seconds
[2026-05-10T05:27:59.722+0000] {processor.py:161} INFO - Started process (PID=494) to work on /opt/airflow/dags/dag_consolidate.py
[2026-05-10T05:27:59.726+0000] {processor.py:830} INFO - Processing file /opt/airflow/dags/dag_consolidate.py for tasks to queue
[2026-05-10T05:27:59.731+0000] {logging_mixin.py:188} INFO - [2026-05-10T05:27:59.730+0000] {dagbag.py:545} INFO - Filling up the DagBag from /opt/airflow/dags/dag_consolidate.py
[2026-05-10T05:28:01.214+0000] {processor.py:840} INFO - DAG(s) 'dag_consolidate' retrieved from /opt/airflow/dags/dag_consolidate.py
[2026-05-10T05:28:01.275+0000] {logging_mixin.py:188} INFO - [2026-05-10T05:28:01.274+0000] {dag.py:3089} INFO - Sync 1 DAGs
[2026-05-10T05:28:01.329+0000] {logging_mixin.py:188} INFO - [2026-05-10T05:28:01.328+0000] {dag.py:3947} INFO - Setting next_dagrun for dag_consolidate to 2026-05-10 00:00:00+00:00, run_after=2026-05-11 00:00:00+00:00
[2026-05-10T05:28:01.374+0000] {processor.py:183} INFO - Processing /opt/airflow/dags/dag_consolidate.py took 1.691 seconds
[2026-05-10T05:28:32.185+0000] {processor.py:161} INFO - Started process (PID=519) to work on /opt/airflow/dags/dag_consolidate.py
[2026-05-10T05:28:32.188+0000] {processor.py:830} INFO - Processing file /opt/airflow/dags/dag_consolidate.py for tasks to queue
[2026-05-10T05:28:32.193+0000] {logging_mixin.py:188} INFO - [2026-05-10T05:28:32.192+0000] {dagbag.py:545} INFO - Filling up the DagBag from /opt/airflow/dags/dag_consolidate.py
[2026-05-10T05:28:33.922+0000] {processor.py:840} INFO - DAG(s) 'dag_consolidate' retrieved from /opt/airflow/dags/dag_consolidate.py
[2026-05-10T05:28:34.105+0000] {logging_mixin.py:188} INFO - [2026-05-10T05:28:34.102+0000] {dag.py:3089} INFO - Sync 1 DAGs
[2026-05-10T05:28:34.227+0000] {logging_mixin.py:188} INFO - [2026-05-10T05:28:34.227+0000] {dag.py:3947} INFO - Setting next_dagrun for dag_consolidate to 2026-05-10 00:00:00+00:00, run_after=2026-05-11 00:00:00+00:00
[2026-05-10T05:28:34.286+0000] {processor.py:183} INFO - Processing /opt/airflow/dags/dag_consolidate.py took 2.118 seconds
[2026-05-10T05:29:04.436+0000] {processor.py:161} INFO - Started process (PID=537) to work on /opt/airflow/dags/dag_consolidate.py
[2026-05-10T05:29:04.439+0000] {processor.py:830} INFO - Processing file /opt/airflow/dags/dag_consolidate.py for tasks to queue
[2026-05-10T05:29:04.444+0000] {logging_mixin.py:188} INFO - [2026-05-10T05:29:04.443+0000] {dagbag.py:545} INFO - Filling up the DagBag from /opt/airflow/dags/dag_consolidate.py
[2026-05-10T05:29:05.850+0000] {processor.py:840} INFO - DAG(s) 'dag_consolidate' retrieved from /opt/airflow/dags/dag_consolidate.py
[2026-05-10T05:29:05.943+0000] {logging_mixin.py:188} INFO - [2026-05-10T05:29:05.942+0000] {dag.py:3089} INFO - Sync 1 DAGs
[2026-05-10T05:29:06.011+0000] {logging_mixin.py:188} INFO - [2026-05-10T05:29:06.010+0000] {dag.py:3947} INFO - Setting next_dagrun for dag_consolidate to 2026-05-10 00:00:00+00:00, run_after=2026-05-11 00:00:00+00:00
[2026-05-10T05:29:06.055+0000] {processor.py:183} INFO - Processing /opt/airflow/dags/dag_consolidate.py took 1.638 seconds
[2026-05-10T05:29:36.503+0000] {processor.py:161} INFO - Started process (PID=555) to work on /opt/airflow/dags/dag_consolidate.py
[2026-05-10T05:29:36.505+0000] {processor.py:830} INFO - Processing file /opt/airflow/dags/dag_consolidate.py for tasks to queue
[2026-05-10T05:29:36.510+0000] {logging_mixin.py:188} INFO - [2026-05-10T05:29:36.509+0000] {dagbag.py:545} INFO - Filling up the DagBag from /opt/airflow/dags/dag_consolidate.py
[2026-05-10T05:29:37.930+0000] {processor.py:840} INFO - DAG(s) 'dag_consolidate' retrieved from /opt/airflow/dags/dag_consolidate.py
[2026-05-10T05:29:37.987+0000] {logging_mixin.py:188} INFO - [2026-05-10T05:29:37.987+0000] {dag.py:3089} INFO - Sync 1 DAGs
[2026-05-10T05:29:38.037+0000] {logging_mixin.py:188} INFO - [2026-05-10T05:29:38.037+0000] {dag.py:3947} INFO - Setting next_dagrun for dag_consolidate to 2026-05-10 00:00:00+00:00, run_after=2026-05-11 00:00:00+00:00
[2026-05-10T05:29:38.075+0000] {processor.py:183} INFO - Processing /opt/airflow/dags/dag_consolidate.py took 1.590 seconds
[2026-05-10T05:30:08.507+0000] {processor.py:161} INFO - Started process (PID=573) to work on /opt/airflow/dags/dag_consolidate.py
[2026-05-10T05:30:08.509+0000] {processor.py:830} INFO - Processing file /opt/airflow/dags/dag_consolidate.py for tasks to queue
[2026-05-10T05:30:08.515+0000] {logging_mixin.py:188} INFO - [2026-05-10T05:30:08.514+0000] {dagbag.py:545} INFO - Filling up the DagBag from /opt/airflow/dags/dag_consolidate.py
[2026-05-10T05:30:10.154+0000] {processor.py:840} INFO - DAG(s) 'dag_consolidate' retrieved from /opt/airflow/dags/dag_consolidate.py
[2026-05-10T05:30:10.284+0000] {logging_mixin.py:188} INFO - [2026-05-10T05:30:10.282+0000] {dag.py:3089} INFO - Sync 1 DAGs
[2026-05-10T05:30:10.385+0000] {logging_mixin.py:188} INFO - [2026-05-10T05:30:10.378+0000] {dag.py:3947} INFO - Setting next_dagrun for dag_consolidate to 2026-05-10 00:00:00+00:00, run_after=2026-05-11 00:00:00+00:00
[2026-05-10T05:30:10.443+0000] {processor.py:183} INFO - Processing /opt/airflow/dags/dag_consolidate.py took 1.953 seconds
[2026-05-10T05:30:41.032+0000] {processor.py:161} INFO - Started process (PID=591) to work on /opt/airflow/dags/dag_consolidate.py
[2026-05-10T05:30:41.038+0000] {processor.py:830} INFO - Processing file /opt/airflow/dags/dag_consolidate.py for tasks to queue
[2026-05-10T05:30:41.048+0000] {logging_mixin.py:188} INFO - [2026-05-10T05:30:41.046+0000] {dagbag.py:545} INFO - Filling up the DagBag from /opt/airflow/dags/dag_consolidate.py
[2026-05-10T05:30:42.770+0000] {processor.py:840} INFO - DAG(s) 'dag_consolidate' retrieved from /opt/airflow/dags/dag_consolidate.py
[2026-05-10T05:30:42.850+0000] {logging_mixin.py:188} INFO - [2026-05-10T05:30:42.849+0000] {dag.py:3089} INFO - Sync 1 DAGs
[2026-05-10T05:30:42.941+0000] {logging_mixin.py:188} INFO - [2026-05-10T05:30:42.941+0000] {dag.py:3947} INFO - Setting next_dagrun for dag_consolidate to 2026-05-10 00:00:00+00:00, run_after=2026-05-11 00:00:00+00:00
[2026-05-10T05:30:42.992+0000] {processor.py:183} INFO - Processing /opt/airflow/dags/dag_consolidate.py took 2.011 seconds
[2026-05-10T05:31:13.142+0000] {processor.py:161} INFO - Started process (PID=609) to work on /opt/airflow/dags/dag_consolidate.py
[2026-05-10T05:31:13.144+0000] {processor.py:830} INFO - Processing file /opt/airflow/dags/dag_consolidate.py for tasks to queue
[2026-05-10T05:31:13.151+0000] {logging_mixin.py:188} INFO - [2026-05-10T05:31:13.150+0000] {dagbag.py:545} INFO - Filling up the DagBag from /opt/airflow/dags/dag_consolidate.py
[2026-05-10T05:31:14.202+0000] {processor.py:840} INFO - DAG(s) 'dag_consolidate' retrieved from /opt/airflow/dags/dag_consolidate.py
[2026-05-10T05:31:14.281+0000] {logging_mixin.py:188} INFO - [2026-05-10T05:31:14.281+0000] {dag.py:3089} INFO - Sync 1 DAGs
[2026-05-10T05:31:14.338+0000] {logging_mixin.py:188} INFO - [2026-05-10T05:31:14.337+0000] {dag.py:3947} INFO - Setting next_dagrun for dag_consolidate to 2026-05-10 00:00:00+00:00, run_after=2026-05-11 00:00:00+00:00
[2026-05-10T05:31:14.387+0000] {processor.py:183} INFO - Processing /opt/airflow/dags/dag_consolidate.py took 1.262 seconds
[2026-05-10T05:31:44.711+0000] {processor.py:161} INFO - Started process (PID=627) to work on /opt/airflow/dags/dag_consolidate.py
[2026-05-10T05:31:44.714+0000] {processor.py:830} INFO - Processing file /opt/airflow/dags/dag_consolidate.py for tasks to queue
[2026-05-10T05:31:44.719+0000] {logging_mixin.py:188} INFO - [2026-05-10T05:31:44.718+0000] {dagbag.py:545} INFO - Filling up the DagBag from /opt/airflow/dags/dag_consolidate.py
[2026-05-10T05:31:46.168+0000] {processor.py:840} INFO - DAG(s) 'dag_consolidate' retrieved from /opt/airflow/dags/dag_consolidate.py
[2026-05-10T05:31:46.302+0000] {logging_mixin.py:188} INFO - [2026-05-10T05:31:46.300+0000] {dag.py:3089} INFO - Sync 1 DAGs
[2026-05-10T05:31:46.426+0000] {logging_mixin.py:188} INFO - [2026-05-10T05:31:46.421+0000] {dag.py:3947} INFO - Setting next_dagrun for dag_consolidate to 2026-05-10 00:00:00+00:00, run_after=2026-05-11 00:00:00+00:00
[2026-05-10T05:31:46.521+0000] {processor.py:183} INFO - Processing /opt/airflow/dags/dag_consolidate.py took 1.829 seconds
[2026-05-10T05:32:16.884+0000] {processor.py:161} INFO - Started process (PID=645) to work on /opt/airflow/dags/dag_consolidate.py
[2026-05-10T05:32:16.890+0000] {processor.py:830} INFO - Processing file /opt/airflow/dags/dag_consolidate.py for tasks to queue
[2026-05-10T05:32:16.905+0000] {logging_mixin.py:188} INFO - [2026-05-10T05:32:16.903+0000] {dagbag.py:545} INFO - Filling up the DagBag from /opt/airflow/dags/dag_consolidate.py
[2026-05-10T05:32:18.952+0000] {processor.py:840} INFO - DAG(s) 'dag_consolidate' retrieved from /opt/airflow/dags/dag_consolidate.py
[2026-05-10T05:32:19.030+0000] {logging_mixin.py:188} INFO - [2026-05-10T05:32:19.029+0000] {dag.py:3089} INFO - Sync 1 DAGs
[2026-05-10T05:32:19.095+0000] {logging_mixin.py:188} INFO - [2026-05-10T05:32:19.095+0000] {dag.py:3947} INFO - Setting next_dagrun for dag_consolidate to 2026-05-10 00:00:00+00:00, run_after=2026-05-11 00:00:00+00:00
[2026-05-10T05:32:19.149+0000] {processor.py:183} INFO - Processing /opt/airflow/dags/dag_consolidate.py took 2.305 seconds
[2026-05-10T05:32:50.025+0000] {processor.py:161} INFO - Started process (PID=666) to work on /opt/airflow/dags/dag_consolidate.py
[2026-05-10T05:32:50.028+0000] {processor.py:830} INFO - Processing file /opt/airflow/dags/dag_consolidate.py for tasks to queue
[2026-05-10T05:32:50.033+0000] {logging_mixin.py:188} INFO - [2026-05-10T05:32:50.032+0000] {dagbag.py:545} INFO - Filling up the DagBag from /opt/airflow/dags/dag_consolidate.py
[2026-05-10T05:32:51.310+0000] {processor.py:840} INFO - DAG(s) 'dag_consolidate' retrieved from /opt/airflow/dags/dag_consolidate.py
[2026-05-10T05:32:51.391+0000] {logging_mixin.py:188} INFO - [2026-05-10T05:32:51.390+0000] {dag.py:3089} INFO - Sync 1 DAGs
[2026-05-10T05:32:51.451+0000] {logging_mixin.py:188} INFO - [2026-05-10T05:32:51.450+0000] {dag.py:3947} INFO - Setting next_dagrun for dag_consolidate to 2026-05-10 00:00:00+00:00, run_after=2026-05-11 00:00:00+00:00
[2026-05-10T05:32:51.491+0000] {processor.py:183} INFO - Processing /opt/airflow/dags/dag_consolidate.py took 1.527 seconds
[2026-05-10T05:33:21.973+0000] {processor.py:161} INFO - Started process (PID=684) to work on /opt/airflow/dags/dag_consolidate.py
[2026-05-10T05:33:21.978+0000] {processor.py:830} INFO - Processing file /opt/airflow/dags/dag_consolidate.py for tasks to queue
[2026-05-10T05:33:21.987+0000] {logging_mixin.py:188} INFO - [2026-05-10T05:33:21.985+0000] {dagbag.py:545} INFO - Filling up the DagBag from /opt/airflow/dags/dag_consolidate.py
[2026-05-10T05:33:23.570+0000] {processor.py:840} INFO - DAG(s) 'dag_consolidate' retrieved from /opt/airflow/dags/dag_consolidate.py
[2026-05-10T05:33:23.628+0000] {logging_mixin.py:188} INFO - [2026-05-10T05:33:23.627+0000] {dag.py:3089} INFO - Sync 1 DAGs
[2026-05-10T05:33:23.673+0000] {logging_mixin.py:188} INFO - [2026-05-10T05:33:23.673+0000] {dag.py:3947} INFO - Setting next_dagrun for dag_consolidate to 2026-05-10 00:00:00+00:00, run_after=2026-05-11 00:00:00+00:00
[2026-05-10T05:33:23.718+0000] {processor.py:183} INFO - Processing /opt/airflow/dags/dag_consolidate.py took 1.800 seconds
[2026-05-10T05:33:54.004+0000] {processor.py:161} INFO - Started process (PID=702) to work on /opt/airflow/dags/dag_consolidate.py
[2026-05-10T05:33:54.007+0000] {processor.py:830} INFO - Processing file /opt/airflow/dags/dag_consolidate.py for tasks to queue
[2026-05-10T05:33:54.012+0000] {logging_mixin.py:188} INFO - [2026-05-10T05:33:54.011+0000] {dagbag.py:545} INFO - Filling up the DagBag from /opt/airflow/dags/dag_consolidate.py
[2026-05-10T05:33:55.473+0000] {processor.py:840} INFO - DAG(s) 'dag_consolidate' retrieved from /opt/airflow/dags/dag_consolidate.py
[2026-05-10T05:33:55.521+0000] {logging_mixin.py:188} INFO - [2026-05-10T05:33:55.520+0000] {dag.py:3089} INFO - Sync 1 DAGs
[2026-05-10T05:33:55.558+0000] {logging_mixin.py:188} INFO - [2026-05-10T05:33:55.557+0000] {dag.py:3947} INFO - Setting next_dagrun for dag_consolidate to 2026-05-10 00:00:00+00:00, run_after=2026-05-11 00:00:00+00:00
[2026-05-10T05:33:55.590+0000] {processor.py:183} INFO - Processing /opt/airflow/dags/dag_consolidate.py took 1.602 seconds
[2026-05-10T05:34:25.848+0000] {processor.py:161} INFO - Started process (PID=720) to work on /opt/airflow/dags/dag_consolidate.py
[2026-05-10T05:34:25.854+0000] {processor.py:830} INFO - Processing file /opt/airflow/dags/dag_consolidate.py for tasks to queue
[2026-05-10T05:34:25.866+0000] {logging_mixin.py:188} INFO - [2026-05-10T05:34:25.864+0000] {dagbag.py:545} INFO - Filling up the DagBag from /opt/airflow/dags/dag_consolidate.py
[2026-05-10T05:34:27.554+0000] {processor.py:840} INFO - DAG(s) 'dag_consolidate' retrieved from /opt/airflow/dags/dag_consolidate.py
[2026-05-10T05:34:27.713+0000] {logging_mixin.py:188} INFO - [2026-05-10T05:34:27.711+0000] {dag.py:3089} INFO - Sync 1 DAGs
[2026-05-10T05:34:27.839+0000] {logging_mixin.py:188} INFO - [2026-05-10T05:34:27.838+0000] {dag.py:3947} INFO - Setting next_dagrun for dag_consolidate to 2026-05-10 00:00:00+00:00, run_after=2026-05-11 00:00:00+00:00
[2026-05-10T05:34:27.923+0000] {processor.py:183} INFO - Processing /opt/airflow/dags/dag_consolidate.py took 2.121 seconds
[2026-05-10T05:34:58.869+0000] {processor.py:161} INFO - Started process (PID=738) to work on /opt/airflow/dags/dag_consolidate.py
[2026-05-10T05:34:58.873+0000] {processor.py:830} INFO - Processing file /opt/airflow/dags/dag_consolidate.py for tasks to queue
[2026-05-10T05:34:58.881+0000] {logging_mixin.py:188} INFO - [2026-05-10T05:34:58.879+0000] {dagbag.py:545} INFO - Filling up the DagBag from /opt/airflow/dags/dag_consolidate.py
[2026-05-10T05:34:59.963+0000] {processor.py:840} INFO - DAG(s) 'dag_consolidate' retrieved from /opt/airflow/dags/dag_consolidate.py
[2026-05-10T05:35:00.036+0000] {logging_mixin.py:188} INFO - [2026-05-10T05:35:00.035+0000] {dag.py:3089} INFO - Sync 1 DAGs
[2026-05-10T05:35:00.078+0000] {logging_mixin.py:188} INFO - [2026-05-10T05:35:00.077+0000] {dag.py:3947} INFO - Setting next_dagrun for dag_consolidate to 2026-05-10 00:00:00+00:00, run_after=2026-05-11 00:00:00+00:00
[2026-05-10T05:35:00.124+0000] {processor.py:183} INFO - Processing /opt/airflow/dags/dag_consolidate.py took 1.275 seconds
[2026-05-10T05:35:30.346+0000] {processor.py:161} INFO - Started process (PID=756) to work on /opt/airflow/dags/dag_consolidate.py
[2026-05-10T05:35:30.350+0000] {processor.py:830} INFO - Processing file /opt/airflow/dags/dag_consolidate.py for tasks to queue
[2026-05-10T05:35:30.357+0000] {logging_mixin.py:188} INFO - [2026-05-10T05:35:30.356+0000] {dagbag.py:545} INFO - Filling up the DagBag from /opt/airflow/dags/dag_consolidate.py
[2026-05-10T05:35:31.564+0000] {processor.py:840} INFO - DAG(s) 'dag_consolidate' retrieved from /opt/airflow/dags/dag_consolidate.py
[2026-05-10T05:35:31.667+0000] {logging_mixin.py:188} INFO - [2026-05-10T05:35:31.666+0000] {dag.py:3089} INFO - Sync 1 DAGs
[2026-05-10T05:35:31.740+0000] {logging_mixin.py:188} INFO - [2026-05-10T05:35:31.740+0000] {dag.py:3947} INFO - Setting next_dagrun for dag_consolidate to 2026-05-10 00:00:00+00:00, run_after=2026-05-11 00:00:00+00:00
[2026-05-10T05:35:31.799+0000] {processor.py:183} INFO - Processing /opt/airflow/dags/dag_consolidate.py took 1.476 seconds
[2026-05-10T05:36:02.514+0000] {processor.py:161} INFO - Started process (PID=774) to work on /opt/airflow/dags/dag_consolidate.py
[2026-05-10T05:36:02.516+0000] {processor.py:830} INFO - Processing file /opt/airflow/dags/dag_consolidate.py for tasks to queue
[2026-05-10T05:36:02.520+0000] {logging_mixin.py:188} INFO - [2026-05-10T05:36:02.519+0000] {dagbag.py:545} INFO - Filling up the DagBag from /opt/airflow/dags/dag_consolidate.py
[2026-05-10T05:36:03.674+0000] {processor.py:840} INFO - DAG(s) 'dag_consolidate' retrieved from /opt/airflow/dags/dag_consolidate.py
[2026-05-10T05:36:03.734+0000] {logging_mixin.py:188} INFO - [2026-05-10T05:36:03.733+0000] {dag.py:3089} INFO - Sync 1 DAGs
[2026-05-10T05:36:03.799+0000] {logging_mixin.py:188} INFO - [2026-05-10T05:36:03.798+0000] {dag.py:3947} INFO - Setting next_dagrun for dag_consolidate to 2026-05-10 00:00:00+00:00, run_after=2026-05-11 00:00:00+00:00
[2026-05-10T05:36:03.861+0000] {processor.py:183} INFO - Processing /opt/airflow/dags/dag_consolidate.py took 1.373 seconds
[2026-05-10T05:36:34.818+0000] {processor.py:161} INFO - Started process (PID=792) to work on /opt/airflow/dags/dag_consolidate.py
[2026-05-10T05:36:34.821+0000] {processor.py:830} INFO - Processing file /opt/airflow/dags/dag_consolidate.py for tasks to queue
[2026-05-10T05:36:34.824+0000] {logging_mixin.py:188} INFO - [2026-05-10T05:36:34.824+0000] {dagbag.py:545} INFO - Filling up the DagBag from /opt/airflow/dags/dag_consolidate.py
[2026-05-10T05:36:35.961+0000] {processor.py:840} INFO - DAG(s) 'dag_consolidate' retrieved from /opt/airflow/dags/dag_consolidate.py
[2026-05-10T05:36:36.042+0000] {logging_mixin.py:188} INFO - [2026-05-10T05:36:36.041+0000] {dag.py:3089} INFO - Sync 1 DAGs
[2026-05-10T05:36:36.117+0000] {logging_mixin.py:188} INFO - [2026-05-10T05:36:36.117+0000] {dag.py:3947} INFO - Setting next_dagrun for dag_consolidate to 2026-05-10 00:00:00+00:00, run_after=2026-05-11 00:00:00+00:00
[2026-05-10T05:36:36.185+0000] {processor.py:183} INFO - Processing /opt/airflow/dags/dag_consolidate.py took 1.381 seconds
[2026-05-10T05:37:06.777+0000] {processor.py:161} INFO - Started process (PID=810) to work on /opt/airflow/dags/dag_consolidate.py
[2026-05-10T05:37:06.780+0000] {processor.py:830} INFO - Processing file /opt/airflow/dags/dag_consolidate.py for tasks to queue
[2026-05-10T05:37:06.784+0000] {logging_mixin.py:188} INFO - [2026-05-10T05:37:06.783+0000] {dagbag.py:545} INFO - Filling up the DagBag from /opt/airflow/dags/dag_consolidate.py
[2026-05-10T05:37:07.864+0000] {processor.py:840} INFO - DAG(s) 'dag_consolidate' retrieved from /opt/airflow/dags/dag_consolidate.py
[2026-05-10T05:37:07.925+0000] {logging_mixin.py:188} INFO - [2026-05-10T05:37:07.924+0000] {dag.py:3089} INFO - Sync 1 DAGs
[2026-05-10T05:37:07.966+0000] {logging_mixin.py:188} INFO - [2026-05-10T05:37:07.966+0000] {dag.py:3947} INFO - Setting next_dagrun for dag_consolidate to 2026-05-10 00:00:00+00:00, run_after=2026-05-11 00:00:00+00:00
[2026-05-10T05:37:08.003+0000] {processor.py:183} INFO - Processing /opt/airflow/dags/dag_consolidate.py took 1.242 seconds
[2026-05-10T05:37:38.589+0000] {processor.py:161} INFO - Started process (PID=828) to work on /opt/airflow/dags/dag_consolidate.py
[2026-05-10T05:37:38.592+0000] {processor.py:830} INFO - Processing file /opt/airflow/dags/dag_consolidate.py for tasks to queue
[2026-05-10T05:37:38.596+0000] {logging_mixin.py:188} INFO - [2026-05-10T05:37:38.595+0000] {dagbag.py:545} INFO - Filling up the DagBag from /opt/airflow/dags/dag_consolidate.py
[2026-05-10T05:37:39.623+0000] {processor.py:840} INFO - DAG(s) 'dag_consolidate' retrieved from /opt/airflow/dags/dag_consolidate.py
[2026-05-10T05:37:39.776+0000] {logging_mixin.py:188} INFO - [2026-05-10T05:37:39.774+0000] {dag.py:3089} INFO - Sync 1 DAGs
[2026-05-10T05:37:39.892+0000] {logging_mixin.py:188} INFO - [2026-05-10T05:37:39.891+0000] {dag.py:3947} INFO - Setting next_dagrun for dag_consolidate to 2026-05-10 00:00:00+00:00, run_after=2026-05-11 00:00:00+00:00
[2026-05-10T05:37:39.983+0000] {processor.py:183} INFO - Processing /opt/airflow/dags/dag_consolidate.py took 1.412 seconds
[2026-05-10T05:38:10.703+0000] {processor.py:161} INFO - Started process (PID=846) to work on /opt/airflow/dags/dag_consolidate.py
[2026-05-10T05:38:10.709+0000] {processor.py:830} INFO - Processing file /opt/airflow/dags/dag_consolidate.py for tasks to queue
[2026-05-10T05:38:10.720+0000] {logging_mixin.py:188} INFO - [2026-05-10T05:38:10.718+0000] {dagbag.py:545} INFO - Filling up the DagBag from /opt/airflow/dags/dag_consolidate.py
[2026-05-10T05:38:11.944+0000] {processor.py:840} INFO - DAG(s) 'dag_consolidate' retrieved from /opt/airflow/dags/dag_consolidate.py
[2026-05-10T05:38:12.006+0000] {logging_mixin.py:188} INFO - [2026-05-10T05:38:12.005+0000] {dag.py:3089} INFO - Sync 1 DAGs
[2026-05-10T05:38:12.063+0000] {logging_mixin.py:188} INFO - [2026-05-10T05:38:12.062+0000] {dag.py:3947} INFO - Setting next_dagrun for dag_consolidate to 2026-05-10 00:00:00+00:00, run_after=2026-05-11 00:00:00+00:00
[2026-05-10T05:38:12.121+0000] {processor.py:183} INFO - Processing /opt/airflow/dags/dag_consolidate.py took 1.446 seconds
[2026-05-10T05:38:42.599+0000] {processor.py:161} INFO - Started process (PID=864) to work on /opt/airflow/dags/dag_consolidate.py
[2026-05-10T05:38:42.604+0000] {processor.py:830} INFO - Processing file /opt/airflow/dags/dag_consolidate.py for tasks to queue
[2026-05-10T05:38:42.615+0000] {logging_mixin.py:188} INFO - [2026-05-10T05:38:42.613+0000] {dagbag.py:545} INFO - Filling up the DagBag from /opt/airflow/dags/dag_consolidate.py
[2026-05-10T05:38:43.961+0000] {processor.py:840} INFO - DAG(s) 'dag_consolidate' retrieved from /opt/airflow/dags/dag_consolidate.py
[2026-05-10T05:38:44.031+0000] {logging_mixin.py:188} INFO - [2026-05-10T05:38:44.030+0000] {dag.py:3089} INFO - Sync 1 DAGs
[2026-05-10T05:38:44.095+0000] {logging_mixin.py:188} INFO - [2026-05-10T05:38:44.094+0000] {dag.py:3947} INFO - Setting next_dagrun for dag_consolidate to 2026-05-10 00:00:00+00:00, run_after=2026-05-11 00:00:00+00:00
[2026-05-10T05:38:44.144+0000] {processor.py:183} INFO - Processing /opt/airflow/dags/dag_consolidate.py took 1.588 seconds
[2026-05-10T05:39:15.041+0000] {processor.py:161} INFO - Started process (PID=882) to work on /opt/airflow/dags/dag_consolidate.py
[2026-05-10T05:39:15.046+0000] {processor.py:830} INFO - Processing file /opt/airflow/dags/dag_consolidate.py for tasks to queue
[2026-05-10T05:39:15.057+0000] {logging_mixin.py:188} INFO - [2026-05-10T05:39:15.055+0000] {dagbag.py:545} INFO - Filling up the DagBag from /opt/airflow/dags/dag_consolidate.py
[2026-05-10T05:39:16.829+0000] {processor.py:840} INFO - DAG(s) 'dag_consolidate' retrieved from /opt/airflow/dags/dag_consolidate.py
[2026-05-10T05:39:16.926+0000] {logging_mixin.py:188} INFO - [2026-05-10T05:39:16.925+0000] {dag.py:3089} INFO - Sync 1 DAGs
[2026-05-10T05:39:16.979+0000] {logging_mixin.py:188} INFO - [2026-05-10T05:39:16.979+0000] {dag.py:3947} INFO - Setting next_dagrun for dag_consolidate to 2026-05-10 00:00:00+00:00, run_after=2026-05-11 00:00:00+00:00
[2026-05-10T05:39:17.020+0000] {processor.py:183} INFO - Processing /opt/airflow/dags/dag_consolidate.py took 2.021 seconds
[2026-05-10T05:39:48.072+0000] {processor.py:161} INFO - Started process (PID=900) to work on /opt/airflow/dags/dag_consolidate.py
[2026-05-10T05:39:48.074+0000] {processor.py:830} INFO - Processing file /opt/airflow/dags/dag_consolidate.py for tasks to queue
[2026-05-10T05:39:48.080+0000] {logging_mixin.py:188} INFO - [2026-05-10T05:39:48.080+0000] {dagbag.py:545} INFO - Filling up the DagBag from /opt/airflow/dags/dag_consolidate.py
[2026-05-10T05:39:49.022+0000] {processor.py:840} INFO - DAG(s) 'dag_consolidate' retrieved from /opt/airflow/dags/dag_consolidate.py
[2026-05-10T05:39:49.107+0000] {logging_mixin.py:188} INFO - [2026-05-10T05:39:49.105+0000] {dag.py:3089} INFO - Sync 1 DAGs
[2026-05-10T05:39:49.180+0000] {logging_mixin.py:188} INFO - [2026-05-10T05:39:49.179+0000] {dag.py:3947} INFO - Setting next_dagrun for dag_consolidate to 2026-05-10 00:00:00+00:00, run_after=2026-05-11 00:00:00+00:00
[2026-05-10T05:39:49.239+0000] {processor.py:183} INFO - Processing /opt/airflow/dags/dag_consolidate.py took 1.189 seconds
[2026-05-10T05:40:20.102+0000] {processor.py:161} INFO - Started process (PID=918) to work on /opt/airflow/dags/dag_consolidate.py
[2026-05-10T05:40:20.107+0000] {processor.py:830} INFO - Processing file /opt/airflow/dags/dag_consolidate.py for tasks to queue
[2026-05-10T05:40:20.118+0000] {logging_mixin.py:188} INFO - [2026-05-10T05:40:20.117+0000] {dagbag.py:545} INFO - Filling up the DagBag from /opt/airflow/dags/dag_consolidate.py
[2026-05-10T05:40:21.554+0000] {processor.py:840} INFO - DAG(s) 'dag_consolidate' retrieved from /opt/airflow/dags/dag_consolidate.py
[2026-05-10T05:40:21.710+0000] {logging_mixin.py:188} INFO - [2026-05-10T05:40:21.709+0000] {dag.py:3089} INFO - Sync 1 DAGs
[2026-05-10T05:40:21.824+0000] {logging_mixin.py:188} INFO - [2026-05-10T05:40:21.823+0000] {dag.py:3947} INFO - Setting next_dagrun for dag_consolidate to 2026-05-10 00:00:00+00:00, run_after=2026-05-11 00:00:00+00:00
[2026-05-10T05:40:21.903+0000] {processor.py:183} INFO - Processing /opt/airflow/dags/dag_consolidate.py took 1.843 seconds
[2026-05-10T05:40:52.966+0000] {processor.py:161} INFO - Started process (PID=936) to work on /opt/airflow/dags/dag_consolidate.py
[2026-05-10T05:40:52.972+0000] {processor.py:830} INFO - Processing file /opt/airflow/dags/dag_consolidate.py for tasks to queue
[2026-05-10T05:40:52.985+0000] {logging_mixin.py:188} INFO - [2026-05-10T05:40:52.983+0000] {dagbag.py:545} INFO - Filling up the DagBag from /opt/airflow/dags/dag_consolidate.py
[2026-05-10T05:40:54.031+0000] {processor.py:840} INFO - DAG(s) 'dag_consolidate' retrieved from /opt/airflow/dags/dag_consolidate.py
[2026-05-10T05:40:54.115+0000] {logging_mixin.py:188} INFO - [2026-05-10T05:40:54.114+0000] {dag.py:3089} INFO - Sync 1 DAGs
[2026-05-10T05:40:54.181+0000] {logging_mixin.py:188} INFO - [2026-05-10T05:40:54.180+0000] {dag.py:3947} INFO - Setting next_dagrun for dag_consolidate to 2026-05-10 00:00:00+00:00, run_after=2026-05-11 00:00:00+00:00
[2026-05-10T05:40:54.237+0000] {processor.py:183} INFO - Processing /opt/airflow/dags/dag_consolidate.py took 1.320 seconds
[2026-05-10T05:41:25.500+0000] {processor.py:161} INFO - Started process (PID=954) to work on /opt/airflow/dags/dag_consolidate.py
[2026-05-10T05:41:25.908+0000] {processor.py:830} INFO - Processing file /opt/airflow/dags/dag_consolidate.py for tasks to queue
[2026-05-10T05:41:25.927+0000] {logging_mixin.py:188} INFO - [2026-05-10T05:41:25.924+0000] {dagbag.py:545} INFO - Filling up the DagBag from /opt/airflow/dags/dag_consolidate.py
[2026-05-10T05:41:27.351+0000] {processor.py:840} INFO - DAG(s) 'dag_consolidate' retrieved from /opt/airflow/dags/dag_consolidate.py
[2026-05-10T05:41:27.440+0000] {logging_mixin.py:188} INFO - [2026-05-10T05:41:27.439+0000] {dag.py:3089} INFO - Sync 1 DAGs
[2026-05-10T05:41:27.510+0000] {logging_mixin.py:188} INFO - [2026-05-10T05:41:27.509+0000] {dag.py:3947} INFO - Setting next_dagrun for dag_consolidate to 2026-05-10 00:00:00+00:00, run_after=2026-05-11 00:00:00+00:00
[2026-05-10T05:41:27.577+0000] {processor.py:183} INFO - Processing /opt/airflow/dags/dag_consolidate.py took 2.121 seconds
[2026-05-10T05:41:58.348+0000] {processor.py:161} INFO - Started process (PID=972) to work on /opt/airflow/dags/dag_consolidate.py
[2026-05-10T05:41:58.352+0000] {processor.py:830} INFO - Processing file /opt/airflow/dags/dag_consolidate.py for tasks to queue
[2026-05-10T05:41:58.359+0000] {logging_mixin.py:188} INFO - [2026-05-10T05:41:58.358+0000] {dagbag.py:545} INFO - Filling up the DagBag from /opt/airflow/dags/dag_consolidate.py
[2026-05-10T05:41:59.544+0000] {processor.py:840} INFO - DAG(s) 'dag_consolidate' retrieved from /opt/airflow/dags/dag_consolidate.py
[2026-05-10T05:41:59.663+0000] {logging_mixin.py:188} INFO - [2026-05-10T05:41:59.661+0000] {dag.py:3089} INFO - Sync 1 DAGs
[2026-05-10T05:41:59.762+0000] {logging_mixin.py:188} INFO - [2026-05-10T05:41:59.761+0000] {dag.py:3947} INFO - Setting next_dagrun for dag_consolidate to 2026-05-10 00:00:00+00:00, run_after=2026-05-11 00:00:00+00:00
[2026-05-10T05:41:59.845+0000] {processor.py:183} INFO - Processing /opt/airflow/dags/dag_consolidate.py took 1.541 seconds
[2026-05-10T05:42:30.556+0000] {processor.py:161} INFO - Started process (PID=990) to work on /opt/airflow/dags/dag_consolidate.py
[2026-05-10T05:42:30.559+0000] {processor.py:830} INFO - Processing file /opt/airflow/dags/dag_consolidate.py for tasks to queue
[2026-05-10T05:42:30.566+0000] {logging_mixin.py:188} INFO - [2026-05-10T05:42:30.564+0000] {dagbag.py:545} INFO - Filling up the DagBag from /opt/airflow/dags/dag_consolidate.py
[2026-05-10T05:42:31.606+0000] {processor.py:840} INFO - DAG(s) 'dag_consolidate' retrieved from /opt/airflow/dags/dag_consolidate.py
[2026-05-10T05:42:31.666+0000] {logging_mixin.py:188} INFO - [2026-05-10T05:42:31.665+0000] {dag.py:3089} INFO - Sync 1 DAGs
[2026-05-10T05:42:31.720+0000] {logging_mixin.py:188} INFO - [2026-05-10T05:42:31.720+0000] {dag.py:3947} INFO - Setting next_dagrun for dag_consolidate to 2026-05-10 00:00:00+00:00, run_after=2026-05-11 00:00:00+00:00
[2026-05-10T05:42:31.759+0000] {processor.py:183} INFO - Processing /opt/airflow/dags/dag_consolidate.py took 1.225 seconds
[2026-05-10T05:43:02.212+0000] {processor.py:161} INFO - Started process (PID=1008) to work on /opt/airflow/dags/dag_consolidate.py
[2026-05-10T05:43:02.219+0000] {processor.py:830} INFO - Processing file /opt/airflow/dags/dag_consolidate.py for tasks to queue
[2026-05-10T05:43:02.234+0000] {logging_mixin.py:188} INFO - [2026-05-10T05:43:02.229+0000] {dagbag.py:545} INFO - Filling up the DagBag from /opt/airflow/dags/dag_consolidate.py
[2026-05-10T05:43:03.262+0000] {processor.py:840} INFO - DAG(s) 'dag_consolidate' retrieved from /opt/airflow/dags/dag_consolidate.py
[2026-05-10T05:43:03.358+0000] {logging_mixin.py:188} INFO - [2026-05-10T05:43:03.357+0000] {dag.py:3089} INFO - Sync 1 DAGs
[2026-05-10T05:43:03.410+0000] {logging_mixin.py:188} INFO - [2026-05-10T05:43:03.410+0000] {dag.py:3947} INFO - Setting next_dagrun for dag_consolidate to 2026-05-10 00:00:00+00:00, run_after=2026-05-11 00:00:00+00:00
[2026-05-10T05:43:03.447+0000] {processor.py:183} INFO - Processing /opt/airflow/dags/dag_consolidate.py took 1.269 seconds
