[2026-05-11T02:42:31.837+0000] {processor.py:161} INFO - Started process (PID=163) to work on /opt/airflow/dags/dag_consolidate.py
[2026-05-11T02:42:31.852+0000] {processor.py:830} INFO - Processing file /opt/airflow/dags/dag_consolidate.py for tasks to queue
[2026-05-11T02:42:31.873+0000] {logging_mixin.py:188} INFO - [2026-05-11T02:42:31.871+0000] {dagbag.py:545} INFO - Filling up the DagBag from /opt/airflow/dags/dag_consolidate.py
[2026-05-11T02:42:35.883+0000] {processor.py:840} INFO - DAG(s) 'dag_consolidate' retrieved from /opt/airflow/dags/dag_consolidate.py
[2026-05-11T02:42:36.465+0000] {logging_mixin.py:188} INFO - [2026-05-11T02:42:36.464+0000] {dag.py:3089} INFO - Sync 1 DAGs
[2026-05-11T02:42:36.532+0000] {logging_mixin.py:188} INFO - [2026-05-11T02:42:36.531+0000] {dag.py:3947} INFO - Setting next_dagrun for dag_consolidate to 2026-05-11 00:00:00+00:00, run_after=2026-05-12 00:00:00+00:00
[2026-05-11T02:42:36.599+0000] {processor.py:183} INFO - Processing /opt/airflow/dags/dag_consolidate.py took 4.794 seconds
[2026-05-11T02:43:07.695+0000] {processor.py:161} INFO - Started process (PID=191) to work on /opt/airflow/dags/dag_consolidate.py
[2026-05-11T02:43:07.698+0000] {processor.py:830} INFO - Processing file /opt/airflow/dags/dag_consolidate.py for tasks to queue
[2026-05-11T02:43:07.705+0000] {logging_mixin.py:188} INFO - [2026-05-11T02:43:07.703+0000] {dagbag.py:545} INFO - Filling up the DagBag from /opt/airflow/dags/dag_consolidate.py
[2026-05-11T02:43:09.237+0000] {processor.py:840} INFO - DAG(s) 'dag_consolidate' retrieved from /opt/airflow/dags/dag_consolidate.py
[2026-05-11T02:43:09.301+0000] {logging_mixin.py:188} INFO - [2026-05-11T02:43:09.300+0000] {dag.py:3089} INFO - Sync 1 DAGs
[2026-05-11T02:43:09.364+0000] {logging_mixin.py:188} INFO - [2026-05-11T02:43:09.364+0000] {dag.py:3947} INFO - Setting next_dagrun for dag_consolidate to 2026-05-11 00:00:00+00:00, run_after=2026-05-12 00:00:00+00:00
[2026-05-11T02:43:09.437+0000] {processor.py:183} INFO - Processing /opt/airflow/dags/dag_consolidate.py took 1.764 seconds
[2026-05-11T02:43:39.734+0000] {processor.py:161} INFO - Started process (PID=209) to work on /opt/airflow/dags/dag_consolidate.py
[2026-05-11T02:43:39.746+0000] {processor.py:830} INFO - Processing file /opt/airflow/dags/dag_consolidate.py for tasks to queue
[2026-05-11T02:43:39.761+0000] {logging_mixin.py:188} INFO - [2026-05-11T02:43:39.759+0000] {dagbag.py:545} INFO - Filling up the DagBag from /opt/airflow/dags/dag_consolidate.py
[2026-05-11T02:43:41.728+0000] {processor.py:840} INFO - DAG(s) 'dag_consolidate' retrieved from /opt/airflow/dags/dag_consolidate.py
[2026-05-11T02:43:41.791+0000] {logging_mixin.py:188} INFO - [2026-05-11T02:43:41.791+0000] {dag.py:3089} INFO - Sync 1 DAGs
[2026-05-11T02:43:41.842+0000] {logging_mixin.py:188} INFO - [2026-05-11T02:43:41.841+0000] {dag.py:3947} INFO - Setting next_dagrun for dag_consolidate to 2026-05-11 00:00:00+00:00, run_after=2026-05-12 00:00:00+00:00
[2026-05-11T02:43:41.880+0000] {processor.py:183} INFO - Processing /opt/airflow/dags/dag_consolidate.py took 2.186 seconds
[2026-05-11T02:44:12.599+0000] {processor.py:161} INFO - Started process (PID=227) to work on /opt/airflow/dags/dag_consolidate.py
[2026-05-11T02:44:12.604+0000] {processor.py:830} INFO - Processing file /opt/airflow/dags/dag_consolidate.py for tasks to queue
[2026-05-11T02:44:12.613+0000] {logging_mixin.py:188} INFO - [2026-05-11T02:44:12.613+0000] {dagbag.py:545} INFO - Filling up the DagBag from /opt/airflow/dags/dag_consolidate.py
[2026-05-11T02:44:13.951+0000] {processor.py:840} INFO - DAG(s) 'dag_consolidate' retrieved from /opt/airflow/dags/dag_consolidate.py
[2026-05-11T02:44:14.031+0000] {logging_mixin.py:188} INFO - [2026-05-11T02:44:14.030+0000] {dag.py:3089} INFO - Sync 1 DAGs
[2026-05-11T02:44:14.097+0000] {logging_mixin.py:188} INFO - [2026-05-11T02:44:14.096+0000] {dag.py:3947} INFO - Setting next_dagrun for dag_consolidate to 2026-05-11 00:00:00+00:00, run_after=2026-05-12 00:00:00+00:00
[2026-05-11T02:44:14.155+0000] {processor.py:183} INFO - Processing /opt/airflow/dags/dag_consolidate.py took 1.595 seconds
[2026-05-11T02:44:44.594+0000] {processor.py:161} INFO - Started process (PID=245) to work on /opt/airflow/dags/dag_consolidate.py
[2026-05-11T02:44:44.601+0000] {processor.py:830} INFO - Processing file /opt/airflow/dags/dag_consolidate.py for tasks to queue
[2026-05-11T02:44:44.611+0000] {logging_mixin.py:188} INFO - [2026-05-11T02:44:44.610+0000] {dagbag.py:545} INFO - Filling up the DagBag from /opt/airflow/dags/dag_consolidate.py
[2026-05-11T02:44:45.957+0000] {processor.py:840} INFO - DAG(s) 'dag_consolidate' retrieved from /opt/airflow/dags/dag_consolidate.py
[2026-05-11T02:44:46.042+0000] {logging_mixin.py:188} INFO - [2026-05-11T02:44:46.041+0000] {dag.py:3089} INFO - Sync 1 DAGs
[2026-05-11T02:44:46.107+0000] {logging_mixin.py:188} INFO - [2026-05-11T02:44:46.106+0000] {dag.py:3947} INFO - Setting next_dagrun for dag_consolidate to 2026-05-11 00:00:00+00:00, run_after=2026-05-12 00:00:00+00:00
[2026-05-11T02:44:46.155+0000] {processor.py:183} INFO - Processing /opt/airflow/dags/dag_consolidate.py took 1.652 seconds
[2026-05-11T02:45:16.341+0000] {processor.py:161} INFO - Started process (PID=263) to work on /opt/airflow/dags/dag_consolidate.py
[2026-05-11T02:45:16.344+0000] {processor.py:830} INFO - Processing file /opt/airflow/dags/dag_consolidate.py for tasks to queue
[2026-05-11T02:45:16.348+0000] {logging_mixin.py:188} INFO - [2026-05-11T02:45:16.347+0000] {dagbag.py:545} INFO - Filling up the DagBag from /opt/airflow/dags/dag_consolidate.py
[2026-05-11T02:45:17.530+0000] {processor.py:840} INFO - DAG(s) 'dag_consolidate' retrieved from /opt/airflow/dags/dag_consolidate.py
[2026-05-11T02:45:17.582+0000] {logging_mixin.py:188} INFO - [2026-05-11T02:45:17.581+0000] {dag.py:3089} INFO - Sync 1 DAGs
[2026-05-11T02:45:17.617+0000] {logging_mixin.py:188} INFO - [2026-05-11T02:45:17.617+0000] {dag.py:3947} INFO - Setting next_dagrun for dag_consolidate to 2026-05-11 00:00:00+00:00, run_after=2026-05-12 00:00:00+00:00
[2026-05-11T02:45:17.651+0000] {processor.py:183} INFO - Processing /opt/airflow/dags/dag_consolidate.py took 1.326 seconds
[2026-05-11T02:45:48.256+0000] {processor.py:161} INFO - Started process (PID=281) to work on /opt/airflow/dags/dag_consolidate.py
[2026-05-11T02:45:48.258+0000] {processor.py:830} INFO - Processing file /opt/airflow/dags/dag_consolidate.py for tasks to queue
[2026-05-11T02:45:48.263+0000] {logging_mixin.py:188} INFO - [2026-05-11T02:45:48.262+0000] {dagbag.py:545} INFO - Filling up the DagBag from /opt/airflow/dags/dag_consolidate.py
[2026-05-11T02:45:49.683+0000] {processor.py:840} INFO - DAG(s) 'dag_consolidate' retrieved from /opt/airflow/dags/dag_consolidate.py
[2026-05-11T02:45:49.735+0000] {logging_mixin.py:188} INFO - [2026-05-11T02:45:49.734+0000] {dag.py:3089} INFO - Sync 1 DAGs
[2026-05-11T02:45:49.781+0000] {logging_mixin.py:188} INFO - [2026-05-11T02:45:49.781+0000] {dag.py:3947} INFO - Setting next_dagrun for dag_consolidate to 2026-05-11 00:00:00+00:00, run_after=2026-05-12 00:00:00+00:00
[2026-05-11T02:45:49.825+0000] {processor.py:183} INFO - Processing /opt/airflow/dags/dag_consolidate.py took 1.582 seconds
[2026-05-11T02:46:20.237+0000] {processor.py:161} INFO - Started process (PID=299) to work on /opt/airflow/dags/dag_consolidate.py
[2026-05-11T02:46:20.244+0000] {processor.py:830} INFO - Processing file /opt/airflow/dags/dag_consolidate.py for tasks to queue
[2026-05-11T02:46:20.256+0000] {logging_mixin.py:188} INFO - [2026-05-11T02:46:20.253+0000] {dagbag.py:545} INFO - Filling up the DagBag from /opt/airflow/dags/dag_consolidate.py
[2026-05-11T02:46:22.442+0000] {processor.py:840} INFO - DAG(s) 'dag_consolidate' retrieved from /opt/airflow/dags/dag_consolidate.py
[2026-05-11T02:46:22.513+0000] {logging_mixin.py:188} INFO - [2026-05-11T02:46:22.512+0000] {dag.py:3089} INFO - Sync 1 DAGs
[2026-05-11T02:46:22.555+0000] {logging_mixin.py:188} INFO - [2026-05-11T02:46:22.554+0000] {dag.py:3947} INFO - Setting next_dagrun for dag_consolidate to 2026-05-11 00:00:00+00:00, run_after=2026-05-12 00:00:00+00:00
[2026-05-11T02:46:22.596+0000] {processor.py:183} INFO - Processing /opt/airflow/dags/dag_consolidate.py took 2.394 seconds
[2026-05-11T02:46:53.073+0000] {processor.py:161} INFO - Started process (PID=317) to work on /opt/airflow/dags/dag_consolidate.py
[2026-05-11T02:46:53.076+0000] {processor.py:830} INFO - Processing file /opt/airflow/dags/dag_consolidate.py for tasks to queue
[2026-05-11T02:46:53.082+0000] {logging_mixin.py:188} INFO - [2026-05-11T02:46:53.081+0000] {dagbag.py:545} INFO - Filling up the DagBag from /opt/airflow/dags/dag_consolidate.py
[2026-05-11T02:46:54.750+0000] {processor.py:840} INFO - DAG(s) 'dag_consolidate' retrieved from /opt/airflow/dags/dag_consolidate.py
[2026-05-11T02:46:54.813+0000] {logging_mixin.py:188} INFO - [2026-05-11T02:46:54.812+0000] {dag.py:3089} INFO - Sync 1 DAGs
[2026-05-11T02:46:54.862+0000] {logging_mixin.py:188} INFO - [2026-05-11T02:46:54.861+0000] {dag.py:3947} INFO - Setting next_dagrun for dag_consolidate to 2026-05-11 00:00:00+00:00, run_after=2026-05-12 00:00:00+00:00
[2026-05-11T02:46:54.909+0000] {processor.py:183} INFO - Processing /opt/airflow/dags/dag_consolidate.py took 1.852 seconds
[2026-05-11T02:47:26.121+0000] {processor.py:161} INFO - Started process (PID=335) to work on /opt/airflow/dags/dag_consolidate.py
[2026-05-11T02:47:26.126+0000] {processor.py:830} INFO - Processing file /opt/airflow/dags/dag_consolidate.py for tasks to queue
[2026-05-11T02:47:26.136+0000] {logging_mixin.py:188} INFO - [2026-05-11T02:47:26.135+0000] {dagbag.py:545} INFO - Filling up the DagBag from /opt/airflow/dags/dag_consolidate.py
[2026-05-11T02:47:27.794+0000] {processor.py:840} INFO - DAG(s) 'dag_consolidate' retrieved from /opt/airflow/dags/dag_consolidate.py
[2026-05-11T02:47:27.864+0000] {logging_mixin.py:188} INFO - [2026-05-11T02:47:27.862+0000] {dag.py:3089} INFO - Sync 1 DAGs
[2026-05-11T02:47:27.911+0000] {logging_mixin.py:188} INFO - [2026-05-11T02:47:27.911+0000] {dag.py:3947} INFO - Setting next_dagrun for dag_consolidate to 2026-05-11 00:00:00+00:00, run_after=2026-05-12 00:00:00+00:00
[2026-05-11T02:47:27.959+0000] {processor.py:183} INFO - Processing /opt/airflow/dags/dag_consolidate.py took 1.868 seconds
[2026-05-11T02:47:58.620+0000] {processor.py:161} INFO - Started process (PID=353) to work on /opt/airflow/dags/dag_consolidate.py
[2026-05-11T02:47:58.622+0000] {processor.py:830} INFO - Processing file /opt/airflow/dags/dag_consolidate.py for tasks to queue
[2026-05-11T02:47:58.629+0000] {logging_mixin.py:188} INFO - [2026-05-11T02:47:58.628+0000] {dagbag.py:545} INFO - Filling up the DagBag from /opt/airflow/dags/dag_consolidate.py
[2026-05-11T02:48:01.591+0000] {processor.py:840} INFO - DAG(s) 'dag_consolidate' retrieved from /opt/airflow/dags/dag_consolidate.py
[2026-05-11T02:48:01.785+0000] {logging_mixin.py:188} INFO - [2026-05-11T02:48:01.784+0000] {dag.py:3089} INFO - Sync 1 DAGs
[2026-05-11T02:48:01.902+0000] {logging_mixin.py:188} INFO - [2026-05-11T02:48:01.902+0000] {dag.py:3947} INFO - Setting next_dagrun for dag_consolidate to 2026-05-11 00:00:00+00:00, run_after=2026-05-12 00:00:00+00:00
[2026-05-11T02:48:02.019+0000] {processor.py:183} INFO - Processing /opt/airflow/dags/dag_consolidate.py took 3.416 seconds
[2026-05-11T02:48:32.375+0000] {processor.py:161} INFO - Started process (PID=371) to work on /opt/airflow/dags/dag_consolidate.py
[2026-05-11T02:48:32.378+0000] {processor.py:830} INFO - Processing file /opt/airflow/dags/dag_consolidate.py for tasks to queue
[2026-05-11T02:48:32.385+0000] {logging_mixin.py:188} INFO - [2026-05-11T02:48:32.384+0000] {dagbag.py:545} INFO - Filling up the DagBag from /opt/airflow/dags/dag_consolidate.py
[2026-05-11T02:48:33.682+0000] {processor.py:840} INFO - DAG(s) 'dag_consolidate' retrieved from /opt/airflow/dags/dag_consolidate.py
[2026-05-11T02:48:33.823+0000] {logging_mixin.py:188} INFO - [2026-05-11T02:48:33.820+0000] {dag.py:3089} INFO - Sync 1 DAGs
[2026-05-11T02:48:33.897+0000] {logging_mixin.py:188} INFO - [2026-05-11T02:48:33.896+0000] {dag.py:3947} INFO - Setting next_dagrun for dag_consolidate to 2026-05-11 00:00:00+00:00, run_after=2026-05-12 00:00:00+00:00
[2026-05-11T02:48:33.985+0000] {processor.py:183} INFO - Processing /opt/airflow/dags/dag_consolidate.py took 1.627 seconds
[2026-05-11T02:49:04.775+0000] {processor.py:161} INFO - Started process (PID=389) to work on /opt/airflow/dags/dag_consolidate.py
[2026-05-11T02:49:04.778+0000] {processor.py:830} INFO - Processing file /opt/airflow/dags/dag_consolidate.py for tasks to queue
[2026-05-11T02:49:04.784+0000] {logging_mixin.py:188} INFO - [2026-05-11T02:49:04.782+0000] {dagbag.py:545} INFO - Filling up the DagBag from /opt/airflow/dags/dag_consolidate.py
[2026-05-11T02:49:06.322+0000] {processor.py:840} INFO - DAG(s) 'dag_consolidate' retrieved from /opt/airflow/dags/dag_consolidate.py
[2026-05-11T02:49:06.376+0000] {logging_mixin.py:188} INFO - [2026-05-11T02:49:06.375+0000] {dag.py:3089} INFO - Sync 1 DAGs
[2026-05-11T02:49:06.430+0000] {logging_mixin.py:188} INFO - [2026-05-11T02:49:06.429+0000] {dag.py:3947} INFO - Setting next_dagrun for dag_consolidate to 2026-05-11 00:00:00+00:00, run_after=2026-05-12 00:00:00+00:00
[2026-05-11T02:49:06.468+0000] {processor.py:183} INFO - Processing /opt/airflow/dags/dag_consolidate.py took 1.712 seconds
[2026-05-11T02:49:36.722+0000] {processor.py:161} INFO - Started process (PID=407) to work on /opt/airflow/dags/dag_consolidate.py
[2026-05-11T02:49:36.726+0000] {processor.py:830} INFO - Processing file /opt/airflow/dags/dag_consolidate.py for tasks to queue
[2026-05-11T02:49:36.737+0000] {logging_mixin.py:188} INFO - [2026-05-11T02:49:36.735+0000] {dagbag.py:545} INFO - Filling up the DagBag from /opt/airflow/dags/dag_consolidate.py
[2026-05-11T02:49:38.417+0000] {processor.py:840} INFO - DAG(s) 'dag_consolidate' retrieved from /opt/airflow/dags/dag_consolidate.py
[2026-05-11T02:49:38.474+0000] {logging_mixin.py:188} INFO - [2026-05-11T02:49:38.473+0000] {dag.py:3089} INFO - Sync 1 DAGs
[2026-05-11T02:49:38.520+0000] {logging_mixin.py:188} INFO - [2026-05-11T02:49:38.519+0000] {dag.py:3947} INFO - Setting next_dagrun for dag_consolidate to 2026-05-11 00:00:00+00:00, run_after=2026-05-12 00:00:00+00:00
[2026-05-11T02:49:38.554+0000] {processor.py:183} INFO - Processing /opt/airflow/dags/dag_consolidate.py took 1.864 seconds
[2026-05-11T02:50:08.808+0000] {processor.py:161} INFO - Started process (PID=425) to work on /opt/airflow/dags/dag_consolidate.py
[2026-05-11T02:50:08.810+0000] {processor.py:830} INFO - Processing file /opt/airflow/dags/dag_consolidate.py for tasks to queue
[2026-05-11T02:50:08.815+0000] {logging_mixin.py:188} INFO - [2026-05-11T02:50:08.815+0000] {dagbag.py:545} INFO - Filling up the DagBag from /opt/airflow/dags/dag_consolidate.py
[2026-05-11T02:50:09.793+0000] {processor.py:840} INFO - DAG(s) 'dag_consolidate' retrieved from /opt/airflow/dags/dag_consolidate.py
[2026-05-11T02:50:09.859+0000] {logging_mixin.py:188} INFO - [2026-05-11T02:50:09.858+0000] {dag.py:3089} INFO - Sync 1 DAGs
[2026-05-11T02:50:09.910+0000] {logging_mixin.py:188} INFO - [2026-05-11T02:50:09.909+0000] {dag.py:3947} INFO - Setting next_dagrun for dag_consolidate to 2026-05-11 00:00:00+00:00, run_after=2026-05-12 00:00:00+00:00
[2026-05-11T02:50:09.958+0000] {processor.py:183} INFO - Processing /opt/airflow/dags/dag_consolidate.py took 1.161 seconds
[2026-05-11T02:50:40.465+0000] {processor.py:161} INFO - Started process (PID=443) to work on /opt/airflow/dags/dag_consolidate.py
[2026-05-11T02:50:40.469+0000] {processor.py:830} INFO - Processing file /opt/airflow/dags/dag_consolidate.py for tasks to queue
[2026-05-11T02:50:40.479+0000] {logging_mixin.py:188} INFO - [2026-05-11T02:50:40.478+0000] {dagbag.py:545} INFO - Filling up the DagBag from /opt/airflow/dags/dag_consolidate.py
[2026-05-11T02:50:41.882+0000] {processor.py:840} INFO - DAG(s) 'dag_consolidate' retrieved from /opt/airflow/dags/dag_consolidate.py
[2026-05-11T02:50:42.003+0000] {logging_mixin.py:188} INFO - [2026-05-11T02:50:42.002+0000] {dag.py:3089} INFO - Sync 1 DAGs
[2026-05-11T02:50:42.129+0000] {logging_mixin.py:188} INFO - [2026-05-11T02:50:42.129+0000] {dag.py:3947} INFO - Setting next_dagrun for dag_consolidate to 2026-05-11 00:00:00+00:00, run_after=2026-05-12 00:00:00+00:00
[2026-05-11T02:50:42.218+0000] {processor.py:183} INFO - Processing /opt/airflow/dags/dag_consolidate.py took 1.781 seconds
[2026-05-11T02:51:12.645+0000] {processor.py:161} INFO - Started process (PID=461) to work on /opt/airflow/dags/dag_consolidate.py
[2026-05-11T02:51:12.648+0000] {processor.py:830} INFO - Processing file /opt/airflow/dags/dag_consolidate.py for tasks to queue
[2026-05-11T02:51:12.653+0000] {logging_mixin.py:188} INFO - [2026-05-11T02:51:12.652+0000] {dagbag.py:545} INFO - Filling up the DagBag from /opt/airflow/dags/dag_consolidate.py
[2026-05-11T02:51:13.859+0000] {processor.py:840} INFO - DAG(s) 'dag_consolidate' retrieved from /opt/airflow/dags/dag_consolidate.py
[2026-05-11T02:51:13.913+0000] {logging_mixin.py:188} INFO - [2026-05-11T02:51:13.913+0000] {dag.py:3089} INFO - Sync 1 DAGs
[2026-05-11T02:51:13.984+0000] {logging_mixin.py:188} INFO - [2026-05-11T02:51:13.984+0000] {dag.py:3947} INFO - Setting next_dagrun for dag_consolidate to 2026-05-11 00:00:00+00:00, run_after=2026-05-12 00:00:00+00:00
[2026-05-11T02:51:14.056+0000] {processor.py:183} INFO - Processing /opt/airflow/dags/dag_consolidate.py took 1.432 seconds
[2026-05-11T02:51:44.500+0000] {processor.py:161} INFO - Started process (PID=479) to work on /opt/airflow/dags/dag_consolidate.py
[2026-05-11T02:51:44.504+0000] {processor.py:830} INFO - Processing file /opt/airflow/dags/dag_consolidate.py for tasks to queue
[2026-05-11T02:51:44.513+0000] {logging_mixin.py:188} INFO - [2026-05-11T02:51:44.511+0000] {dagbag.py:545} INFO - Filling up the DagBag from /opt/airflow/dags/dag_consolidate.py
[2026-05-11T02:51:45.794+0000] {processor.py:840} INFO - DAG(s) 'dag_consolidate' retrieved from /opt/airflow/dags/dag_consolidate.py
[2026-05-11T02:51:45.883+0000] {logging_mixin.py:188} INFO - [2026-05-11T02:51:45.882+0000] {dag.py:3089} INFO - Sync 1 DAGs
[2026-05-11T02:51:45.970+0000] {logging_mixin.py:188} INFO - [2026-05-11T02:51:45.969+0000] {dag.py:3947} INFO - Setting next_dagrun for dag_consolidate to 2026-05-11 00:00:00+00:00, run_after=2026-05-12 00:00:00+00:00
[2026-05-11T02:51:46.028+0000] {processor.py:183} INFO - Processing /opt/airflow/dags/dag_consolidate.py took 1.564 seconds
[2026-05-11T02:52:16.285+0000] {processor.py:161} INFO - Started process (PID=497) to work on /opt/airflow/dags/dag_consolidate.py
[2026-05-11T02:52:16.292+0000] {processor.py:830} INFO - Processing file /opt/airflow/dags/dag_consolidate.py for tasks to queue
[2026-05-11T02:52:16.303+0000] {logging_mixin.py:188} INFO - [2026-05-11T02:52:16.302+0000] {dagbag.py:545} INFO - Filling up the DagBag from /opt/airflow/dags/dag_consolidate.py
[2026-05-11T02:52:17.725+0000] {processor.py:840} INFO - DAG(s) 'dag_consolidate' retrieved from /opt/airflow/dags/dag_consolidate.py
[2026-05-11T02:52:17.831+0000] {logging_mixin.py:188} INFO - [2026-05-11T02:52:17.829+0000] {dag.py:3089} INFO - Sync 1 DAGs
[2026-05-11T02:52:17.919+0000] {logging_mixin.py:188} INFO - [2026-05-11T02:52:17.918+0000] {dag.py:3947} INFO - Setting next_dagrun for dag_consolidate to 2026-05-11 00:00:00+00:00, run_after=2026-05-12 00:00:00+00:00
[2026-05-11T02:52:17.987+0000] {processor.py:183} INFO - Processing /opt/airflow/dags/dag_consolidate.py took 1.750 seconds
[2026-05-11T02:52:48.718+0000] {processor.py:161} INFO - Started process (PID=515) to work on /opt/airflow/dags/dag_consolidate.py
[2026-05-11T02:52:48.723+0000] {processor.py:830} INFO - Processing file /opt/airflow/dags/dag_consolidate.py for tasks to queue
[2026-05-11T02:52:48.730+0000] {logging_mixin.py:188} INFO - [2026-05-11T02:52:48.729+0000] {dagbag.py:545} INFO - Filling up the DagBag from /opt/airflow/dags/dag_consolidate.py
[2026-05-11T02:52:50.074+0000] {processor.py:840} INFO - DAG(s) 'dag_consolidate' retrieved from /opt/airflow/dags/dag_consolidate.py
[2026-05-11T02:52:50.129+0000] {logging_mixin.py:188} INFO - [2026-05-11T02:52:50.128+0000] {dag.py:3089} INFO - Sync 1 DAGs
[2026-05-11T02:52:50.171+0000] {logging_mixin.py:188} INFO - [2026-05-11T02:52:50.171+0000] {dag.py:3947} INFO - Setting next_dagrun for dag_consolidate to 2026-05-11 00:00:00+00:00, run_after=2026-05-12 00:00:00+00:00
[2026-05-11T02:52:50.204+0000] {processor.py:183} INFO - Processing /opt/airflow/dags/dag_consolidate.py took 1.510 seconds
[2026-05-11T02:53:20.410+0000] {processor.py:161} INFO - Started process (PID=533) to work on /opt/airflow/dags/dag_consolidate.py
[2026-05-11T02:53:20.415+0000] {processor.py:830} INFO - Processing file /opt/airflow/dags/dag_consolidate.py for tasks to queue
[2026-05-11T02:53:20.423+0000] {logging_mixin.py:188} INFO - [2026-05-11T02:53:20.422+0000] {dagbag.py:545} INFO - Filling up the DagBag from /opt/airflow/dags/dag_consolidate.py
[2026-05-11T02:53:21.555+0000] {processor.py:840} INFO - DAG(s) 'dag_consolidate' retrieved from /opt/airflow/dags/dag_consolidate.py
[2026-05-11T02:53:21.627+0000] {logging_mixin.py:188} INFO - [2026-05-11T02:53:21.627+0000] {dag.py:3089} INFO - Sync 1 DAGs
[2026-05-11T02:53:21.667+0000] {logging_mixin.py:188} INFO - [2026-05-11T02:53:21.667+0000] {dag.py:3947} INFO - Setting next_dagrun for dag_consolidate to 2026-05-11 00:00:00+00:00, run_after=2026-05-12 00:00:00+00:00
[2026-05-11T02:53:21.694+0000] {processor.py:183} INFO - Processing /opt/airflow/dags/dag_consolidate.py took 1.312 seconds
[2026-05-11T02:53:51.804+0000] {processor.py:161} INFO - Started process (PID=551) to work on /opt/airflow/dags/dag_consolidate.py
[2026-05-11T02:53:51.806+0000] {processor.py:830} INFO - Processing file /opt/airflow/dags/dag_consolidate.py for tasks to queue
[2026-05-11T02:53:51.809+0000] {logging_mixin.py:188} INFO - [2026-05-11T02:53:51.808+0000] {dagbag.py:545} INFO - Filling up the DagBag from /opt/airflow/dags/dag_consolidate.py
[2026-05-11T02:53:52.731+0000] {processor.py:840} INFO - DAG(s) 'dag_consolidate' retrieved from /opt/airflow/dags/dag_consolidate.py
[2026-05-11T02:53:52.776+0000] {logging_mixin.py:188} INFO - [2026-05-11T02:53:52.776+0000] {dag.py:3089} INFO - Sync 1 DAGs
[2026-05-11T02:53:52.812+0000] {logging_mixin.py:188} INFO - [2026-05-11T02:53:52.812+0000] {dag.py:3947} INFO - Setting next_dagrun for dag_consolidate to 2026-05-11 00:00:00+00:00, run_after=2026-05-12 00:00:00+00:00
[2026-05-11T02:53:52.841+0000] {processor.py:183} INFO - Processing /opt/airflow/dags/dag_consolidate.py took 1.046 seconds
[2026-05-11T02:54:23.082+0000] {processor.py:161} INFO - Started process (PID=569) to work on /opt/airflow/dags/dag_consolidate.py
[2026-05-11T02:54:23.086+0000] {processor.py:830} INFO - Processing file /opt/airflow/dags/dag_consolidate.py for tasks to queue
[2026-05-11T02:54:23.096+0000] {logging_mixin.py:188} INFO - [2026-05-11T02:54:23.095+0000] {dagbag.py:545} INFO - Filling up the DagBag from /opt/airflow/dags/dag_consolidate.py
[2026-05-11T02:54:24.298+0000] {processor.py:840} INFO - DAG(s) 'dag_consolidate' retrieved from /opt/airflow/dags/dag_consolidate.py
[2026-05-11T02:54:24.699+0000] {logging_mixin.py:188} INFO - [2026-05-11T02:54:24.697+0000] {dag.py:3089} INFO - Sync 1 DAGs
[2026-05-11T02:54:24.803+0000] {logging_mixin.py:188} INFO - [2026-05-11T02:54:24.803+0000] {dag.py:3947} INFO - Setting next_dagrun for dag_consolidate to 2026-05-11 00:00:00+00:00, run_after=2026-05-12 00:00:00+00:00
[2026-05-11T02:54:25.133+0000] {processor.py:183} INFO - Processing /opt/airflow/dags/dag_consolidate.py took 2.081 seconds
[2026-05-11T02:54:55.541+0000] {processor.py:161} INFO - Started process (PID=587) to work on /opt/airflow/dags/dag_consolidate.py
[2026-05-11T02:54:55.545+0000] {processor.py:830} INFO - Processing file /opt/airflow/dags/dag_consolidate.py for tasks to queue
[2026-05-11T02:54:55.554+0000] {logging_mixin.py:188} INFO - [2026-05-11T02:54:55.553+0000] {dagbag.py:545} INFO - Filling up the DagBag from /opt/airflow/dags/dag_consolidate.py
[2026-05-11T02:54:56.663+0000] {processor.py:840} INFO - DAG(s) 'dag_consolidate' retrieved from /opt/airflow/dags/dag_consolidate.py
[2026-05-11T02:54:56.713+0000] {logging_mixin.py:188} INFO - [2026-05-11T02:54:56.712+0000] {dag.py:3089} INFO - Sync 1 DAGs
[2026-05-11T02:54:56.759+0000] {logging_mixin.py:188} INFO - [2026-05-11T02:54:56.759+0000] {dag.py:3947} INFO - Setting next_dagrun for dag_consolidate to 2026-05-11 00:00:00+00:00, run_after=2026-05-12 00:00:00+00:00
[2026-05-11T02:54:56.802+0000] {processor.py:183} INFO - Processing /opt/airflow/dags/dag_consolidate.py took 1.282 seconds
[2026-05-11T02:55:27.230+0000] {processor.py:161} INFO - Started process (PID=605) to work on /opt/airflow/dags/dag_consolidate.py
[2026-05-11T02:55:27.242+0000] {processor.py:830} INFO - Processing file /opt/airflow/dags/dag_consolidate.py for tasks to queue
[2026-05-11T02:55:27.259+0000] {logging_mixin.py:188} INFO - [2026-05-11T02:55:27.256+0000] {dagbag.py:545} INFO - Filling up the DagBag from /opt/airflow/dags/dag_consolidate.py
[2026-05-11T02:55:28.606+0000] {processor.py:840} INFO - DAG(s) 'dag_consolidate' retrieved from /opt/airflow/dags/dag_consolidate.py
[2026-05-11T02:55:28.675+0000] {logging_mixin.py:188} INFO - [2026-05-11T02:55:28.674+0000] {dag.py:3089} INFO - Sync 1 DAGs
[2026-05-11T02:55:28.710+0000] {logging_mixin.py:188} INFO - [2026-05-11T02:55:28.710+0000] {dag.py:3947} INFO - Setting next_dagrun for dag_consolidate to 2026-05-11 00:00:00+00:00, run_after=2026-05-12 00:00:00+00:00
[2026-05-11T02:55:28.745+0000] {processor.py:183} INFO - Processing /opt/airflow/dags/dag_consolidate.py took 1.632 seconds
[2026-05-11T02:55:59.129+0000] {processor.py:161} INFO - Started process (PID=623) to work on /opt/airflow/dags/dag_consolidate.py
[2026-05-11T02:55:59.132+0000] {processor.py:830} INFO - Processing file /opt/airflow/dags/dag_consolidate.py for tasks to queue
[2026-05-11T02:55:59.138+0000] {logging_mixin.py:188} INFO - [2026-05-11T02:55:59.137+0000] {dagbag.py:545} INFO - Filling up the DagBag from /opt/airflow/dags/dag_consolidate.py
[2026-05-11T02:56:00.339+0000] {processor.py:840} INFO - DAG(s) 'dag_consolidate' retrieved from /opt/airflow/dags/dag_consolidate.py
[2026-05-11T02:56:00.412+0000] {logging_mixin.py:188} INFO - [2026-05-11T02:56:00.411+0000] {dag.py:3089} INFO - Sync 1 DAGs
[2026-05-11T02:56:00.459+0000] {logging_mixin.py:188} INFO - [2026-05-11T02:56:00.459+0000] {dag.py:3947} INFO - Setting next_dagrun for dag_consolidate to 2026-05-11 00:00:00+00:00, run_after=2026-05-12 00:00:00+00:00
[2026-05-11T02:56:00.496+0000] {processor.py:183} INFO - Processing /opt/airflow/dags/dag_consolidate.py took 1.396 seconds
[2026-05-11T02:56:30.978+0000] {processor.py:161} INFO - Started process (PID=641) to work on /opt/airflow/dags/dag_consolidate.py
[2026-05-11T02:56:30.984+0000] {processor.py:830} INFO - Processing file /opt/airflow/dags/dag_consolidate.py for tasks to queue
[2026-05-11T02:56:30.994+0000] {logging_mixin.py:188} INFO - [2026-05-11T02:56:30.993+0000] {dagbag.py:545} INFO - Filling up the DagBag from /opt/airflow/dags/dag_consolidate.py
[2026-05-11T02:56:32.456+0000] {processor.py:840} INFO - DAG(s) 'dag_consolidate' retrieved from /opt/airflow/dags/dag_consolidate.py
[2026-05-11T02:56:32.508+0000] {logging_mixin.py:188} INFO - [2026-05-11T02:56:32.507+0000] {dag.py:3089} INFO - Sync 1 DAGs
[2026-05-11T02:56:32.551+0000] {logging_mixin.py:188} INFO - [2026-05-11T02:56:32.551+0000] {dag.py:3947} INFO - Setting next_dagrun for dag_consolidate to 2026-05-11 00:00:00+00:00, run_after=2026-05-12 00:00:00+00:00
[2026-05-11T02:56:32.608+0000] {processor.py:183} INFO - Processing /opt/airflow/dags/dag_consolidate.py took 1.663 seconds
[2026-05-11T02:57:03.201+0000] {processor.py:161} INFO - Started process (PID=659) to work on /opt/airflow/dags/dag_consolidate.py
[2026-05-11T02:57:03.203+0000] {processor.py:830} INFO - Processing file /opt/airflow/dags/dag_consolidate.py for tasks to queue
[2026-05-11T02:57:03.207+0000] {logging_mixin.py:188} INFO - [2026-05-11T02:57:03.206+0000] {dagbag.py:545} INFO - Filling up the DagBag from /opt/airflow/dags/dag_consolidate.py
[2026-05-11T02:57:04.159+0000] {processor.py:840} INFO - DAG(s) 'dag_consolidate' retrieved from /opt/airflow/dags/dag_consolidate.py
[2026-05-11T02:57:04.218+0000] {logging_mixin.py:188} INFO - [2026-05-11T02:57:04.218+0000] {dag.py:3089} INFO - Sync 1 DAGs
[2026-05-11T02:57:04.264+0000] {logging_mixin.py:188} INFO - [2026-05-11T02:57:04.263+0000] {dag.py:3947} INFO - Setting next_dagrun for dag_consolidate to 2026-05-11 00:00:00+00:00, run_after=2026-05-12 00:00:00+00:00
[2026-05-11T02:57:04.308+0000] {processor.py:183} INFO - Processing /opt/airflow/dags/dag_consolidate.py took 1.125 seconds
[2026-05-11T02:57:34.668+0000] {processor.py:161} INFO - Started process (PID=677) to work on /opt/airflow/dags/dag_consolidate.py
[2026-05-11T02:57:34.674+0000] {processor.py:830} INFO - Processing file /opt/airflow/dags/dag_consolidate.py for tasks to queue
[2026-05-11T02:57:34.682+0000] {logging_mixin.py:188} INFO - [2026-05-11T02:57:34.681+0000] {dagbag.py:545} INFO - Filling up the DagBag from /opt/airflow/dags/dag_consolidate.py
[2026-05-11T02:57:36.174+0000] {processor.py:840} INFO - DAG(s) 'dag_consolidate' retrieved from /opt/airflow/dags/dag_consolidate.py
[2026-05-11T02:57:36.308+0000] {logging_mixin.py:188} INFO - [2026-05-11T02:57:36.307+0000] {dag.py:3089} INFO - Sync 1 DAGs
[2026-05-11T02:57:36.417+0000] {logging_mixin.py:188} INFO - [2026-05-11T02:57:36.416+0000] {dag.py:3947} INFO - Setting next_dagrun for dag_consolidate to 2026-05-11 00:00:00+00:00, run_after=2026-05-12 00:00:00+00:00
[2026-05-11T02:57:36.500+0000] {processor.py:183} INFO - Processing /opt/airflow/dags/dag_consolidate.py took 1.865 seconds
[2026-05-11T02:58:06.855+0000] {processor.py:161} INFO - Started process (PID=695) to work on /opt/airflow/dags/dag_consolidate.py
[2026-05-11T02:58:06.877+0000] {processor.py:830} INFO - Processing file /opt/airflow/dags/dag_consolidate.py for tasks to queue
[2026-05-11T02:58:06.918+0000] {logging_mixin.py:188} INFO - [2026-05-11T02:58:06.914+0000] {dagbag.py:545} INFO - Filling up the DagBag from /opt/airflow/dags/dag_consolidate.py
[2026-05-11T02:58:08.344+0000] {processor.py:840} INFO - DAG(s) 'dag_consolidate' retrieved from /opt/airflow/dags/dag_consolidate.py
[2026-05-11T02:58:08.404+0000] {logging_mixin.py:188} INFO - [2026-05-11T02:58:08.404+0000] {dag.py:3089} INFO - Sync 1 DAGs
[2026-05-11T02:58:08.450+0000] {logging_mixin.py:188} INFO - [2026-05-11T02:58:08.449+0000] {dag.py:3947} INFO - Setting next_dagrun for dag_consolidate to 2026-05-11 00:00:00+00:00, run_after=2026-05-12 00:00:00+00:00
[2026-05-11T02:58:08.493+0000] {processor.py:183} INFO - Processing /opt/airflow/dags/dag_consolidate.py took 1.745 seconds
[2026-05-11T02:58:39.041+0000] {processor.py:161} INFO - Started process (PID=713) to work on /opt/airflow/dags/dag_consolidate.py
[2026-05-11T02:58:39.047+0000] {processor.py:830} INFO - Processing file /opt/airflow/dags/dag_consolidate.py for tasks to queue
[2026-05-11T02:58:39.057+0000] {logging_mixin.py:188} INFO - [2026-05-11T02:58:39.055+0000] {dagbag.py:545} INFO - Filling up the DagBag from /opt/airflow/dags/dag_consolidate.py
[2026-05-11T02:58:40.377+0000] {processor.py:840} INFO - DAG(s) 'dag_consolidate' retrieved from /opt/airflow/dags/dag_consolidate.py
[2026-05-11T02:58:40.433+0000] {logging_mixin.py:188} INFO - [2026-05-11T02:58:40.432+0000] {dag.py:3089} INFO - Sync 1 DAGs
[2026-05-11T02:58:40.491+0000] {logging_mixin.py:188} INFO - [2026-05-11T02:58:40.490+0000] {dag.py:3947} INFO - Setting next_dagrun for dag_consolidate to 2026-05-11 00:00:00+00:00, run_after=2026-05-12 00:00:00+00:00
[2026-05-11T02:58:40.538+0000] {processor.py:183} INFO - Processing /opt/airflow/dags/dag_consolidate.py took 1.535 seconds
[2026-05-11T02:59:11.448+0000] {processor.py:161} INFO - Started process (PID=731) to work on /opt/airflow/dags/dag_consolidate.py
[2026-05-11T02:59:11.453+0000] {processor.py:830} INFO - Processing file /opt/airflow/dags/dag_consolidate.py for tasks to queue
[2026-05-11T02:59:11.467+0000] {logging_mixin.py:188} INFO - [2026-05-11T02:59:11.465+0000] {dagbag.py:545} INFO - Filling up the DagBag from /opt/airflow/dags/dag_consolidate.py
[2026-05-11T02:59:12.809+0000] {processor.py:840} INFO - DAG(s) 'dag_consolidate' retrieved from /opt/airflow/dags/dag_consolidate.py
[2026-05-11T02:59:12.901+0000] {logging_mixin.py:188} INFO - [2026-05-11T02:59:12.900+0000] {dag.py:3089} INFO - Sync 1 DAGs
[2026-05-11T02:59:12.966+0000] {logging_mixin.py:188} INFO - [2026-05-11T02:59:12.966+0000] {dag.py:3947} INFO - Setting next_dagrun for dag_consolidate to 2026-05-11 00:00:00+00:00, run_after=2026-05-12 00:00:00+00:00
[2026-05-11T02:59:13.014+0000] {processor.py:183} INFO - Processing /opt/airflow/dags/dag_consolidate.py took 1.603 seconds
[2026-05-11T02:59:44.044+0000] {processor.py:161} INFO - Started process (PID=749) to work on /opt/airflow/dags/dag_consolidate.py
[2026-05-11T02:59:44.046+0000] {processor.py:830} INFO - Processing file /opt/airflow/dags/dag_consolidate.py for tasks to queue
[2026-05-11T02:59:44.051+0000] {logging_mixin.py:188} INFO - [2026-05-11T02:59:44.050+0000] {dagbag.py:545} INFO - Filling up the DagBag from /opt/airflow/dags/dag_consolidate.py
[2026-05-11T02:59:45.351+0000] {processor.py:840} INFO - DAG(s) 'dag_consolidate' retrieved from /opt/airflow/dags/dag_consolidate.py
[2026-05-11T02:59:45.421+0000] {logging_mixin.py:188} INFO - [2026-05-11T02:59:45.420+0000] {dag.py:3089} INFO - Sync 1 DAGs
[2026-05-11T02:59:45.484+0000] {logging_mixin.py:188} INFO - [2026-05-11T02:59:45.483+0000] {dag.py:3947} INFO - Setting next_dagrun for dag_consolidate to 2026-05-11 00:00:00+00:00, run_after=2026-05-12 00:00:00+00:00
[2026-05-11T02:59:45.528+0000] {processor.py:183} INFO - Processing /opt/airflow/dags/dag_consolidate.py took 1.510 seconds
[2026-05-11T03:00:16.646+0000] {processor.py:161} INFO - Started process (PID=767) to work on /opt/airflow/dags/dag_consolidate.py
[2026-05-11T03:00:16.651+0000] {processor.py:830} INFO - Processing file /opt/airflow/dags/dag_consolidate.py for tasks to queue
[2026-05-11T03:00:16.662+0000] {logging_mixin.py:188} INFO - [2026-05-11T03:00:16.660+0000] {dagbag.py:545} INFO - Filling up the DagBag from /opt/airflow/dags/dag_consolidate.py
[2026-05-11T03:00:17.926+0000] {processor.py:840} INFO - DAG(s) 'dag_consolidate' retrieved from /opt/airflow/dags/dag_consolidate.py
[2026-05-11T03:00:18.008+0000] {logging_mixin.py:188} INFO - [2026-05-11T03:00:18.007+0000] {dag.py:3089} INFO - Sync 1 DAGs
[2026-05-11T03:00:18.074+0000] {logging_mixin.py:188} INFO - [2026-05-11T03:00:18.074+0000] {dag.py:3947} INFO - Setting next_dagrun for dag_consolidate to 2026-05-11 00:00:00+00:00, run_after=2026-05-12 00:00:00+00:00
[2026-05-11T03:00:18.107+0000] {processor.py:183} INFO - Processing /opt/airflow/dags/dag_consolidate.py took 1.506 seconds
[2026-05-11T03:00:48.474+0000] {processor.py:161} INFO - Started process (PID=785) to work on /opt/airflow/dags/dag_consolidate.py
[2026-05-11T03:00:48.476+0000] {processor.py:830} INFO - Processing file /opt/airflow/dags/dag_consolidate.py for tasks to queue
[2026-05-11T03:00:48.479+0000] {logging_mixin.py:188} INFO - [2026-05-11T03:00:48.479+0000] {dagbag.py:545} INFO - Filling up the DagBag from /opt/airflow/dags/dag_consolidate.py
[2026-05-11T03:00:49.406+0000] {processor.py:840} INFO - DAG(s) 'dag_consolidate' retrieved from /opt/airflow/dags/dag_consolidate.py
[2026-05-11T03:00:49.483+0000] {logging_mixin.py:188} INFO - [2026-05-11T03:00:49.482+0000] {dag.py:3089} INFO - Sync 1 DAGs
[2026-05-11T03:00:49.541+0000] {logging_mixin.py:188} INFO - [2026-05-11T03:00:49.540+0000] {dag.py:3947} INFO - Setting next_dagrun for dag_consolidate to 2026-05-11 00:00:00+00:00, run_after=2026-05-12 00:00:00+00:00
[2026-05-11T03:00:49.597+0000] {processor.py:183} INFO - Processing /opt/airflow/dags/dag_consolidate.py took 1.136 seconds
[2026-05-11T03:01:19.922+0000] {processor.py:161} INFO - Started process (PID=803) to work on /opt/airflow/dags/dag_consolidate.py
[2026-05-11T03:01:19.925+0000] {processor.py:830} INFO - Processing file /opt/airflow/dags/dag_consolidate.py for tasks to queue
[2026-05-11T03:01:19.930+0000] {logging_mixin.py:188} INFO - [2026-05-11T03:01:19.929+0000] {dagbag.py:545} INFO - Filling up the DagBag from /opt/airflow/dags/dag_consolidate.py
[2026-05-11T03:01:21.045+0000] {processor.py:840} INFO - DAG(s) 'dag_consolidate' retrieved from /opt/airflow/dags/dag_consolidate.py
[2026-05-11T03:01:21.132+0000] {logging_mixin.py:188} INFO - [2026-05-11T03:01:21.131+0000] {dag.py:3089} INFO - Sync 1 DAGs
[2026-05-11T03:01:21.206+0000] {logging_mixin.py:188} INFO - [2026-05-11T03:01:21.206+0000] {dag.py:3947} INFO - Setting next_dagrun for dag_consolidate to 2026-05-11 00:00:00+00:00, run_after=2026-05-12 00:00:00+00:00
[2026-05-11T03:01:21.263+0000] {processor.py:183} INFO - Processing /opt/airflow/dags/dag_consolidate.py took 1.360 seconds
[2026-05-11T03:01:52.068+0000] {processor.py:161} INFO - Started process (PID=821) to work on /opt/airflow/dags/dag_consolidate.py
[2026-05-11T03:01:52.077+0000] {processor.py:830} INFO - Processing file /opt/airflow/dags/dag_consolidate.py for tasks to queue
[2026-05-11T03:01:52.083+0000] {logging_mixin.py:188} INFO - [2026-05-11T03:01:52.083+0000] {dagbag.py:545} INFO - Filling up the DagBag from /opt/airflow/dags/dag_consolidate.py
[2026-05-11T03:01:53.166+0000] {processor.py:840} INFO - DAG(s) 'dag_consolidate' retrieved from /opt/airflow/dags/dag_consolidate.py
[2026-05-11T03:01:53.233+0000] {logging_mixin.py:188} INFO - [2026-05-11T03:01:53.232+0000] {dag.py:3089} INFO - Sync 1 DAGs
[2026-05-11T03:01:53.300+0000] {logging_mixin.py:188} INFO - [2026-05-11T03:01:53.299+0000] {dag.py:3947} INFO - Setting next_dagrun for dag_consolidate to 2026-05-11 00:00:00+00:00, run_after=2026-05-12 00:00:00+00:00
[2026-05-11T03:01:53.344+0000] {processor.py:183} INFO - Processing /opt/airflow/dags/dag_consolidate.py took 1.304 seconds
[2026-05-11T03:02:24.179+0000] {processor.py:161} INFO - Started process (PID=839) to work on /opt/airflow/dags/dag_consolidate.py
[2026-05-11T03:02:24.181+0000] {processor.py:830} INFO - Processing file /opt/airflow/dags/dag_consolidate.py for tasks to queue
[2026-05-11T03:02:24.186+0000] {logging_mixin.py:188} INFO - [2026-05-11T03:02:24.185+0000] {dagbag.py:545} INFO - Filling up the DagBag from /opt/airflow/dags/dag_consolidate.py
[2026-05-11T03:02:24.858+0000] {processor.py:840} INFO - DAG(s) 'dag_consolidate' retrieved from /opt/airflow/dags/dag_consolidate.py
[2026-05-11T03:02:24.907+0000] {logging_mixin.py:188} INFO - [2026-05-11T03:02:24.907+0000] {dag.py:3089} INFO - Sync 1 DAGs
[2026-05-11T03:02:24.950+0000] {logging_mixin.py:188} INFO - [2026-05-11T03:02:24.949+0000] {dag.py:3947} INFO - Setting next_dagrun for dag_consolidate to 2026-05-11 00:00:00+00:00, run_after=2026-05-12 00:00:00+00:00
[2026-05-11T03:02:24.999+0000] {processor.py:183} INFO - Processing /opt/airflow/dags/dag_consolidate.py took 0.832 seconds
[2026-05-11T03:02:55.388+0000] {processor.py:161} INFO - Started process (PID=857) to work on /opt/airflow/dags/dag_consolidate.py
[2026-05-11T03:02:55.390+0000] {processor.py:830} INFO - Processing file /opt/airflow/dags/dag_consolidate.py for tasks to queue
[2026-05-11T03:02:55.393+0000] {logging_mixin.py:188} INFO - [2026-05-11T03:02:55.392+0000] {dagbag.py:545} INFO - Filling up the DagBag from /opt/airflow/dags/dag_consolidate.py
[2026-05-11T03:02:56.114+0000] {processor.py:840} INFO - DAG(s) 'dag_consolidate' retrieved from /opt/airflow/dags/dag_consolidate.py
[2026-05-11T03:02:56.167+0000] {logging_mixin.py:188} INFO - [2026-05-11T03:02:56.166+0000] {dag.py:3089} INFO - Sync 1 DAGs
[2026-05-11T03:02:56.213+0000] {logging_mixin.py:188} INFO - [2026-05-11T03:02:56.213+0000] {dag.py:3947} INFO - Setting next_dagrun for dag_consolidate to 2026-05-11 00:00:00+00:00, run_after=2026-05-12 00:00:00+00:00
[2026-05-11T03:02:56.267+0000] {processor.py:183} INFO - Processing /opt/airflow/dags/dag_consolidate.py took 0.889 seconds
[2026-05-11T03:03:26.817+0000] {processor.py:161} INFO - Started process (PID=875) to work on /opt/airflow/dags/dag_consolidate.py
[2026-05-11T03:03:26.823+0000] {processor.py:830} INFO - Processing file /opt/airflow/dags/dag_consolidate.py for tasks to queue
[2026-05-11T03:03:26.835+0000] {logging_mixin.py:188} INFO - [2026-05-11T03:03:26.834+0000] {dagbag.py:545} INFO - Filling up the DagBag from /opt/airflow/dags/dag_consolidate.py
[2026-05-11T03:03:27.836+0000] {processor.py:840} INFO - DAG(s) 'dag_consolidate' retrieved from /opt/airflow/dags/dag_consolidate.py
[2026-05-11T03:03:27.908+0000] {logging_mixin.py:188} INFO - [2026-05-11T03:03:27.908+0000] {dag.py:3089} INFO - Sync 1 DAGs
[2026-05-11T03:03:27.945+0000] {logging_mixin.py:188} INFO - [2026-05-11T03:03:27.945+0000] {dag.py:3947} INFO - Setting next_dagrun for dag_consolidate to 2026-05-11 00:00:00+00:00, run_after=2026-05-12 00:00:00+00:00
[2026-05-11T03:03:27.979+0000] {processor.py:183} INFO - Processing /opt/airflow/dags/dag_consolidate.py took 1.214 seconds
[2026-05-11T03:03:58.557+0000] {processor.py:161} INFO - Started process (PID=893) to work on /opt/airflow/dags/dag_consolidate.py
[2026-05-11T03:03:58.561+0000] {processor.py:830} INFO - Processing file /opt/airflow/dags/dag_consolidate.py for tasks to queue
[2026-05-11T03:03:58.567+0000] {logging_mixin.py:188} INFO - [2026-05-11T03:03:58.565+0000] {dagbag.py:545} INFO - Filling up the DagBag from /opt/airflow/dags/dag_consolidate.py
[2026-05-11T03:03:59.544+0000] {processor.py:840} INFO - DAG(s) 'dag_consolidate' retrieved from /opt/airflow/dags/dag_consolidate.py
[2026-05-11T03:03:59.603+0000] {logging_mixin.py:188} INFO - [2026-05-11T03:03:59.603+0000] {dag.py:3089} INFO - Sync 1 DAGs
[2026-05-11T03:03:59.657+0000] {logging_mixin.py:188} INFO - [2026-05-11T03:03:59.657+0000] {dag.py:3947} INFO - Setting next_dagrun for dag_consolidate to 2026-05-11 00:00:00+00:00, run_after=2026-05-12 00:00:00+00:00
[2026-05-11T03:03:59.718+0000] {processor.py:183} INFO - Processing /opt/airflow/dags/dag_consolidate.py took 1.184 seconds
[2026-05-11T03:04:30.020+0000] {processor.py:161} INFO - Started process (PID=911) to work on /opt/airflow/dags/dag_consolidate.py
[2026-05-11T03:04:30.024+0000] {processor.py:830} INFO - Processing file /opt/airflow/dags/dag_consolidate.py for tasks to queue
[2026-05-11T03:04:30.035+0000] {logging_mixin.py:188} INFO - [2026-05-11T03:04:30.034+0000] {dagbag.py:545} INFO - Filling up the DagBag from /opt/airflow/dags/dag_consolidate.py
[2026-05-11T03:04:31.031+0000] {processor.py:840} INFO - DAG(s) 'dag_consolidate' retrieved from /opt/airflow/dags/dag_consolidate.py
[2026-05-11T03:04:31.104+0000] {logging_mixin.py:188} INFO - [2026-05-11T03:04:31.103+0000] {dag.py:3089} INFO - Sync 1 DAGs
[2026-05-11T03:04:31.171+0000] {logging_mixin.py:188} INFO - [2026-05-11T03:04:31.170+0000] {dag.py:3947} INFO - Setting next_dagrun for dag_consolidate to 2026-05-11 00:00:00+00:00, run_after=2026-05-12 00:00:00+00:00
[2026-05-11T03:04:31.224+0000] {processor.py:183} INFO - Processing /opt/airflow/dags/dag_consolidate.py took 1.233 seconds
[2026-05-11T03:05:02.154+0000] {processor.py:161} INFO - Started process (PID=929) to work on /opt/airflow/dags/dag_consolidate.py
[2026-05-11T03:05:02.157+0000] {processor.py:830} INFO - Processing file /opt/airflow/dags/dag_consolidate.py for tasks to queue
[2026-05-11T03:05:02.166+0000] {logging_mixin.py:188} INFO - [2026-05-11T03:05:02.165+0000] {dagbag.py:545} INFO - Filling up the DagBag from /opt/airflow/dags/dag_consolidate.py
[2026-05-11T03:05:03.002+0000] {processor.py:840} INFO - DAG(s) 'dag_consolidate' retrieved from /opt/airflow/dags/dag_consolidate.py
[2026-05-11T03:05:03.052+0000] {logging_mixin.py:188} INFO - [2026-05-11T03:05:03.051+0000] {dag.py:3089} INFO - Sync 1 DAGs
[2026-05-11T03:05:03.093+0000] {logging_mixin.py:188} INFO - [2026-05-11T03:05:03.093+0000] {dag.py:3947} INFO - Setting next_dagrun for dag_consolidate to 2026-05-11 00:00:00+00:00, run_after=2026-05-12 00:00:00+00:00
[2026-05-11T03:05:03.127+0000] {processor.py:183} INFO - Processing /opt/airflow/dags/dag_consolidate.py took 0.993 seconds
[2026-05-11T03:05:34.064+0000] {processor.py:161} INFO - Started process (PID=947) to work on /opt/airflow/dags/dag_consolidate.py
[2026-05-11T03:05:34.066+0000] {processor.py:830} INFO - Processing file /opt/airflow/dags/dag_consolidate.py for tasks to queue
[2026-05-11T03:05:34.069+0000] {logging_mixin.py:188} INFO - [2026-05-11T03:05:34.068+0000] {dagbag.py:545} INFO - Filling up the DagBag from /opt/airflow/dags/dag_consolidate.py
[2026-05-11T03:05:34.877+0000] {processor.py:840} INFO - DAG(s) 'dag_consolidate' retrieved from /opt/airflow/dags/dag_consolidate.py
[2026-05-11T03:05:34.959+0000] {logging_mixin.py:188} INFO - [2026-05-11T03:05:34.958+0000] {dag.py:3089} INFO - Sync 1 DAGs
[2026-05-11T03:05:35.026+0000] {logging_mixin.py:188} INFO - [2026-05-11T03:05:35.025+0000] {dag.py:3947} INFO - Setting next_dagrun for dag_consolidate to 2026-05-11 00:00:00+00:00, run_after=2026-05-12 00:00:00+00:00
[2026-05-11T03:05:35.083+0000] {processor.py:183} INFO - Processing /opt/airflow/dags/dag_consolidate.py took 1.035 seconds
[2026-05-11T03:06:05.480+0000] {processor.py:161} INFO - Started process (PID=965) to work on /opt/airflow/dags/dag_consolidate.py
[2026-05-11T03:06:05.485+0000] {processor.py:830} INFO - Processing file /opt/airflow/dags/dag_consolidate.py for tasks to queue
[2026-05-11T03:06:05.495+0000] {logging_mixin.py:188} INFO - [2026-05-11T03:06:05.494+0000] {dagbag.py:545} INFO - Filling up the DagBag from /opt/airflow/dags/dag_consolidate.py
[2026-05-11T03:06:06.698+0000] {processor.py:840} INFO - DAG(s) 'dag_consolidate' retrieved from /opt/airflow/dags/dag_consolidate.py
[2026-05-11T03:06:06.739+0000] {logging_mixin.py:188} INFO - [2026-05-11T03:06:06.738+0000] {dag.py:3089} INFO - Sync 1 DAGs
[2026-05-11T03:06:06.775+0000] {logging_mixin.py:188} INFO - [2026-05-11T03:06:06.775+0000] {dag.py:3947} INFO - Setting next_dagrun for dag_consolidate to 2026-05-11 00:00:00+00:00, run_after=2026-05-12 00:00:00+00:00
[2026-05-11T03:06:06.808+0000] {processor.py:183} INFO - Processing /opt/airflow/dags/dag_consolidate.py took 1.363 seconds
[2026-05-11T03:06:37.343+0000] {processor.py:161} INFO - Started process (PID=983) to work on /opt/airflow/dags/dag_consolidate.py
[2026-05-11T03:06:37.347+0000] {processor.py:830} INFO - Processing file /opt/airflow/dags/dag_consolidate.py for tasks to queue
[2026-05-11T03:06:37.355+0000] {logging_mixin.py:188} INFO - [2026-05-11T03:06:37.353+0000] {dagbag.py:545} INFO - Filling up the DagBag from /opt/airflow/dags/dag_consolidate.py
[2026-05-11T03:06:38.491+0000] {processor.py:840} INFO - DAG(s) 'dag_consolidate' retrieved from /opt/airflow/dags/dag_consolidate.py
[2026-05-11T03:06:38.540+0000] {logging_mixin.py:188} INFO - [2026-05-11T03:06:38.539+0000] {dag.py:3089} INFO - Sync 1 DAGs
[2026-05-11T03:06:38.586+0000] {logging_mixin.py:188} INFO - [2026-05-11T03:06:38.585+0000] {dag.py:3947} INFO - Setting next_dagrun for dag_consolidate to 2026-05-11 00:00:00+00:00, run_after=2026-05-12 00:00:00+00:00
[2026-05-11T03:06:38.652+0000] {processor.py:183} INFO - Processing /opt/airflow/dags/dag_consolidate.py took 1.346 seconds
[2026-05-11T03:07:08.979+0000] {processor.py:161} INFO - Started process (PID=1001) to work on /opt/airflow/dags/dag_consolidate.py
[2026-05-11T03:07:08.984+0000] {processor.py:830} INFO - Processing file /opt/airflow/dags/dag_consolidate.py for tasks to queue
[2026-05-11T03:07:08.993+0000] {logging_mixin.py:188} INFO - [2026-05-11T03:07:08.991+0000] {dagbag.py:545} INFO - Filling up the DagBag from /opt/airflow/dags/dag_consolidate.py
[2026-05-11T03:07:10.061+0000] {processor.py:840} INFO - DAG(s) 'dag_consolidate' retrieved from /opt/airflow/dags/dag_consolidate.py
[2026-05-11T03:07:10.110+0000] {logging_mixin.py:188} INFO - [2026-05-11T03:07:10.109+0000] {dag.py:3089} INFO - Sync 1 DAGs
[2026-05-11T03:07:10.158+0000] {logging_mixin.py:188} INFO - [2026-05-11T03:07:10.158+0000] {dag.py:3947} INFO - Setting next_dagrun for dag_consolidate to 2026-05-11 00:00:00+00:00, run_after=2026-05-12 00:00:00+00:00
[2026-05-11T03:07:10.209+0000] {processor.py:183} INFO - Processing /opt/airflow/dags/dag_consolidate.py took 1.256 seconds
[2026-05-11T03:07:40.612+0000] {processor.py:161} INFO - Started process (PID=1019) to work on /opt/airflow/dags/dag_consolidate.py
[2026-05-11T03:07:40.616+0000] {processor.py:830} INFO - Processing file /opt/airflow/dags/dag_consolidate.py for tasks to queue
[2026-05-11T03:07:40.623+0000] {logging_mixin.py:188} INFO - [2026-05-11T03:07:40.622+0000] {dagbag.py:545} INFO - Filling up the DagBag from /opt/airflow/dags/dag_consolidate.py
[2026-05-11T03:07:41.541+0000] {processor.py:840} INFO - DAG(s) 'dag_consolidate' retrieved from /opt/airflow/dags/dag_consolidate.py
[2026-05-11T03:07:41.602+0000] {logging_mixin.py:188} INFO - [2026-05-11T03:07:41.601+0000] {dag.py:3089} INFO - Sync 1 DAGs
[2026-05-11T03:07:41.676+0000] {logging_mixin.py:188} INFO - [2026-05-11T03:07:41.676+0000] {dag.py:3947} INFO - Setting next_dagrun for dag_consolidate to 2026-05-11 00:00:00+00:00, run_after=2026-05-12 00:00:00+00:00
[2026-05-11T03:07:41.733+0000] {processor.py:183} INFO - Processing /opt/airflow/dags/dag_consolidate.py took 1.142 seconds
[2026-05-11T03:08:12.756+0000] {processor.py:161} INFO - Started process (PID=1037) to work on /opt/airflow/dags/dag_consolidate.py
[2026-05-11T03:08:12.758+0000] {processor.py:830} INFO - Processing file /opt/airflow/dags/dag_consolidate.py for tasks to queue
[2026-05-11T03:08:12.762+0000] {logging_mixin.py:188} INFO - [2026-05-11T03:08:12.762+0000] {dagbag.py:545} INFO - Filling up the DagBag from /opt/airflow/dags/dag_consolidate.py
[2026-05-11T03:08:13.617+0000] {processor.py:840} INFO - DAG(s) 'dag_consolidate' retrieved from /opt/airflow/dags/dag_consolidate.py
[2026-05-11T03:08:13.709+0000] {logging_mixin.py:188} INFO - [2026-05-11T03:08:13.708+0000] {dag.py:3089} INFO - Sync 1 DAGs
[2026-05-11T03:08:13.784+0000] {logging_mixin.py:188} INFO - [2026-05-11T03:08:13.784+0000] {dag.py:3947} INFO - Setting next_dagrun for dag_consolidate to 2026-05-11 00:00:00+00:00, run_after=2026-05-12 00:00:00+00:00
[2026-05-11T03:08:13.843+0000] {processor.py:183} INFO - Processing /opt/airflow/dags/dag_consolidate.py took 1.104 seconds
[2026-05-11T03:08:44.523+0000] {processor.py:161} INFO - Started process (PID=1055) to work on /opt/airflow/dags/dag_consolidate.py
[2026-05-11T03:08:44.526+0000] {processor.py:830} INFO - Processing file /opt/airflow/dags/dag_consolidate.py for tasks to queue
[2026-05-11T03:08:44.532+0000] {logging_mixin.py:188} INFO - [2026-05-11T03:08:44.531+0000] {dagbag.py:545} INFO - Filling up the DagBag from /opt/airflow/dags/dag_consolidate.py
[2026-05-11T03:08:45.520+0000] {processor.py:840} INFO - DAG(s) 'dag_consolidate' retrieved from /opt/airflow/dags/dag_consolidate.py
[2026-05-11T03:08:45.619+0000] {logging_mixin.py:188} INFO - [2026-05-11T03:08:45.618+0000] {dag.py:3089} INFO - Sync 1 DAGs
[2026-05-11T03:08:45.684+0000] {logging_mixin.py:188} INFO - [2026-05-11T03:08:45.684+0000] {dag.py:3947} INFO - Setting next_dagrun for dag_consolidate to 2026-05-11 00:00:00+00:00, run_after=2026-05-12 00:00:00+00:00
[2026-05-11T03:08:45.740+0000] {processor.py:183} INFO - Processing /opt/airflow/dags/dag_consolidate.py took 1.246 seconds
[2026-05-11T03:09:16.006+0000] {processor.py:161} INFO - Started process (PID=1073) to work on /opt/airflow/dags/dag_consolidate.py
[2026-05-11T03:09:16.008+0000] {processor.py:830} INFO - Processing file /opt/airflow/dags/dag_consolidate.py for tasks to queue
[2026-05-11T03:09:16.012+0000] {logging_mixin.py:188} INFO - [2026-05-11T03:09:16.011+0000] {dagbag.py:545} INFO - Filling up the DagBag from /opt/airflow/dags/dag_consolidate.py
[2026-05-11T03:09:16.821+0000] {processor.py:840} INFO - DAG(s) 'dag_consolidate' retrieved from /opt/airflow/dags/dag_consolidate.py
[2026-05-11T03:09:16.874+0000] {logging_mixin.py:188} INFO - [2026-05-11T03:09:16.874+0000] {dag.py:3089} INFO - Sync 1 DAGs
[2026-05-11T03:09:16.913+0000] {logging_mixin.py:188} INFO - [2026-05-11T03:09:16.913+0000] {dag.py:3947} INFO - Setting next_dagrun for dag_consolidate to 2026-05-11 00:00:00+00:00, run_after=2026-05-12 00:00:00+00:00
[2026-05-11T03:09:16.949+0000] {processor.py:183} INFO - Processing /opt/airflow/dags/dag_consolidate.py took 0.953 seconds
[2026-05-11T03:09:47.808+0000] {processor.py:161} INFO - Started process (PID=1091) to work on /opt/airflow/dags/dag_consolidate.py
[2026-05-11T03:09:47.812+0000] {processor.py:830} INFO - Processing file /opt/airflow/dags/dag_consolidate.py for tasks to queue
[2026-05-11T03:09:47.822+0000] {logging_mixin.py:188} INFO - [2026-05-11T03:09:47.820+0000] {dagbag.py:545} INFO - Filling up the DagBag from /opt/airflow/dags/dag_consolidate.py
[2026-05-11T03:09:49.053+0000] {processor.py:840} INFO - DAG(s) 'dag_consolidate' retrieved from /opt/airflow/dags/dag_consolidate.py
[2026-05-11T03:09:49.106+0000] {logging_mixin.py:188} INFO - [2026-05-11T03:09:49.105+0000] {dag.py:3089} INFO - Sync 1 DAGs
[2026-05-11T03:09:49.153+0000] {logging_mixin.py:188} INFO - [2026-05-11T03:09:49.153+0000] {dag.py:3947} INFO - Setting next_dagrun for dag_consolidate to 2026-05-11 00:00:00+00:00, run_after=2026-05-12 00:00:00+00:00
[2026-05-11T03:09:49.194+0000] {processor.py:183} INFO - Processing /opt/airflow/dags/dag_consolidate.py took 1.417 seconds
[2026-05-11T03:10:19.659+0000] {processor.py:161} INFO - Started process (PID=1109) to work on /opt/airflow/dags/dag_consolidate.py
[2026-05-11T03:10:19.663+0000] {processor.py:830} INFO - Processing file /opt/airflow/dags/dag_consolidate.py for tasks to queue
[2026-05-11T03:10:19.674+0000] {logging_mixin.py:188} INFO - [2026-05-11T03:10:19.672+0000] {dagbag.py:545} INFO - Filling up the DagBag from /opt/airflow/dags/dag_consolidate.py
[2026-05-11T03:10:21.121+0000] {processor.py:840} INFO - DAG(s) 'dag_consolidate' retrieved from /opt/airflow/dags/dag_consolidate.py
[2026-05-11T03:10:21.170+0000] {logging_mixin.py:188} INFO - [2026-05-11T03:10:21.169+0000] {dag.py:3089} INFO - Sync 1 DAGs
[2026-05-11T03:10:21.232+0000] {logging_mixin.py:188} INFO - [2026-05-11T03:10:21.232+0000] {dag.py:3947} INFO - Setting next_dagrun for dag_consolidate to 2026-05-11 00:00:00+00:00, run_after=2026-05-12 00:00:00+00:00
[2026-05-11T03:10:21.284+0000] {processor.py:183} INFO - Processing /opt/airflow/dags/dag_consolidate.py took 1.658 seconds
[2026-05-11T03:10:52.069+0000] {processor.py:161} INFO - Started process (PID=1127) to work on /opt/airflow/dags/dag_consolidate.py
[2026-05-11T03:10:52.073+0000] {processor.py:830} INFO - Processing file /opt/airflow/dags/dag_consolidate.py for tasks to queue
[2026-05-11T03:10:52.082+0000] {logging_mixin.py:188} INFO - [2026-05-11T03:10:52.079+0000] {dagbag.py:545} INFO - Filling up the DagBag from /opt/airflow/dags/dag_consolidate.py
[2026-05-11T03:10:53.121+0000] {processor.py:840} INFO - DAG(s) 'dag_consolidate' retrieved from /opt/airflow/dags/dag_consolidate.py
[2026-05-11T03:10:53.168+0000] {logging_mixin.py:188} INFO - [2026-05-11T03:10:53.168+0000] {dag.py:3089} INFO - Sync 1 DAGs
[2026-05-11T03:10:53.210+0000] {logging_mixin.py:188} INFO - [2026-05-11T03:10:53.210+0000] {dag.py:3947} INFO - Setting next_dagrun for dag_consolidate to 2026-05-11 00:00:00+00:00, run_after=2026-05-12 00:00:00+00:00
[2026-05-11T03:10:53.256+0000] {processor.py:183} INFO - Processing /opt/airflow/dags/dag_consolidate.py took 1.215 seconds
[2026-05-11T03:11:23.388+0000] {processor.py:161} INFO - Started process (PID=1145) to work on /opt/airflow/dags/dag_consolidate.py
[2026-05-11T03:11:23.390+0000] {processor.py:830} INFO - Processing file /opt/airflow/dags/dag_consolidate.py for tasks to queue
[2026-05-11T03:11:23.393+0000] {logging_mixin.py:188} INFO - [2026-05-11T03:11:23.392+0000] {dagbag.py:545} INFO - Filling up the DagBag from /opt/airflow/dags/dag_consolidate.py
[2026-05-11T03:11:24.072+0000] {processor.py:840} INFO - DAG(s) 'dag_consolidate' retrieved from /opt/airflow/dags/dag_consolidate.py
[2026-05-11T03:11:24.124+0000] {logging_mixin.py:188} INFO - [2026-05-11T03:11:24.123+0000] {dag.py:3089} INFO - Sync 1 DAGs
[2026-05-11T03:11:24.180+0000] {logging_mixin.py:188} INFO - [2026-05-11T03:11:24.180+0000] {dag.py:3947} INFO - Setting next_dagrun for dag_consolidate to 2026-05-11 00:00:00+00:00, run_after=2026-05-12 00:00:00+00:00
[2026-05-11T03:11:24.230+0000] {processor.py:183} INFO - Processing /opt/airflow/dags/dag_consolidate.py took 0.854 seconds
[2026-05-11T03:11:54.685+0000] {processor.py:161} INFO - Started process (PID=1163) to work on /opt/airflow/dags/dag_consolidate.py
[2026-05-11T03:11:54.689+0000] {processor.py:830} INFO - Processing file /opt/airflow/dags/dag_consolidate.py for tasks to queue
[2026-05-11T03:11:54.695+0000] {logging_mixin.py:188} INFO - [2026-05-11T03:11:54.694+0000] {dagbag.py:545} INFO - Filling up the DagBag from /opt/airflow/dags/dag_consolidate.py
[2026-05-11T03:11:55.654+0000] {processor.py:840} INFO - DAG(s) 'dag_consolidate' retrieved from /opt/airflow/dags/dag_consolidate.py
[2026-05-11T03:11:55.702+0000] {logging_mixin.py:188} INFO - [2026-05-11T03:11:55.701+0000] {dag.py:3089} INFO - Sync 1 DAGs
[2026-05-11T03:11:55.739+0000] {logging_mixin.py:188} INFO - [2026-05-11T03:11:55.738+0000] {dag.py:3947} INFO - Setting next_dagrun for dag_consolidate to 2026-05-11 00:00:00+00:00, run_after=2026-05-12 00:00:00+00:00
[2026-05-11T03:11:55.773+0000] {processor.py:183} INFO - Processing /opt/airflow/dags/dag_consolidate.py took 1.129 seconds
[2026-05-11T03:12:26.126+0000] {processor.py:161} INFO - Started process (PID=1181) to work on /opt/airflow/dags/dag_consolidate.py
[2026-05-11T03:12:26.131+0000] {processor.py:830} INFO - Processing file /opt/airflow/dags/dag_consolidate.py for tasks to queue
[2026-05-11T03:12:26.139+0000] {logging_mixin.py:188} INFO - [2026-05-11T03:12:26.138+0000] {dagbag.py:545} INFO - Filling up the DagBag from /opt/airflow/dags/dag_consolidate.py
[2026-05-11T03:12:27.597+0000] {processor.py:840} INFO - DAG(s) 'dag_consolidate' retrieved from /opt/airflow/dags/dag_consolidate.py
[2026-05-11T03:12:27.652+0000] {logging_mixin.py:188} INFO - [2026-05-11T03:12:27.651+0000] {dag.py:3089} INFO - Sync 1 DAGs
[2026-05-11T03:12:27.710+0000] {logging_mixin.py:188} INFO - [2026-05-11T03:12:27.709+0000] {dag.py:3947} INFO - Setting next_dagrun for dag_consolidate to 2026-05-11 00:00:00+00:00, run_after=2026-05-12 00:00:00+00:00
[2026-05-11T03:12:27.759+0000] {processor.py:183} INFO - Processing /opt/airflow/dags/dag_consolidate.py took 1.663 seconds
[2026-05-11T03:12:58.016+0000] {processor.py:161} INFO - Started process (PID=1199) to work on /opt/airflow/dags/dag_consolidate.py
[2026-05-11T03:12:58.021+0000] {processor.py:830} INFO - Processing file /opt/airflow/dags/dag_consolidate.py for tasks to queue
[2026-05-11T03:12:58.029+0000] {logging_mixin.py:188} INFO - [2026-05-11T03:12:58.028+0000] {dagbag.py:545} INFO - Filling up the DagBag from /opt/airflow/dags/dag_consolidate.py
[2026-05-11T03:12:59.079+0000] {processor.py:840} INFO - DAG(s) 'dag_consolidate' retrieved from /opt/airflow/dags/dag_consolidate.py
[2026-05-11T03:12:59.126+0000] {logging_mixin.py:188} INFO - [2026-05-11T03:12:59.125+0000] {dag.py:3089} INFO - Sync 1 DAGs
[2026-05-11T03:12:59.165+0000] {logging_mixin.py:188} INFO - [2026-05-11T03:12:59.164+0000] {dag.py:3947} INFO - Setting next_dagrun for dag_consolidate to 2026-05-11 00:00:00+00:00, run_after=2026-05-12 00:00:00+00:00
[2026-05-11T03:12:59.201+0000] {processor.py:183} INFO - Processing /opt/airflow/dags/dag_consolidate.py took 1.213 seconds
