[2026-05-11T02:42:36.751+0000] {processor.py:161} INFO - Started process (PID=185) to work on /opt/airflow/dags/dag_extract_bcb.py
[2026-05-11T02:42:36.754+0000] {processor.py:830} INFO - Processing file /opt/airflow/dags/dag_extract_bcb.py for tasks to queue
[2026-05-11T02:42:36.762+0000] {logging_mixin.py:188} INFO - [2026-05-11T02:42:36.760+0000] {dagbag.py:545} INFO - Filling up the DagBag from /opt/airflow/dags/dag_extract_bcb.py
[2026-05-11T02:42:38.613+0000] {processor.py:840} INFO - DAG(s) 'dag_extract_bcb' retrieved from /opt/airflow/dags/dag_extract_bcb.py
[2026-05-11T02:42:38.834+0000] {logging_mixin.py:188} INFO - [2026-05-11T02:42:38.833+0000] {dag.py:3089} INFO - Sync 1 DAGs
[2026-05-11T02:42:38.878+0000] {logging_mixin.py:188} INFO - [2026-05-11T02:42:38.877+0000] {dag.py:3947} INFO - Setting next_dagrun for dag_extract_bcb to 2026-05-11 00:00:00+00:00, run_after=2026-05-12 00:00:00+00:00
[2026-05-11T02:42:38.921+0000] {processor.py:183} INFO - Processing /opt/airflow/dags/dag_extract_bcb.py took 2.190 seconds
[2026-05-11T02:43:09.640+0000] {processor.py:161} INFO - Started process (PID=203) to work on /opt/airflow/dags/dag_extract_bcb.py
[2026-05-11T02:43:09.642+0000] {processor.py:830} INFO - Processing file /opt/airflow/dags/dag_extract_bcb.py for tasks to queue
[2026-05-11T02:43:09.646+0000] {logging_mixin.py:188} INFO - [2026-05-11T02:43:09.645+0000] {dagbag.py:545} INFO - Filling up the DagBag from /opt/airflow/dags/dag_extract_bcb.py
[2026-05-11T02:43:11.088+0000] {processor.py:840} INFO - DAG(s) 'dag_extract_bcb' retrieved from /opt/airflow/dags/dag_extract_bcb.py
[2026-05-11T02:43:11.166+0000] {logging_mixin.py:188} INFO - [2026-05-11T02:43:11.165+0000] {dag.py:3089} INFO - Sync 1 DAGs
[2026-05-11T02:43:11.245+0000] {logging_mixin.py:188} INFO - [2026-05-11T02:43:11.243+0000] {dag.py:3947} INFO - Setting next_dagrun for dag_extract_bcb to 2026-05-11 00:00:00+00:00, run_after=2026-05-12 00:00:00+00:00
[2026-05-11T02:43:11.289+0000] {processor.py:183} INFO - Processing /opt/airflow/dags/dag_extract_bcb.py took 1.662 seconds
[2026-05-11T02:43:41.985+0000] {processor.py:161} INFO - Started process (PID=221) to work on /opt/airflow/dags/dag_extract_bcb.py
[2026-05-11T02:43:41.988+0000] {processor.py:830} INFO - Processing file /opt/airflow/dags/dag_extract_bcb.py for tasks to queue
[2026-05-11T02:43:41.992+0000] {logging_mixin.py:188} INFO - [2026-05-11T02:43:41.991+0000] {dagbag.py:545} INFO - Filling up the DagBag from /opt/airflow/dags/dag_extract_bcb.py
[2026-05-11T02:43:43.572+0000] {processor.py:840} INFO - DAG(s) 'dag_extract_bcb' retrieved from /opt/airflow/dags/dag_extract_bcb.py
[2026-05-11T02:43:43.645+0000] {logging_mixin.py:188} INFO - [2026-05-11T02:43:43.644+0000] {dag.py:3089} INFO - Sync 1 DAGs
[2026-05-11T02:43:43.696+0000] {logging_mixin.py:188} INFO - [2026-05-11T02:43:43.696+0000] {dag.py:3947} INFO - Setting next_dagrun for dag_extract_bcb to 2026-05-11 00:00:00+00:00, run_after=2026-05-12 00:00:00+00:00
[2026-05-11T02:43:43.736+0000] {processor.py:183} INFO - Processing /opt/airflow/dags/dag_extract_bcb.py took 1.767 seconds
[2026-05-11T02:44:14.300+0000] {processor.py:161} INFO - Started process (PID=239) to work on /opt/airflow/dags/dag_extract_bcb.py
[2026-05-11T02:44:14.303+0000] {processor.py:830} INFO - Processing file /opt/airflow/dags/dag_extract_bcb.py for tasks to queue
[2026-05-11T02:44:14.308+0000] {logging_mixin.py:188} INFO - [2026-05-11T02:44:14.307+0000] {dagbag.py:545} INFO - Filling up the DagBag from /opt/airflow/dags/dag_extract_bcb.py
[2026-05-11T02:44:16.328+0000] {processor.py:840} INFO - DAG(s) 'dag_extract_bcb' retrieved from /opt/airflow/dags/dag_extract_bcb.py
[2026-05-11T02:44:16.385+0000] {logging_mixin.py:188} INFO - [2026-05-11T02:44:16.384+0000] {dag.py:3089} INFO - Sync 1 DAGs
[2026-05-11T02:44:16.451+0000] {logging_mixin.py:188} INFO - [2026-05-11T02:44:16.450+0000] {dag.py:3947} INFO - Setting next_dagrun for dag_extract_bcb to 2026-05-11 00:00:00+00:00, run_after=2026-05-12 00:00:00+00:00
[2026-05-11T02:44:16.536+0000] {processor.py:183} INFO - Processing /opt/airflow/dags/dag_extract_bcb.py took 2.260 seconds
[2026-05-11T02:44:47.207+0000] {processor.py:161} INFO - Started process (PID=257) to work on /opt/airflow/dags/dag_extract_bcb.py
[2026-05-11T02:44:47.211+0000] {processor.py:830} INFO - Processing file /opt/airflow/dags/dag_extract_bcb.py for tasks to queue
[2026-05-11T02:44:47.222+0000] {logging_mixin.py:188} INFO - [2026-05-11T02:44:47.220+0000] {dagbag.py:545} INFO - Filling up the DagBag from /opt/airflow/dags/dag_extract_bcb.py
[2026-05-11T02:44:49.204+0000] {processor.py:840} INFO - DAG(s) 'dag_extract_bcb' retrieved from /opt/airflow/dags/dag_extract_bcb.py
[2026-05-11T02:44:49.273+0000] {logging_mixin.py:188} INFO - [2026-05-11T02:44:49.272+0000] {dag.py:3089} INFO - Sync 1 DAGs
[2026-05-11T02:44:49.323+0000] {logging_mixin.py:188} INFO - [2026-05-11T02:44:49.322+0000] {dag.py:3947} INFO - Setting next_dagrun for dag_extract_bcb to 2026-05-11 00:00:00+00:00, run_after=2026-05-12 00:00:00+00:00
[2026-05-11T02:44:49.408+0000] {processor.py:183} INFO - Processing /opt/airflow/dags/dag_extract_bcb.py took 2.225 seconds
[2026-05-11T02:45:19.610+0000] {processor.py:161} INFO - Started process (PID=275) to work on /opt/airflow/dags/dag_extract_bcb.py
[2026-05-11T02:45:19.613+0000] {processor.py:830} INFO - Processing file /opt/airflow/dags/dag_extract_bcb.py for tasks to queue
[2026-05-11T02:45:19.620+0000] {logging_mixin.py:188} INFO - [2026-05-11T02:45:19.619+0000] {dagbag.py:545} INFO - Filling up the DagBag from /opt/airflow/dags/dag_extract_bcb.py
[2026-05-11T02:45:21.445+0000] {processor.py:840} INFO - DAG(s) 'dag_extract_bcb' retrieved from /opt/airflow/dags/dag_extract_bcb.py
[2026-05-11T02:45:21.483+0000] {logging_mixin.py:188} INFO - [2026-05-11T02:45:21.482+0000] {dag.py:3089} INFO - Sync 1 DAGs
[2026-05-11T02:45:21.537+0000] {logging_mixin.py:188} INFO - [2026-05-11T02:45:21.536+0000] {dag.py:3947} INFO - Setting next_dagrun for dag_extract_bcb to 2026-05-11 00:00:00+00:00, run_after=2026-05-12 00:00:00+00:00
[2026-05-11T02:45:21.620+0000] {processor.py:183} INFO - Processing /opt/airflow/dags/dag_extract_bcb.py took 2.032 seconds
[2026-05-11T02:45:51.991+0000] {processor.py:161} INFO - Started process (PID=293) to work on /opt/airflow/dags/dag_extract_bcb.py
[2026-05-11T02:45:51.995+0000] {processor.py:830} INFO - Processing file /opt/airflow/dags/dag_extract_bcb.py for tasks to queue
[2026-05-11T02:45:52.006+0000] {logging_mixin.py:188} INFO - [2026-05-11T02:45:52.004+0000] {dagbag.py:545} INFO - Filling up the DagBag from /opt/airflow/dags/dag_extract_bcb.py
[2026-05-11T02:45:53.286+0000] {processor.py:840} INFO - DAG(s) 'dag_extract_bcb' retrieved from /opt/airflow/dags/dag_extract_bcb.py
[2026-05-11T02:45:53.403+0000] {logging_mixin.py:188} INFO - [2026-05-11T02:45:53.402+0000] {dag.py:3089} INFO - Sync 1 DAGs
[2026-05-11T02:45:53.532+0000] {logging_mixin.py:188} INFO - [2026-05-11T02:45:53.532+0000] {dag.py:3947} INFO - Setting next_dagrun for dag_extract_bcb to 2026-05-11 00:00:00+00:00, run_after=2026-05-12 00:00:00+00:00
[2026-05-11T02:45:53.676+0000] {processor.py:183} INFO - Processing /opt/airflow/dags/dag_extract_bcb.py took 1.739 seconds
[2026-05-11T02:46:24.317+0000] {processor.py:161} INFO - Started process (PID=311) to work on /opt/airflow/dags/dag_extract_bcb.py
[2026-05-11T02:46:24.320+0000] {processor.py:830} INFO - Processing file /opt/airflow/dags/dag_extract_bcb.py for tasks to queue
[2026-05-11T02:46:24.326+0000] {logging_mixin.py:188} INFO - [2026-05-11T02:46:24.325+0000] {dagbag.py:545} INFO - Filling up the DagBag from /opt/airflow/dags/dag_extract_bcb.py
[2026-05-11T02:46:26.083+0000] {processor.py:840} INFO - DAG(s) 'dag_extract_bcb' retrieved from /opt/airflow/dags/dag_extract_bcb.py
[2026-05-11T02:46:26.130+0000] {logging_mixin.py:188} INFO - [2026-05-11T02:46:26.130+0000] {dag.py:3089} INFO - Sync 1 DAGs
[2026-05-11T02:46:26.197+0000] {logging_mixin.py:188} INFO - [2026-05-11T02:46:26.196+0000] {dag.py:3947} INFO - Setting next_dagrun for dag_extract_bcb to 2026-05-11 00:00:00+00:00, run_after=2026-05-12 00:00:00+00:00
[2026-05-11T02:46:26.289+0000] {processor.py:183} INFO - Processing /opt/airflow/dags/dag_extract_bcb.py took 1.987 seconds
[2026-05-11T02:46:57.355+0000] {processor.py:161} INFO - Started process (PID=329) to work on /opt/airflow/dags/dag_extract_bcb.py
[2026-05-11T02:46:57.357+0000] {processor.py:830} INFO - Processing file /opt/airflow/dags/dag_extract_bcb.py for tasks to queue
[2026-05-11T02:46:57.361+0000] {logging_mixin.py:188} INFO - [2026-05-11T02:46:57.361+0000] {dagbag.py:545} INFO - Filling up the DagBag from /opt/airflow/dags/dag_extract_bcb.py
[2026-05-11T02:46:59.046+0000] {processor.py:840} INFO - DAG(s) 'dag_extract_bcb' retrieved from /opt/airflow/dags/dag_extract_bcb.py
[2026-05-11T02:46:59.120+0000] {logging_mixin.py:188} INFO - [2026-05-11T02:46:59.120+0000] {dag.py:3089} INFO - Sync 1 DAGs
[2026-05-11T02:46:59.206+0000] {logging_mixin.py:188} INFO - [2026-05-11T02:46:59.204+0000] {dag.py:3947} INFO - Setting next_dagrun for dag_extract_bcb to 2026-05-11 00:00:00+00:00, run_after=2026-05-12 00:00:00+00:00
[2026-05-11T02:46:59.302+0000] {processor.py:183} INFO - Processing /opt/airflow/dags/dag_extract_bcb.py took 1.977 seconds
[2026-05-11T02:47:30.088+0000] {processor.py:161} INFO - Started process (PID=347) to work on /opt/airflow/dags/dag_extract_bcb.py
[2026-05-11T02:47:30.090+0000] {processor.py:830} INFO - Processing file /opt/airflow/dags/dag_extract_bcb.py for tasks to queue
[2026-05-11T02:47:30.099+0000] {logging_mixin.py:188} INFO - [2026-05-11T02:47:30.098+0000] {dagbag.py:545} INFO - Filling up the DagBag from /opt/airflow/dags/dag_extract_bcb.py
[2026-05-11T02:47:31.660+0000] {processor.py:840} INFO - DAG(s) 'dag_extract_bcb' retrieved from /opt/airflow/dags/dag_extract_bcb.py
[2026-05-11T02:47:31.713+0000] {logging_mixin.py:188} INFO - [2026-05-11T02:47:31.712+0000] {dag.py:3089} INFO - Sync 1 DAGs
[2026-05-11T02:47:31.751+0000] {logging_mixin.py:188} INFO - [2026-05-11T02:47:31.751+0000] {dag.py:3947} INFO - Setting next_dagrun for dag_extract_bcb to 2026-05-11 00:00:00+00:00, run_after=2026-05-12 00:00:00+00:00
[2026-05-11T02:47:31.787+0000] {processor.py:183} INFO - Processing /opt/airflow/dags/dag_extract_bcb.py took 1.731 seconds
[2026-05-11T02:48:02.290+0000] {processor.py:161} INFO - Started process (PID=363) to work on /opt/airflow/dags/dag_extract_bcb.py
[2026-05-11T02:48:02.293+0000] {processor.py:830} INFO - Processing file /opt/airflow/dags/dag_extract_bcb.py for tasks to queue
[2026-05-11T02:48:02.298+0000] {logging_mixin.py:188} INFO - [2026-05-11T02:48:02.297+0000] {dagbag.py:545} INFO - Filling up the DagBag from /opt/airflow/dags/dag_extract_bcb.py
[2026-05-11T02:48:04.026+0000] {processor.py:840} INFO - DAG(s) 'dag_extract_bcb' retrieved from /opt/airflow/dags/dag_extract_bcb.py
[2026-05-11T02:48:04.106+0000] {logging_mixin.py:188} INFO - [2026-05-11T02:48:04.102+0000] {dag.py:3089} INFO - Sync 1 DAGs
[2026-05-11T02:48:04.195+0000] {logging_mixin.py:188} INFO - [2026-05-11T02:48:04.194+0000] {dag.py:3947} INFO - Setting next_dagrun for dag_extract_bcb to 2026-05-11 00:00:00+00:00, run_after=2026-05-12 00:00:00+00:00
[2026-05-11T02:48:04.259+0000] {processor.py:183} INFO - Processing /opt/airflow/dags/dag_extract_bcb.py took 2.018 seconds
[2026-05-11T02:48:34.439+0000] {processor.py:161} INFO - Started process (PID=381) to work on /opt/airflow/dags/dag_extract_bcb.py
[2026-05-11T02:48:34.443+0000] {processor.py:830} INFO - Processing file /opt/airflow/dags/dag_extract_bcb.py for tasks to queue
[2026-05-11T02:48:34.447+0000] {logging_mixin.py:188} INFO - [2026-05-11T02:48:34.446+0000] {dagbag.py:545} INFO - Filling up the DagBag from /opt/airflow/dags/dag_extract_bcb.py
[2026-05-11T02:48:35.683+0000] {processor.py:840} INFO - DAG(s) 'dag_extract_bcb' retrieved from /opt/airflow/dags/dag_extract_bcb.py
[2026-05-11T02:48:35.752+0000] {logging_mixin.py:188} INFO - [2026-05-11T02:48:35.751+0000] {dag.py:3089} INFO - Sync 1 DAGs
[2026-05-11T02:48:35.804+0000] {logging_mixin.py:188} INFO - [2026-05-11T02:48:35.803+0000] {dag.py:3947} INFO - Setting next_dagrun for dag_extract_bcb to 2026-05-11 00:00:00+00:00, run_after=2026-05-12 00:00:00+00:00
[2026-05-11T02:48:35.854+0000] {processor.py:183} INFO - Processing /opt/airflow/dags/dag_extract_bcb.py took 1.431 seconds
[2026-05-11T02:49:06.561+0000] {processor.py:161} INFO - Started process (PID=399) to work on /opt/airflow/dags/dag_extract_bcb.py
[2026-05-11T02:49:06.563+0000] {processor.py:830} INFO - Processing file /opt/airflow/dags/dag_extract_bcb.py for tasks to queue
[2026-05-11T02:49:06.568+0000] {logging_mixin.py:188} INFO - [2026-05-11T02:49:06.567+0000] {dagbag.py:545} INFO - Filling up the DagBag from /opt/airflow/dags/dag_extract_bcb.py
[2026-05-11T02:49:07.618+0000] {processor.py:840} INFO - DAG(s) 'dag_extract_bcb' retrieved from /opt/airflow/dags/dag_extract_bcb.py
[2026-05-11T02:49:07.681+0000] {logging_mixin.py:188} INFO - [2026-05-11T02:49:07.680+0000] {dag.py:3089} INFO - Sync 1 DAGs
[2026-05-11T02:49:07.743+0000] {logging_mixin.py:188} INFO - [2026-05-11T02:49:07.742+0000] {dag.py:3947} INFO - Setting next_dagrun for dag_extract_bcb to 2026-05-11 00:00:00+00:00, run_after=2026-05-12 00:00:00+00:00
[2026-05-11T02:49:07.795+0000] {processor.py:183} INFO - Processing /opt/airflow/dags/dag_extract_bcb.py took 1.249 seconds
[2026-05-11T02:49:38.624+0000] {processor.py:161} INFO - Started process (PID=417) to work on /opt/airflow/dags/dag_extract_bcb.py
[2026-05-11T02:49:38.626+0000] {processor.py:830} INFO - Processing file /opt/airflow/dags/dag_extract_bcb.py for tasks to queue
[2026-05-11T02:49:38.631+0000] {logging_mixin.py:188} INFO - [2026-05-11T02:49:38.630+0000] {dagbag.py:545} INFO - Filling up the DagBag from /opt/airflow/dags/dag_extract_bcb.py
[2026-05-11T02:49:39.884+0000] {processor.py:840} INFO - DAG(s) 'dag_extract_bcb' retrieved from /opt/airflow/dags/dag_extract_bcb.py
[2026-05-11T02:49:39.987+0000] {logging_mixin.py:188} INFO - [2026-05-11T02:49:39.986+0000] {dag.py:3089} INFO - Sync 1 DAGs
[2026-05-11T02:49:40.072+0000] {logging_mixin.py:188} INFO - [2026-05-11T02:49:40.071+0000] {dag.py:3947} INFO - Setting next_dagrun for dag_extract_bcb to 2026-05-11 00:00:00+00:00, run_after=2026-05-12 00:00:00+00:00
[2026-05-11T02:49:40.148+0000] {processor.py:183} INFO - Processing /opt/airflow/dags/dag_extract_bcb.py took 1.533 seconds
[2026-05-11T02:50:11.174+0000] {processor.py:161} INFO - Started process (PID=435) to work on /opt/airflow/dags/dag_extract_bcb.py
[2026-05-11T02:50:11.181+0000] {processor.py:830} INFO - Processing file /opt/airflow/dags/dag_extract_bcb.py for tasks to queue
[2026-05-11T02:50:11.193+0000] {logging_mixin.py:188} INFO - [2026-05-11T02:50:11.192+0000] {dagbag.py:545} INFO - Filling up the DagBag from /opt/airflow/dags/dag_extract_bcb.py
[2026-05-11T02:50:12.528+0000] {processor.py:840} INFO - DAG(s) 'dag_extract_bcb' retrieved from /opt/airflow/dags/dag_extract_bcb.py
[2026-05-11T02:50:12.572+0000] {logging_mixin.py:188} INFO - [2026-05-11T02:50:12.571+0000] {dag.py:3089} INFO - Sync 1 DAGs
[2026-05-11T02:50:12.606+0000] {logging_mixin.py:188} INFO - [2026-05-11T02:50:12.606+0000] {dag.py:3947} INFO - Setting next_dagrun for dag_extract_bcb to 2026-05-11 00:00:00+00:00, run_after=2026-05-12 00:00:00+00:00
[2026-05-11T02:50:12.644+0000] {processor.py:183} INFO - Processing /opt/airflow/dags/dag_extract_bcb.py took 1.492 seconds
[2026-05-11T02:50:42.990+0000] {processor.py:161} INFO - Started process (PID=452) to work on /opt/airflow/dags/dag_extract_bcb.py
[2026-05-11T02:50:42.995+0000] {processor.py:830} INFO - Processing file /opt/airflow/dags/dag_extract_bcb.py for tasks to queue
[2026-05-11T02:50:43.004+0000] {logging_mixin.py:188} INFO - [2026-05-11T02:50:43.002+0000] {dagbag.py:545} INFO - Filling up the DagBag from /opt/airflow/dags/dag_extract_bcb.py
[2026-05-11T02:50:43.967+0000] {processor.py:840} INFO - DAG(s) 'dag_extract_bcb' retrieved from /opt/airflow/dags/dag_extract_bcb.py
[2026-05-11T02:50:44.020+0000] {logging_mixin.py:188} INFO - [2026-05-11T02:50:44.020+0000] {dag.py:3089} INFO - Sync 1 DAGs
[2026-05-11T02:50:44.068+0000] {logging_mixin.py:188} INFO - [2026-05-11T02:50:44.068+0000] {dag.py:3947} INFO - Setting next_dagrun for dag_extract_bcb to 2026-05-11 00:00:00+00:00, run_after=2026-05-12 00:00:00+00:00
[2026-05-11T02:50:44.132+0000] {processor.py:183} INFO - Processing /opt/airflow/dags/dag_extract_bcb.py took 1.176 seconds
[2026-05-11T02:51:14.848+0000] {processor.py:161} INFO - Started process (PID=471) to work on /opt/airflow/dags/dag_extract_bcb.py
[2026-05-11T02:51:14.850+0000] {processor.py:830} INFO - Processing file /opt/airflow/dags/dag_extract_bcb.py for tasks to queue
[2026-05-11T02:51:14.853+0000] {logging_mixin.py:188} INFO - [2026-05-11T02:51:14.852+0000] {dagbag.py:545} INFO - Filling up the DagBag from /opt/airflow/dags/dag_extract_bcb.py
[2026-05-11T02:51:15.754+0000] {processor.py:840} INFO - DAG(s) 'dag_extract_bcb' retrieved from /opt/airflow/dags/dag_extract_bcb.py
[2026-05-11T02:51:15.808+0000] {logging_mixin.py:188} INFO - [2026-05-11T02:51:15.807+0000] {dag.py:3089} INFO - Sync 1 DAGs
[2026-05-11T02:51:15.859+0000] {logging_mixin.py:188} INFO - [2026-05-11T02:51:15.859+0000] {dag.py:3947} INFO - Setting next_dagrun for dag_extract_bcb to 2026-05-11 00:00:00+00:00, run_after=2026-05-12 00:00:00+00:00
[2026-05-11T02:51:15.902+0000] {processor.py:183} INFO - Processing /opt/airflow/dags/dag_extract_bcb.py took 1.066 seconds
[2026-05-11T02:51:46.136+0000] {processor.py:161} INFO - Started process (PID=489) to work on /opt/airflow/dags/dag_extract_bcb.py
[2026-05-11T02:51:46.139+0000] {processor.py:830} INFO - Processing file /opt/airflow/dags/dag_extract_bcb.py for tasks to queue
[2026-05-11T02:51:46.143+0000] {logging_mixin.py:188} INFO - [2026-05-11T02:51:46.142+0000] {dagbag.py:545} INFO - Filling up the DagBag from /opt/airflow/dags/dag_extract_bcb.py
[2026-05-11T02:51:47.331+0000] {processor.py:840} INFO - DAG(s) 'dag_extract_bcb' retrieved from /opt/airflow/dags/dag_extract_bcb.py
[2026-05-11T02:51:47.386+0000] {logging_mixin.py:188} INFO - [2026-05-11T02:51:47.386+0000] {dag.py:3089} INFO - Sync 1 DAGs
[2026-05-11T02:51:47.438+0000] {logging_mixin.py:188} INFO - [2026-05-11T02:51:47.437+0000] {dag.py:3947} INFO - Setting next_dagrun for dag_extract_bcb to 2026-05-11 00:00:00+00:00, run_after=2026-05-12 00:00:00+00:00
[2026-05-11T02:51:47.476+0000] {processor.py:183} INFO - Processing /opt/airflow/dags/dag_extract_bcb.py took 1.353 seconds
[2026-05-11T02:52:18.305+0000] {processor.py:161} INFO - Started process (PID=506) to work on /opt/airflow/dags/dag_extract_bcb.py
[2026-05-11T02:52:18.309+0000] {processor.py:830} INFO - Processing file /opt/airflow/dags/dag_extract_bcb.py for tasks to queue
[2026-05-11T02:52:18.318+0000] {logging_mixin.py:188} INFO - [2026-05-11T02:52:18.316+0000] {dagbag.py:545} INFO - Filling up the DagBag from /opt/airflow/dags/dag_extract_bcb.py
[2026-05-11T02:52:19.477+0000] {processor.py:840} INFO - DAG(s) 'dag_extract_bcb' retrieved from /opt/airflow/dags/dag_extract_bcb.py
[2026-05-11T02:52:19.531+0000] {logging_mixin.py:188} INFO - [2026-05-11T02:52:19.530+0000] {dag.py:3089} INFO - Sync 1 DAGs
[2026-05-11T02:52:19.573+0000] {logging_mixin.py:188} INFO - [2026-05-11T02:52:19.573+0000] {dag.py:3947} INFO - Setting next_dagrun for dag_extract_bcb to 2026-05-11 00:00:00+00:00, run_after=2026-05-12 00:00:00+00:00
[2026-05-11T02:52:19.609+0000] {processor.py:183} INFO - Processing /opt/airflow/dags/dag_extract_bcb.py took 1.334 seconds
[2026-05-11T02:52:50.275+0000] {processor.py:161} INFO - Started process (PID=525) to work on /opt/airflow/dags/dag_extract_bcb.py
[2026-05-11T02:52:50.277+0000] {processor.py:830} INFO - Processing file /opt/airflow/dags/dag_extract_bcb.py for tasks to queue
[2026-05-11T02:52:50.280+0000] {logging_mixin.py:188} INFO - [2026-05-11T02:52:50.279+0000] {dagbag.py:545} INFO - Filling up the DagBag from /opt/airflow/dags/dag_extract_bcb.py
[2026-05-11T02:52:51.439+0000] {processor.py:840} INFO - DAG(s) 'dag_extract_bcb' retrieved from /opt/airflow/dags/dag_extract_bcb.py
[2026-05-11T02:52:51.547+0000] {logging_mixin.py:188} INFO - [2026-05-11T02:52:51.546+0000] {dag.py:3089} INFO - Sync 1 DAGs
[2026-05-11T02:52:51.600+0000] {logging_mixin.py:188} INFO - [2026-05-11T02:52:51.599+0000] {dag.py:3947} INFO - Setting next_dagrun for dag_extract_bcb to 2026-05-11 00:00:00+00:00, run_after=2026-05-12 00:00:00+00:00
[2026-05-11T02:52:51.643+0000] {processor.py:183} INFO - Processing /opt/airflow/dags/dag_extract_bcb.py took 1.380 seconds
[2026-05-11T02:53:21.762+0000] {processor.py:161} INFO - Started process (PID=543) to work on /opt/airflow/dags/dag_extract_bcb.py
[2026-05-11T02:53:21.764+0000] {processor.py:830} INFO - Processing file /opt/airflow/dags/dag_extract_bcb.py for tasks to queue
[2026-05-11T02:53:21.767+0000] {logging_mixin.py:188} INFO - [2026-05-11T02:53:21.766+0000] {dagbag.py:545} INFO - Filling up the DagBag from /opt/airflow/dags/dag_extract_bcb.py
[2026-05-11T02:53:22.924+0000] {processor.py:840} INFO - DAG(s) 'dag_extract_bcb' retrieved from /opt/airflow/dags/dag_extract_bcb.py
[2026-05-11T02:53:23.015+0000] {logging_mixin.py:188} INFO - [2026-05-11T02:53:23.014+0000] {dag.py:3089} INFO - Sync 1 DAGs
[2026-05-11T02:53:23.067+0000] {logging_mixin.py:188} INFO - [2026-05-11T02:53:23.066+0000] {dag.py:3947} INFO - Setting next_dagrun for dag_extract_bcb to 2026-05-11 00:00:00+00:00, run_after=2026-05-12 00:00:00+00:00
[2026-05-11T02:53:23.114+0000] {processor.py:183} INFO - Processing /opt/airflow/dags/dag_extract_bcb.py took 1.363 seconds
[2026-05-11T02:53:53.859+0000] {processor.py:161} INFO - Started process (PID=561) to work on /opt/airflow/dags/dag_extract_bcb.py
[2026-05-11T02:53:53.861+0000] {processor.py:830} INFO - Processing file /opt/airflow/dags/dag_extract_bcb.py for tasks to queue
[2026-05-11T02:53:53.865+0000] {logging_mixin.py:188} INFO - [2026-05-11T02:53:53.864+0000] {dagbag.py:545} INFO - Filling up the DagBag from /opt/airflow/dags/dag_extract_bcb.py
[2026-05-11T02:53:55.067+0000] {processor.py:840} INFO - DAG(s) 'dag_extract_bcb' retrieved from /opt/airflow/dags/dag_extract_bcb.py
[2026-05-11T02:53:55.135+0000] {logging_mixin.py:188} INFO - [2026-05-11T02:53:55.134+0000] {dag.py:3089} INFO - Sync 1 DAGs
[2026-05-11T02:53:55.188+0000] {logging_mixin.py:188} INFO - [2026-05-11T02:53:55.187+0000] {dag.py:3947} INFO - Setting next_dagrun for dag_extract_bcb to 2026-05-11 00:00:00+00:00, run_after=2026-05-12 00:00:00+00:00
[2026-05-11T02:53:55.243+0000] {processor.py:183} INFO - Processing /opt/airflow/dags/dag_extract_bcb.py took 1.395 seconds
[2026-05-11T02:54:25.972+0000] {processor.py:161} INFO - Started process (PID=581) to work on /opt/airflow/dags/dag_extract_bcb.py
[2026-05-11T02:54:25.975+0000] {processor.py:830} INFO - Processing file /opt/airflow/dags/dag_extract_bcb.py for tasks to queue
[2026-05-11T02:54:25.980+0000] {logging_mixin.py:188} INFO - [2026-05-11T02:54:25.980+0000] {dagbag.py:545} INFO - Filling up the DagBag from /opt/airflow/dags/dag_extract_bcb.py
[2026-05-11T02:54:27.551+0000] {processor.py:840} INFO - DAG(s) 'dag_extract_bcb' retrieved from /opt/airflow/dags/dag_extract_bcb.py
[2026-05-11T02:54:27.638+0000] {logging_mixin.py:188} INFO - [2026-05-11T02:54:27.637+0000] {dag.py:3089} INFO - Sync 1 DAGs
[2026-05-11T02:54:27.709+0000] {logging_mixin.py:188} INFO - [2026-05-11T02:54:27.708+0000] {dag.py:3947} INFO - Setting next_dagrun for dag_extract_bcb to 2026-05-11 00:00:00+00:00, run_after=2026-05-12 00:00:00+00:00
[2026-05-11T02:54:27.773+0000] {processor.py:183} INFO - Processing /opt/airflow/dags/dag_extract_bcb.py took 1.822 seconds
[2026-05-11T02:54:57.999+0000] {processor.py:161} INFO - Started process (PID=599) to work on /opt/airflow/dags/dag_extract_bcb.py
[2026-05-11T02:54:58.003+0000] {processor.py:830} INFO - Processing file /opt/airflow/dags/dag_extract_bcb.py for tasks to queue
[2026-05-11T02:54:58.010+0000] {logging_mixin.py:188} INFO - [2026-05-11T02:54:58.009+0000] {dagbag.py:545} INFO - Filling up the DagBag from /opt/airflow/dags/dag_extract_bcb.py
[2026-05-11T02:54:59.112+0000] {processor.py:840} INFO - DAG(s) 'dag_extract_bcb' retrieved from /opt/airflow/dags/dag_extract_bcb.py
[2026-05-11T02:54:59.166+0000] {logging_mixin.py:188} INFO - [2026-05-11T02:54:59.165+0000] {dag.py:3089} INFO - Sync 1 DAGs
[2026-05-11T02:54:59.232+0000] {logging_mixin.py:188} INFO - [2026-05-11T02:54:59.232+0000] {dag.py:3947} INFO - Setting next_dagrun for dag_extract_bcb to 2026-05-11 00:00:00+00:00, run_after=2026-05-12 00:00:00+00:00
[2026-05-11T02:54:59.288+0000] {processor.py:183} INFO - Processing /opt/airflow/dags/dag_extract_bcb.py took 1.331 seconds
[2026-05-11T02:55:29.482+0000] {processor.py:161} INFO - Started process (PID=617) to work on /opt/airflow/dags/dag_extract_bcb.py
[2026-05-11T02:55:29.486+0000] {processor.py:830} INFO - Processing file /opt/airflow/dags/dag_extract_bcb.py for tasks to queue
[2026-05-11T02:55:29.493+0000] {logging_mixin.py:188} INFO - [2026-05-11T02:55:29.491+0000] {dagbag.py:545} INFO - Filling up the DagBag from /opt/airflow/dags/dag_extract_bcb.py
[2026-05-11T02:55:30.704+0000] {processor.py:840} INFO - DAG(s) 'dag_extract_bcb' retrieved from /opt/airflow/dags/dag_extract_bcb.py
[2026-05-11T02:55:30.734+0000] {logging_mixin.py:188} INFO - [2026-05-11T02:55:30.734+0000] {dag.py:3089} INFO - Sync 1 DAGs
[2026-05-11T02:55:30.758+0000] {logging_mixin.py:188} INFO - [2026-05-11T02:55:30.758+0000] {dag.py:3947} INFO - Setting next_dagrun for dag_extract_bcb to 2026-05-11 00:00:00+00:00, run_after=2026-05-12 00:00:00+00:00
[2026-05-11T02:55:30.815+0000] {processor.py:183} INFO - Processing /opt/airflow/dags/dag_extract_bcb.py took 1.365 seconds
[2026-05-11T02:56:01.235+0000] {processor.py:161} INFO - Started process (PID=635) to work on /opt/airflow/dags/dag_extract_bcb.py
[2026-05-11T02:56:01.240+0000] {processor.py:830} INFO - Processing file /opt/airflow/dags/dag_extract_bcb.py for tasks to queue
[2026-05-11T02:56:01.253+0000] {logging_mixin.py:188} INFO - [2026-05-11T02:56:01.250+0000] {dagbag.py:545} INFO - Filling up the DagBag from /opt/airflow/dags/dag_extract_bcb.py
[2026-05-11T02:56:02.934+0000] {processor.py:840} INFO - DAG(s) 'dag_extract_bcb' retrieved from /opt/airflow/dags/dag_extract_bcb.py
[2026-05-11T02:56:03.088+0000] {logging_mixin.py:188} INFO - [2026-05-11T02:56:03.086+0000] {dag.py:3089} INFO - Sync 1 DAGs
[2026-05-11T02:56:03.217+0000] {logging_mixin.py:188} INFO - [2026-05-11T02:56:03.216+0000] {dag.py:3947} INFO - Setting next_dagrun for dag_extract_bcb to 2026-05-11 00:00:00+00:00, run_after=2026-05-12 00:00:00+00:00
[2026-05-11T02:56:03.327+0000] {processor.py:183} INFO - Processing /opt/airflow/dags/dag_extract_bcb.py took 2.131 seconds
[2026-05-11T02:56:33.746+0000] {processor.py:161} INFO - Started process (PID=653) to work on /opt/airflow/dags/dag_extract_bcb.py
[2026-05-11T02:56:33.749+0000] {processor.py:830} INFO - Processing file /opt/airflow/dags/dag_extract_bcb.py for tasks to queue
[2026-05-11T02:56:33.753+0000] {logging_mixin.py:188} INFO - [2026-05-11T02:56:33.752+0000] {dagbag.py:545} INFO - Filling up the DagBag from /opt/airflow/dags/dag_extract_bcb.py
[2026-05-11T02:56:35.133+0000] {processor.py:840} INFO - DAG(s) 'dag_extract_bcb' retrieved from /opt/airflow/dags/dag_extract_bcb.py
[2026-05-11T02:56:35.228+0000] {logging_mixin.py:188} INFO - [2026-05-11T02:56:35.226+0000] {dag.py:3089} INFO - Sync 1 DAGs
[2026-05-11T02:56:35.303+0000] {logging_mixin.py:188} INFO - [2026-05-11T02:56:35.302+0000] {dag.py:3947} INFO - Setting next_dagrun for dag_extract_bcb to 2026-05-11 00:00:00+00:00, run_after=2026-05-12 00:00:00+00:00
[2026-05-11T02:56:35.365+0000] {processor.py:183} INFO - Processing /opt/airflow/dags/dag_extract_bcb.py took 1.630 seconds
[2026-05-11T02:57:05.506+0000] {processor.py:161} INFO - Started process (PID=671) to work on /opt/airflow/dags/dag_extract_bcb.py
[2026-05-11T02:57:05.508+0000] {processor.py:830} INFO - Processing file /opt/airflow/dags/dag_extract_bcb.py for tasks to queue
[2026-05-11T02:57:05.512+0000] {logging_mixin.py:188} INFO - [2026-05-11T02:57:05.511+0000] {dagbag.py:545} INFO - Filling up the DagBag from /opt/airflow/dags/dag_extract_bcb.py
[2026-05-11T02:57:07.446+0000] {processor.py:840} INFO - DAG(s) 'dag_extract_bcb' retrieved from /opt/airflow/dags/dag_extract_bcb.py
[2026-05-11T02:57:07.533+0000] {logging_mixin.py:188} INFO - [2026-05-11T02:57:07.532+0000] {dag.py:3089} INFO - Sync 1 DAGs
[2026-05-11T02:57:07.595+0000] {logging_mixin.py:188} INFO - [2026-05-11T02:57:07.595+0000] {dag.py:3947} INFO - Setting next_dagrun for dag_extract_bcb to 2026-05-11 00:00:00+00:00, run_after=2026-05-12 00:00:00+00:00
[2026-05-11T02:57:07.645+0000] {processor.py:183} INFO - Processing /opt/airflow/dags/dag_extract_bcb.py took 2.153 seconds
[2026-05-11T02:57:37.790+0000] {processor.py:161} INFO - Started process (PID=689) to work on /opt/airflow/dags/dag_extract_bcb.py
[2026-05-11T02:57:37.793+0000] {processor.py:830} INFO - Processing file /opt/airflow/dags/dag_extract_bcb.py for tasks to queue
[2026-05-11T02:57:37.796+0000] {logging_mixin.py:188} INFO - [2026-05-11T02:57:37.796+0000] {dagbag.py:545} INFO - Filling up the DagBag from /opt/airflow/dags/dag_extract_bcb.py
[2026-05-11T02:57:39.484+0000] {processor.py:840} INFO - DAG(s) 'dag_extract_bcb' retrieved from /opt/airflow/dags/dag_extract_bcb.py
[2026-05-11T02:57:39.650+0000] {logging_mixin.py:188} INFO - [2026-05-11T02:57:39.648+0000] {dag.py:3089} INFO - Sync 1 DAGs
[2026-05-11T02:57:39.804+0000] {logging_mixin.py:188} INFO - [2026-05-11T02:57:39.803+0000] {dag.py:3947} INFO - Setting next_dagrun for dag_extract_bcb to 2026-05-11 00:00:00+00:00, run_after=2026-05-12 00:00:00+00:00
[2026-05-11T02:57:39.852+0000] {processor.py:183} INFO - Processing /opt/airflow/dags/dag_extract_bcb.py took 2.073 seconds
[2026-05-11T02:58:10.915+0000] {processor.py:161} INFO - Started process (PID=707) to work on /opt/airflow/dags/dag_extract_bcb.py
[2026-05-11T02:58:10.919+0000] {processor.py:830} INFO - Processing file /opt/airflow/dags/dag_extract_bcb.py for tasks to queue
[2026-05-11T02:58:10.933+0000] {logging_mixin.py:188} INFO - [2026-05-11T02:58:10.931+0000] {dagbag.py:545} INFO - Filling up the DagBag from /opt/airflow/dags/dag_extract_bcb.py
[2026-05-11T02:58:12.717+0000] {processor.py:840} INFO - DAG(s) 'dag_extract_bcb' retrieved from /opt/airflow/dags/dag_extract_bcb.py
[2026-05-11T02:58:12.848+0000] {logging_mixin.py:188} INFO - [2026-05-11T02:58:12.847+0000] {dag.py:3089} INFO - Sync 1 DAGs
[2026-05-11T02:58:12.933+0000] {logging_mixin.py:188} INFO - [2026-05-11T02:58:12.932+0000] {dag.py:3947} INFO - Setting next_dagrun for dag_extract_bcb to 2026-05-11 00:00:00+00:00, run_after=2026-05-12 00:00:00+00:00
[2026-05-11T02:58:12.985+0000] {processor.py:183} INFO - Processing /opt/airflow/dags/dag_extract_bcb.py took 2.113 seconds
[2026-05-11T02:58:43.230+0000] {processor.py:161} INFO - Started process (PID=725) to work on /opt/airflow/dags/dag_extract_bcb.py
[2026-05-11T02:58:43.233+0000] {processor.py:830} INFO - Processing file /opt/airflow/dags/dag_extract_bcb.py for tasks to queue
[2026-05-11T02:58:43.237+0000] {logging_mixin.py:188} INFO - [2026-05-11T02:58:43.237+0000] {dagbag.py:545} INFO - Filling up the DagBag from /opt/airflow/dags/dag_extract_bcb.py
[2026-05-11T02:58:44.569+0000] {processor.py:840} INFO - DAG(s) 'dag_extract_bcb' retrieved from /opt/airflow/dags/dag_extract_bcb.py
[2026-05-11T02:58:44.671+0000] {logging_mixin.py:188} INFO - [2026-05-11T02:58:44.670+0000] {dag.py:3089} INFO - Sync 1 DAGs
[2026-05-11T02:58:44.730+0000] {logging_mixin.py:188} INFO - [2026-05-11T02:58:44.730+0000] {dag.py:3947} INFO - Setting next_dagrun for dag_extract_bcb to 2026-05-11 00:00:00+00:00, run_after=2026-05-12 00:00:00+00:00
[2026-05-11T02:58:44.767+0000] {processor.py:183} INFO - Processing /opt/airflow/dags/dag_extract_bcb.py took 1.551 seconds
[2026-05-11T02:59:15.167+0000] {processor.py:161} INFO - Started process (PID=743) to work on /opt/airflow/dags/dag_extract_bcb.py
[2026-05-11T02:59:15.169+0000] {processor.py:830} INFO - Processing file /opt/airflow/dags/dag_extract_bcb.py for tasks to queue
[2026-05-11T02:59:15.174+0000] {logging_mixin.py:188} INFO - [2026-05-11T02:59:15.173+0000] {dagbag.py:545} INFO - Filling up the DagBag from /opt/airflow/dags/dag_extract_bcb.py
[2026-05-11T02:59:16.170+0000] {processor.py:840} INFO - DAG(s) 'dag_extract_bcb' retrieved from /opt/airflow/dags/dag_extract_bcb.py
[2026-05-11T02:59:16.217+0000] {logging_mixin.py:188} INFO - [2026-05-11T02:59:16.217+0000] {dag.py:3089} INFO - Sync 1 DAGs
[2026-05-11T02:59:16.253+0000] {logging_mixin.py:188} INFO - [2026-05-11T02:59:16.252+0000] {dag.py:3947} INFO - Setting next_dagrun for dag_extract_bcb to 2026-05-11 00:00:00+00:00, run_after=2026-05-12 00:00:00+00:00
[2026-05-11T02:59:16.285+0000] {processor.py:183} INFO - Processing /opt/airflow/dags/dag_extract_bcb.py took 1.136 seconds
[2026-05-11T02:59:46.985+0000] {processor.py:161} INFO - Started process (PID=761) to work on /opt/airflow/dags/dag_extract_bcb.py
[2026-05-11T02:59:46.989+0000] {processor.py:830} INFO - Processing file /opt/airflow/dags/dag_extract_bcb.py for tasks to queue
[2026-05-11T02:59:47.003+0000] {logging_mixin.py:188} INFO - [2026-05-11T02:59:47.001+0000] {dagbag.py:545} INFO - Filling up the DagBag from /opt/airflow/dags/dag_extract_bcb.py
[2026-05-11T02:59:48.506+0000] {processor.py:840} INFO - DAG(s) 'dag_extract_bcb' retrieved from /opt/airflow/dags/dag_extract_bcb.py
[2026-05-11T02:59:48.591+0000] {logging_mixin.py:188} INFO - [2026-05-11T02:59:48.590+0000] {dag.py:3089} INFO - Sync 1 DAGs
[2026-05-11T02:59:48.684+0000] {logging_mixin.py:188} INFO - [2026-05-11T02:59:48.684+0000] {dag.py:3947} INFO - Setting next_dagrun for dag_extract_bcb to 2026-05-11 00:00:00+00:00, run_after=2026-05-12 00:00:00+00:00
[2026-05-11T02:59:48.744+0000] {processor.py:183} INFO - Processing /opt/airflow/dags/dag_extract_bcb.py took 1.800 seconds
[2026-05-11T03:00:19.342+0000] {processor.py:161} INFO - Started process (PID=779) to work on /opt/airflow/dags/dag_extract_bcb.py
[2026-05-11T03:00:19.348+0000] {processor.py:830} INFO - Processing file /opt/airflow/dags/dag_extract_bcb.py for tasks to queue
[2026-05-11T03:00:19.362+0000] {logging_mixin.py:188} INFO - [2026-05-11T03:00:19.360+0000] {dagbag.py:545} INFO - Filling up the DagBag from /opt/airflow/dags/dag_extract_bcb.py
[2026-05-11T03:00:20.665+0000] {processor.py:840} INFO - DAG(s) 'dag_extract_bcb' retrieved from /opt/airflow/dags/dag_extract_bcb.py
[2026-05-11T03:00:20.706+0000] {logging_mixin.py:188} INFO - [2026-05-11T03:00:20.706+0000] {dag.py:3089} INFO - Sync 1 DAGs
[2026-05-11T03:00:20.751+0000] {logging_mixin.py:188} INFO - [2026-05-11T03:00:20.750+0000] {dag.py:3947} INFO - Setting next_dagrun for dag_extract_bcb to 2026-05-11 00:00:00+00:00, run_after=2026-05-12 00:00:00+00:00
[2026-05-11T03:00:20.804+0000] {processor.py:183} INFO - Processing /opt/airflow/dags/dag_extract_bcb.py took 1.503 seconds
[2026-05-11T03:00:51.710+0000] {processor.py:161} INFO - Started process (PID=797) to work on /opt/airflow/dags/dag_extract_bcb.py
[2026-05-11T03:00:51.714+0000] {processor.py:830} INFO - Processing file /opt/airflow/dags/dag_extract_bcb.py for tasks to queue
[2026-05-11T03:00:51.723+0000] {logging_mixin.py:188} INFO - [2026-05-11T03:00:51.721+0000] {dagbag.py:545} INFO - Filling up the DagBag from /opt/airflow/dags/dag_extract_bcb.py
[2026-05-11T03:00:52.865+0000] {processor.py:840} INFO - DAG(s) 'dag_extract_bcb' retrieved from /opt/airflow/dags/dag_extract_bcb.py
[2026-05-11T03:00:52.917+0000] {logging_mixin.py:188} INFO - [2026-05-11T03:00:52.917+0000] {dag.py:3089} INFO - Sync 1 DAGs
[2026-05-11T03:00:52.968+0000] {logging_mixin.py:188} INFO - [2026-05-11T03:00:52.968+0000] {dag.py:3947} INFO - Setting next_dagrun for dag_extract_bcb to 2026-05-11 00:00:00+00:00, run_after=2026-05-12 00:00:00+00:00
[2026-05-11T03:00:53.018+0000] {processor.py:183} INFO - Processing /opt/airflow/dags/dag_extract_bcb.py took 1.340 seconds
[2026-05-11T03:01:23.526+0000] {processor.py:161} INFO - Started process (PID=815) to work on /opt/airflow/dags/dag_extract_bcb.py
[2026-05-11T03:01:23.529+0000] {processor.py:830} INFO - Processing file /opt/airflow/dags/dag_extract_bcb.py for tasks to queue
[2026-05-11T03:01:23.533+0000] {logging_mixin.py:188} INFO - [2026-05-11T03:01:23.532+0000] {dagbag.py:545} INFO - Filling up the DagBag from /opt/airflow/dags/dag_extract_bcb.py
[2026-05-11T03:01:24.947+0000] {processor.py:840} INFO - DAG(s) 'dag_extract_bcb' retrieved from /opt/airflow/dags/dag_extract_bcb.py
[2026-05-11T03:01:25.001+0000] {logging_mixin.py:188} INFO - [2026-05-11T03:01:25.000+0000] {dag.py:3089} INFO - Sync 1 DAGs
[2026-05-11T03:01:25.046+0000] {logging_mixin.py:188} INFO - [2026-05-11T03:01:25.045+0000] {dag.py:3947} INFO - Setting next_dagrun for dag_extract_bcb to 2026-05-11 00:00:00+00:00, run_after=2026-05-12 00:00:00+00:00
[2026-05-11T03:01:25.083+0000] {processor.py:183} INFO - Processing /opt/airflow/dags/dag_extract_bcb.py took 1.572 seconds
[2026-05-11T03:01:55.492+0000] {processor.py:161} INFO - Started process (PID=833) to work on /opt/airflow/dags/dag_extract_bcb.py
[2026-05-11T03:01:55.494+0000] {processor.py:830} INFO - Processing file /opt/airflow/dags/dag_extract_bcb.py for tasks to queue
[2026-05-11T03:01:55.498+0000] {logging_mixin.py:188} INFO - [2026-05-11T03:01:55.497+0000] {dagbag.py:545} INFO - Filling up the DagBag from /opt/airflow/dags/dag_extract_bcb.py
[2026-05-11T03:01:56.457+0000] {processor.py:840} INFO - DAG(s) 'dag_extract_bcb' retrieved from /opt/airflow/dags/dag_extract_bcb.py
[2026-05-11T03:01:56.548+0000] {logging_mixin.py:188} INFO - [2026-05-11T03:01:56.547+0000] {dag.py:3089} INFO - Sync 1 DAGs
[2026-05-11T03:01:56.603+0000] {logging_mixin.py:188} INFO - [2026-05-11T03:01:56.602+0000] {dag.py:3947} INFO - Setting next_dagrun for dag_extract_bcb to 2026-05-11 00:00:00+00:00, run_after=2026-05-12 00:00:00+00:00
[2026-05-11T03:01:56.647+0000] {processor.py:183} INFO - Processing /opt/airflow/dags/dag_extract_bcb.py took 1.190 seconds
[2026-05-11T03:02:27.230+0000] {processor.py:161} INFO - Started process (PID=851) to work on /opt/airflow/dags/dag_extract_bcb.py
[2026-05-11T03:02:27.234+0000] {processor.py:830} INFO - Processing file /opt/airflow/dags/dag_extract_bcb.py for tasks to queue
[2026-05-11T03:02:27.242+0000] {logging_mixin.py:188} INFO - [2026-05-11T03:02:27.240+0000] {dagbag.py:545} INFO - Filling up the DagBag from /opt/airflow/dags/dag_extract_bcb.py
[2026-05-11T03:02:28.524+0000] {processor.py:840} INFO - DAG(s) 'dag_extract_bcb' retrieved from /opt/airflow/dags/dag_extract_bcb.py
[2026-05-11T03:02:28.565+0000] {logging_mixin.py:188} INFO - [2026-05-11T03:02:28.564+0000] {dag.py:3089} INFO - Sync 1 DAGs
[2026-05-11T03:02:28.612+0000] {logging_mixin.py:188} INFO - [2026-05-11T03:02:28.612+0000] {dag.py:3947} INFO - Setting next_dagrun for dag_extract_bcb to 2026-05-11 00:00:00+00:00, run_after=2026-05-12 00:00:00+00:00
[2026-05-11T03:02:28.660+0000] {processor.py:183} INFO - Processing /opt/airflow/dags/dag_extract_bcb.py took 1.456 seconds
[2026-05-11T03:02:59.448+0000] {processor.py:161} INFO - Started process (PID=869) to work on /opt/airflow/dags/dag_extract_bcb.py
[2026-05-11T03:02:59.451+0000] {processor.py:830} INFO - Processing file /opt/airflow/dags/dag_extract_bcb.py for tasks to queue
[2026-05-11T03:02:59.458+0000] {logging_mixin.py:188} INFO - [2026-05-11T03:02:59.457+0000] {dagbag.py:545} INFO - Filling up the DagBag from /opt/airflow/dags/dag_extract_bcb.py
[2026-05-11T03:03:00.666+0000] {processor.py:840} INFO - DAG(s) 'dag_extract_bcb' retrieved from /opt/airflow/dags/dag_extract_bcb.py
[2026-05-11T03:03:00.772+0000] {logging_mixin.py:188} INFO - [2026-05-11T03:03:00.771+0000] {dag.py:3089} INFO - Sync 1 DAGs
[2026-05-11T03:03:00.846+0000] {logging_mixin.py:188} INFO - [2026-05-11T03:03:00.845+0000] {dag.py:3947} INFO - Setting next_dagrun for dag_extract_bcb to 2026-05-11 00:00:00+00:00, run_after=2026-05-12 00:00:00+00:00
[2026-05-11T03:03:00.916+0000] {processor.py:183} INFO - Processing /opt/airflow/dags/dag_extract_bcb.py took 1.485 seconds
[2026-05-11T03:03:31.225+0000] {processor.py:161} INFO - Started process (PID=887) to work on /opt/airflow/dags/dag_extract_bcb.py
[2026-05-11T03:03:31.230+0000] {processor.py:830} INFO - Processing file /opt/airflow/dags/dag_extract_bcb.py for tasks to queue
[2026-05-11T03:03:31.238+0000] {logging_mixin.py:188} INFO - [2026-05-11T03:03:31.236+0000] {dagbag.py:545} INFO - Filling up the DagBag from /opt/airflow/dags/dag_extract_bcb.py
[2026-05-11T03:03:32.758+0000] {processor.py:840} INFO - DAG(s) 'dag_extract_bcb' retrieved from /opt/airflow/dags/dag_extract_bcb.py
[2026-05-11T03:03:32.835+0000] {logging_mixin.py:188} INFO - [2026-05-11T03:03:32.834+0000] {dag.py:3089} INFO - Sync 1 DAGs
[2026-05-11T03:03:32.888+0000] {logging_mixin.py:188} INFO - [2026-05-11T03:03:32.887+0000] {dag.py:3947} INFO - Setting next_dagrun for dag_extract_bcb to 2026-05-11 00:00:00+00:00, run_after=2026-05-12 00:00:00+00:00
[2026-05-11T03:03:32.954+0000] {processor.py:183} INFO - Processing /opt/airflow/dags/dag_extract_bcb.py took 1.757 seconds
[2026-05-11T03:04:03.864+0000] {processor.py:161} INFO - Started process (PID=905) to work on /opt/airflow/dags/dag_extract_bcb.py
[2026-05-11T03:04:03.867+0000] {processor.py:830} INFO - Processing file /opt/airflow/dags/dag_extract_bcb.py for tasks to queue
[2026-05-11T03:04:03.870+0000] {logging_mixin.py:188} INFO - [2026-05-11T03:04:03.870+0000] {dagbag.py:545} INFO - Filling up the DagBag from /opt/airflow/dags/dag_extract_bcb.py
[2026-05-11T03:04:04.993+0000] {processor.py:840} INFO - DAG(s) 'dag_extract_bcb' retrieved from /opt/airflow/dags/dag_extract_bcb.py
[2026-05-11T03:04:05.055+0000] {logging_mixin.py:188} INFO - [2026-05-11T03:04:05.053+0000] {dag.py:3089} INFO - Sync 1 DAGs
[2026-05-11T03:04:05.138+0000] {logging_mixin.py:188} INFO - [2026-05-11T03:04:05.137+0000] {dag.py:3947} INFO - Setting next_dagrun for dag_extract_bcb to 2026-05-11 00:00:00+00:00, run_after=2026-05-12 00:00:00+00:00
[2026-05-11T03:04:05.217+0000] {processor.py:183} INFO - Processing /opt/airflow/dags/dag_extract_bcb.py took 1.365 seconds
[2026-05-11T03:04:35.508+0000] {processor.py:161} INFO - Started process (PID=923) to work on /opt/airflow/dags/dag_extract_bcb.py
[2026-05-11T03:04:35.512+0000] {processor.py:830} INFO - Processing file /opt/airflow/dags/dag_extract_bcb.py for tasks to queue
[2026-05-11T03:04:35.522+0000] {logging_mixin.py:188} INFO - [2026-05-11T03:04:35.520+0000] {dagbag.py:545} INFO - Filling up the DagBag from /opt/airflow/dags/dag_extract_bcb.py
[2026-05-11T03:04:36.509+0000] {processor.py:840} INFO - DAG(s) 'dag_extract_bcb' retrieved from /opt/airflow/dags/dag_extract_bcb.py
[2026-05-11T03:04:36.553+0000] {logging_mixin.py:188} INFO - [2026-05-11T03:04:36.553+0000] {dag.py:3089} INFO - Sync 1 DAGs
[2026-05-11T03:04:36.591+0000] {logging_mixin.py:188} INFO - [2026-05-11T03:04:36.591+0000] {dag.py:3947} INFO - Setting next_dagrun for dag_extract_bcb to 2026-05-11 00:00:00+00:00, run_after=2026-05-12 00:00:00+00:00
[2026-05-11T03:04:36.623+0000] {processor.py:183} INFO - Processing /opt/airflow/dags/dag_extract_bcb.py took 1.147 seconds
[2026-05-11T03:05:07.408+0000] {processor.py:161} INFO - Started process (PID=941) to work on /opt/airflow/dags/dag_extract_bcb.py
[2026-05-11T03:05:07.414+0000] {processor.py:830} INFO - Processing file /opt/airflow/dags/dag_extract_bcb.py for tasks to queue
[2026-05-11T03:05:07.423+0000] {logging_mixin.py:188} INFO - [2026-05-11T03:05:07.421+0000] {dagbag.py:545} INFO - Filling up the DagBag from /opt/airflow/dags/dag_extract_bcb.py
[2026-05-11T03:05:08.337+0000] {processor.py:840} INFO - DAG(s) 'dag_extract_bcb' retrieved from /opt/airflow/dags/dag_extract_bcb.py
[2026-05-11T03:05:08.376+0000] {logging_mixin.py:188} INFO - [2026-05-11T03:05:08.375+0000] {dag.py:3089} INFO - Sync 1 DAGs
[2026-05-11T03:05:08.413+0000] {logging_mixin.py:188} INFO - [2026-05-11T03:05:08.413+0000] {dag.py:3947} INFO - Setting next_dagrun for dag_extract_bcb to 2026-05-11 00:00:00+00:00, run_after=2026-05-12 00:00:00+00:00
[2026-05-11T03:05:08.453+0000] {processor.py:183} INFO - Processing /opt/airflow/dags/dag_extract_bcb.py took 1.074 seconds
[2026-05-11T03:05:39.320+0000] {processor.py:161} INFO - Started process (PID=959) to work on /opt/airflow/dags/dag_extract_bcb.py
[2026-05-11T03:05:39.323+0000] {processor.py:830} INFO - Processing file /opt/airflow/dags/dag_extract_bcb.py for tasks to queue
[2026-05-11T03:05:39.328+0000] {logging_mixin.py:188} INFO - [2026-05-11T03:05:39.327+0000] {dagbag.py:545} INFO - Filling up the DagBag from /opt/airflow/dags/dag_extract_bcb.py
[2026-05-11T03:05:40.524+0000] {processor.py:840} INFO - DAG(s) 'dag_extract_bcb' retrieved from /opt/airflow/dags/dag_extract_bcb.py
[2026-05-11T03:05:40.572+0000] {logging_mixin.py:188} INFO - [2026-05-11T03:05:40.571+0000] {dag.py:3089} INFO - Sync 1 DAGs
[2026-05-11T03:05:40.633+0000] {logging_mixin.py:188} INFO - [2026-05-11T03:05:40.632+0000] {dag.py:3947} INFO - Setting next_dagrun for dag_extract_bcb to 2026-05-11 00:00:00+00:00, run_after=2026-05-12 00:00:00+00:00
[2026-05-11T03:05:40.690+0000] {processor.py:183} INFO - Processing /opt/airflow/dags/dag_extract_bcb.py took 1.393 seconds
[2026-05-11T03:06:11.071+0000] {processor.py:161} INFO - Started process (PID=977) to work on /opt/airflow/dags/dag_extract_bcb.py
[2026-05-11T03:06:11.075+0000] {processor.py:830} INFO - Processing file /opt/airflow/dags/dag_extract_bcb.py for tasks to queue
[2026-05-11T03:06:11.082+0000] {logging_mixin.py:188} INFO - [2026-05-11T03:06:11.081+0000] {dagbag.py:545} INFO - Filling up the DagBag from /opt/airflow/dags/dag_extract_bcb.py
[2026-05-11T03:06:12.403+0000] {processor.py:840} INFO - DAG(s) 'dag_extract_bcb' retrieved from /opt/airflow/dags/dag_extract_bcb.py
[2026-05-11T03:06:12.460+0000] {logging_mixin.py:188} INFO - [2026-05-11T03:06:12.459+0000] {dag.py:3089} INFO - Sync 1 DAGs
[2026-05-11T03:06:12.526+0000] {logging_mixin.py:188} INFO - [2026-05-11T03:06:12.526+0000] {dag.py:3947} INFO - Setting next_dagrun for dag_extract_bcb to 2026-05-11 00:00:00+00:00, run_after=2026-05-12 00:00:00+00:00
[2026-05-11T03:06:12.579+0000] {processor.py:183} INFO - Processing /opt/airflow/dags/dag_extract_bcb.py took 1.534 seconds
[2026-05-11T03:06:42.904+0000] {processor.py:161} INFO - Started process (PID=995) to work on /opt/airflow/dags/dag_extract_bcb.py
[2026-05-11T03:06:42.907+0000] {processor.py:830} INFO - Processing file /opt/airflow/dags/dag_extract_bcb.py for tasks to queue
[2026-05-11T03:06:42.911+0000] {logging_mixin.py:188} INFO - [2026-05-11T03:06:42.910+0000] {dagbag.py:545} INFO - Filling up the DagBag from /opt/airflow/dags/dag_extract_bcb.py
[2026-05-11T03:06:43.977+0000] {processor.py:840} INFO - DAG(s) 'dag_extract_bcb' retrieved from /opt/airflow/dags/dag_extract_bcb.py
[2026-05-11T03:06:44.074+0000] {logging_mixin.py:188} INFO - [2026-05-11T03:06:44.073+0000] {dag.py:3089} INFO - Sync 1 DAGs
[2026-05-11T03:06:44.146+0000] {logging_mixin.py:188} INFO - [2026-05-11T03:06:44.146+0000] {dag.py:3947} INFO - Setting next_dagrun for dag_extract_bcb to 2026-05-11 00:00:00+00:00, run_after=2026-05-12 00:00:00+00:00
[2026-05-11T03:06:44.213+0000] {processor.py:183} INFO - Processing /opt/airflow/dags/dag_extract_bcb.py took 1.324 seconds
[2026-05-11T03:07:14.397+0000] {processor.py:161} INFO - Started process (PID=1013) to work on /opt/airflow/dags/dag_extract_bcb.py
[2026-05-11T03:07:14.399+0000] {processor.py:830} INFO - Processing file /opt/airflow/dags/dag_extract_bcb.py for tasks to queue
[2026-05-11T03:07:14.403+0000] {logging_mixin.py:188} INFO - [2026-05-11T03:07:14.402+0000] {dagbag.py:545} INFO - Filling up the DagBag from /opt/airflow/dags/dag_extract_bcb.py
[2026-05-11T03:07:15.568+0000] {processor.py:840} INFO - DAG(s) 'dag_extract_bcb' retrieved from /opt/airflow/dags/dag_extract_bcb.py
[2026-05-11T03:07:15.618+0000] {logging_mixin.py:188} INFO - [2026-05-11T03:07:15.618+0000] {dag.py:3089} INFO - Sync 1 DAGs
[2026-05-11T03:07:15.674+0000] {logging_mixin.py:188} INFO - [2026-05-11T03:07:15.673+0000] {dag.py:3947} INFO - Setting next_dagrun for dag_extract_bcb to 2026-05-11 00:00:00+00:00, run_after=2026-05-12 00:00:00+00:00
[2026-05-11T03:07:15.707+0000] {processor.py:183} INFO - Processing /opt/airflow/dags/dag_extract_bcb.py took 1.322 seconds
[2026-05-11T03:07:45.923+0000] {processor.py:161} INFO - Started process (PID=1031) to work on /opt/airflow/dags/dag_extract_bcb.py
[2026-05-11T03:07:45.928+0000] {processor.py:830} INFO - Processing file /opt/airflow/dags/dag_extract_bcb.py for tasks to queue
[2026-05-11T03:07:45.943+0000] {logging_mixin.py:188} INFO - [2026-05-11T03:07:45.941+0000] {dagbag.py:545} INFO - Filling up the DagBag from /opt/airflow/dags/dag_extract_bcb.py
[2026-05-11T03:07:47.669+0000] {processor.py:840} INFO - DAG(s) 'dag_extract_bcb' retrieved from /opt/airflow/dags/dag_extract_bcb.py
[2026-05-11T03:07:47.732+0000] {logging_mixin.py:188} INFO - [2026-05-11T03:07:47.731+0000] {dag.py:3089} INFO - Sync 1 DAGs
[2026-05-11T03:07:47.798+0000] {logging_mixin.py:188} INFO - [2026-05-11T03:07:47.797+0000] {dag.py:3947} INFO - Setting next_dagrun for dag_extract_bcb to 2026-05-11 00:00:00+00:00, run_after=2026-05-12 00:00:00+00:00
[2026-05-11T03:07:47.858+0000] {processor.py:183} INFO - Processing /opt/airflow/dags/dag_extract_bcb.py took 1.972 seconds
[2026-05-11T03:08:18.117+0000] {processor.py:161} INFO - Started process (PID=1049) to work on /opt/airflow/dags/dag_extract_bcb.py
[2026-05-11T03:08:18.119+0000] {processor.py:830} INFO - Processing file /opt/airflow/dags/dag_extract_bcb.py for tasks to queue
[2026-05-11T03:08:18.122+0000] {logging_mixin.py:188} INFO - [2026-05-11T03:08:18.122+0000] {dagbag.py:545} INFO - Filling up the DagBag from /opt/airflow/dags/dag_extract_bcb.py
[2026-05-11T03:08:19.227+0000] {processor.py:840} INFO - DAG(s) 'dag_extract_bcb' retrieved from /opt/airflow/dags/dag_extract_bcb.py
[2026-05-11T03:08:19.336+0000] {logging_mixin.py:188} INFO - [2026-05-11T03:08:19.334+0000] {dag.py:3089} INFO - Sync 1 DAGs
[2026-05-11T03:08:19.462+0000] {logging_mixin.py:188} INFO - [2026-05-11T03:08:19.461+0000] {dag.py:3947} INFO - Setting next_dagrun for dag_extract_bcb to 2026-05-11 00:00:00+00:00, run_after=2026-05-12 00:00:00+00:00
[2026-05-11T03:08:19.558+0000] {processor.py:183} INFO - Processing /opt/airflow/dags/dag_extract_bcb.py took 1.456 seconds
[2026-05-11T03:08:50.090+0000] {processor.py:161} INFO - Started process (PID=1067) to work on /opt/airflow/dags/dag_extract_bcb.py
[2026-05-11T03:08:50.096+0000] {processor.py:830} INFO - Processing file /opt/airflow/dags/dag_extract_bcb.py for tasks to queue
[2026-05-11T03:08:50.110+0000] {logging_mixin.py:188} INFO - [2026-05-11T03:08:50.108+0000] {dagbag.py:545} INFO - Filling up the DagBag from /opt/airflow/dags/dag_extract_bcb.py
[2026-05-11T03:08:51.900+0000] {processor.py:840} INFO - DAG(s) 'dag_extract_bcb' retrieved from /opt/airflow/dags/dag_extract_bcb.py
[2026-05-11T03:08:52.064+0000] {logging_mixin.py:188} INFO - [2026-05-11T03:08:52.063+0000] {dag.py:3089} INFO - Sync 1 DAGs
[2026-05-11T03:08:52.247+0000] {logging_mixin.py:188} INFO - [2026-05-11T03:08:52.246+0000] {dag.py:3947} INFO - Setting next_dagrun for dag_extract_bcb to 2026-05-11 00:00:00+00:00, run_after=2026-05-12 00:00:00+00:00
[2026-05-11T03:08:52.338+0000] {processor.py:183} INFO - Processing /opt/airflow/dags/dag_extract_bcb.py took 2.295 seconds
[2026-05-11T03:09:22.730+0000] {processor.py:161} INFO - Started process (PID=1085) to work on /opt/airflow/dags/dag_extract_bcb.py
[2026-05-11T03:09:22.733+0000] {processor.py:830} INFO - Processing file /opt/airflow/dags/dag_extract_bcb.py for tasks to queue
[2026-05-11T03:09:22.738+0000] {logging_mixin.py:188} INFO - [2026-05-11T03:09:22.737+0000] {dagbag.py:545} INFO - Filling up the DagBag from /opt/airflow/dags/dag_extract_bcb.py
[2026-05-11T03:09:23.971+0000] {processor.py:840} INFO - DAG(s) 'dag_extract_bcb' retrieved from /opt/airflow/dags/dag_extract_bcb.py
[2026-05-11T03:09:24.042+0000] {logging_mixin.py:188} INFO - [2026-05-11T03:09:24.041+0000] {dag.py:3089} INFO - Sync 1 DAGs
[2026-05-11T03:09:24.095+0000] {logging_mixin.py:188} INFO - [2026-05-11T03:09:24.094+0000] {dag.py:3947} INFO - Setting next_dagrun for dag_extract_bcb to 2026-05-11 00:00:00+00:00, run_after=2026-05-12 00:00:00+00:00
[2026-05-11T03:09:24.147+0000] {processor.py:183} INFO - Processing /opt/airflow/dags/dag_extract_bcb.py took 1.429 seconds
[2026-05-11T03:09:54.514+0000] {processor.py:161} INFO - Started process (PID=1103) to work on /opt/airflow/dags/dag_extract_bcb.py
[2026-05-11T03:09:54.516+0000] {processor.py:830} INFO - Processing file /opt/airflow/dags/dag_extract_bcb.py for tasks to queue
[2026-05-11T03:09:54.521+0000] {logging_mixin.py:188} INFO - [2026-05-11T03:09:54.520+0000] {dagbag.py:545} INFO - Filling up the DagBag from /opt/airflow/dags/dag_extract_bcb.py
[2026-05-11T03:09:55.825+0000] {processor.py:840} INFO - DAG(s) 'dag_extract_bcb' retrieved from /opt/airflow/dags/dag_extract_bcb.py
[2026-05-11T03:09:55.926+0000] {logging_mixin.py:188} INFO - [2026-05-11T03:09:55.925+0000] {dag.py:3089} INFO - Sync 1 DAGs
[2026-05-11T03:09:55.979+0000] {logging_mixin.py:188} INFO - [2026-05-11T03:09:55.979+0000] {dag.py:3947} INFO - Setting next_dagrun for dag_extract_bcb to 2026-05-11 00:00:00+00:00, run_after=2026-05-12 00:00:00+00:00
[2026-05-11T03:09:56.026+0000] {processor.py:183} INFO - Processing /opt/airflow/dags/dag_extract_bcb.py took 1.527 seconds
[2026-05-11T03:10:26.572+0000] {processor.py:161} INFO - Started process (PID=1121) to work on /opt/airflow/dags/dag_extract_bcb.py
[2026-05-11T03:10:26.576+0000] {processor.py:830} INFO - Processing file /opt/airflow/dags/dag_extract_bcb.py for tasks to queue
[2026-05-11T03:10:26.583+0000] {logging_mixin.py:188} INFO - [2026-05-11T03:10:26.582+0000] {dagbag.py:545} INFO - Filling up the DagBag from /opt/airflow/dags/dag_extract_bcb.py
[2026-05-11T03:10:28.186+0000] {processor.py:840} INFO - DAG(s) 'dag_extract_bcb' retrieved from /opt/airflow/dags/dag_extract_bcb.py
[2026-05-11T03:10:28.240+0000] {logging_mixin.py:188} INFO - [2026-05-11T03:10:28.239+0000] {dag.py:3089} INFO - Sync 1 DAGs
[2026-05-11T03:10:28.296+0000] {logging_mixin.py:188} INFO - [2026-05-11T03:10:28.295+0000] {dag.py:3947} INFO - Setting next_dagrun for dag_extract_bcb to 2026-05-11 00:00:00+00:00, run_after=2026-05-12 00:00:00+00:00
[2026-05-11T03:10:28.339+0000] {processor.py:183} INFO - Processing /opt/airflow/dags/dag_extract_bcb.py took 1.792 seconds
[2026-05-11T03:10:58.498+0000] {processor.py:161} INFO - Started process (PID=1139) to work on /opt/airflow/dags/dag_extract_bcb.py
[2026-05-11T03:10:58.501+0000] {processor.py:830} INFO - Processing file /opt/airflow/dags/dag_extract_bcb.py for tasks to queue
[2026-05-11T03:10:58.505+0000] {logging_mixin.py:188} INFO - [2026-05-11T03:10:58.505+0000] {dagbag.py:545} INFO - Filling up the DagBag from /opt/airflow/dags/dag_extract_bcb.py
[2026-05-11T03:10:59.506+0000] {processor.py:840} INFO - DAG(s) 'dag_extract_bcb' retrieved from /opt/airflow/dags/dag_extract_bcb.py
[2026-05-11T03:10:59.574+0000] {logging_mixin.py:188} INFO - [2026-05-11T03:10:59.573+0000] {dag.py:3089} INFO - Sync 1 DAGs
[2026-05-11T03:10:59.643+0000] {logging_mixin.py:188} INFO - [2026-05-11T03:10:59.642+0000] {dag.py:3947} INFO - Setting next_dagrun for dag_extract_bcb to 2026-05-11 00:00:00+00:00, run_after=2026-05-12 00:00:00+00:00
[2026-05-11T03:10:59.716+0000] {processor.py:183} INFO - Processing /opt/airflow/dags/dag_extract_bcb.py took 1.236 seconds
[2026-05-11T03:11:30.515+0000] {processor.py:161} INFO - Started process (PID=1157) to work on /opt/airflow/dags/dag_extract_bcb.py
[2026-05-11T03:11:30.519+0000] {processor.py:830} INFO - Processing file /opt/airflow/dags/dag_extract_bcb.py for tasks to queue
[2026-05-11T03:11:30.527+0000] {logging_mixin.py:188} INFO - [2026-05-11T03:11:30.526+0000] {dagbag.py:545} INFO - Filling up the DagBag from /opt/airflow/dags/dag_extract_bcb.py
[2026-05-11T03:11:31.810+0000] {processor.py:840} INFO - DAG(s) 'dag_extract_bcb' retrieved from /opt/airflow/dags/dag_extract_bcb.py
[2026-05-11T03:11:31.855+0000] {logging_mixin.py:188} INFO - [2026-05-11T03:11:31.854+0000] {dag.py:3089} INFO - Sync 1 DAGs
[2026-05-11T03:11:31.905+0000] {logging_mixin.py:188} INFO - [2026-05-11T03:11:31.905+0000] {dag.py:3947} INFO - Setting next_dagrun for dag_extract_bcb to 2026-05-11 00:00:00+00:00, run_after=2026-05-12 00:00:00+00:00
[2026-05-11T03:11:31.954+0000] {processor.py:183} INFO - Processing /opt/airflow/dags/dag_extract_bcb.py took 1.464 seconds
[2026-05-11T03:12:02.944+0000] {processor.py:161} INFO - Started process (PID=1175) to work on /opt/airflow/dags/dag_extract_bcb.py
[2026-05-11T03:12:02.948+0000] {processor.py:830} INFO - Processing file /opt/airflow/dags/dag_extract_bcb.py for tasks to queue
[2026-05-11T03:12:02.956+0000] {logging_mixin.py:188} INFO - [2026-05-11T03:12:02.955+0000] {dagbag.py:545} INFO - Filling up the DagBag from /opt/airflow/dags/dag_extract_bcb.py
[2026-05-11T03:12:04.232+0000] {processor.py:840} INFO - DAG(s) 'dag_extract_bcb' retrieved from /opt/airflow/dags/dag_extract_bcb.py
[2026-05-11T03:12:04.302+0000] {logging_mixin.py:188} INFO - [2026-05-11T03:12:04.301+0000] {dag.py:3089} INFO - Sync 1 DAGs
[2026-05-11T03:12:04.356+0000] {logging_mixin.py:188} INFO - [2026-05-11T03:12:04.355+0000] {dag.py:3947} INFO - Setting next_dagrun for dag_extract_bcb to 2026-05-11 00:00:00+00:00, run_after=2026-05-12 00:00:00+00:00
[2026-05-11T03:12:04.401+0000] {processor.py:183} INFO - Processing /opt/airflow/dags/dag_extract_bcb.py took 1.476 seconds
[2026-05-11T03:12:34.882+0000] {processor.py:161} INFO - Started process (PID=1193) to work on /opt/airflow/dags/dag_extract_bcb.py
[2026-05-11T03:12:34.887+0000] {processor.py:830} INFO - Processing file /opt/airflow/dags/dag_extract_bcb.py for tasks to queue
[2026-05-11T03:12:34.895+0000] {logging_mixin.py:188} INFO - [2026-05-11T03:12:34.893+0000] {dagbag.py:545} INFO - Filling up the DagBag from /opt/airflow/dags/dag_extract_bcb.py
[2026-05-11T03:12:36.241+0000] {processor.py:840} INFO - DAG(s) 'dag_extract_bcb' retrieved from /opt/airflow/dags/dag_extract_bcb.py
[2026-05-11T03:12:36.289+0000] {logging_mixin.py:188} INFO - [2026-05-11T03:12:36.288+0000] {dag.py:3089} INFO - Sync 1 DAGs
[2026-05-11T03:12:36.342+0000] {logging_mixin.py:188} INFO - [2026-05-11T03:12:36.341+0000] {dag.py:3947} INFO - Setting next_dagrun for dag_extract_bcb to 2026-05-11 00:00:00+00:00, run_after=2026-05-12 00:00:00+00:00
[2026-05-11T03:12:36.394+0000] {processor.py:183} INFO - Processing /opt/airflow/dags/dag_extract_bcb.py took 1.549 seconds
[2026-05-11T03:13:07.344+0000] {processor.py:161} INFO - Started process (PID=1211) to work on /opt/airflow/dags/dag_extract_bcb.py
[2026-05-11T03:13:07.348+0000] {processor.py:830} INFO - Processing file /opt/airflow/dags/dag_extract_bcb.py for tasks to queue
[2026-05-11T03:13:07.357+0000] {logging_mixin.py:188} INFO - [2026-05-11T03:13:07.356+0000] {dagbag.py:545} INFO - Filling up the DagBag from /opt/airflow/dags/dag_extract_bcb.py
[2026-05-11T03:13:08.502+0000] {processor.py:840} INFO - DAG(s) 'dag_extract_bcb' retrieved from /opt/airflow/dags/dag_extract_bcb.py
[2026-05-11T03:13:08.551+0000] {logging_mixin.py:188} INFO - [2026-05-11T03:13:08.550+0000] {dag.py:3089} INFO - Sync 1 DAGs
[2026-05-11T03:13:08.604+0000] {logging_mixin.py:188} INFO - [2026-05-11T03:13:08.603+0000] {dag.py:3947} INFO - Setting next_dagrun for dag_extract_bcb to 2026-05-11 00:00:00+00:00, run_after=2026-05-12 00:00:00+00:00
[2026-05-11T03:13:08.651+0000] {processor.py:183} INFO - Processing /opt/airflow/dags/dag_extract_bcb.py took 1.343 seconds
