[2026-05-10T05:18:22.693+0000] {manager.py:470} INFO - Processing files using up to 2 processes at a time 
[2026-05-10T05:18:22.698+0000] {manager.py:471} INFO - Process each file at most once every 30 seconds
[2026-05-10T05:18:22.702+0000] {manager.py:472} INFO - Checking for new files in /opt/airflow/dags every 300 seconds
[2026-05-10T05:18:22.707+0000] {manager.py:737} INFO - Searching for files in /opt/airflow/dags
[2026-05-10T05:18:22.811+0000] {manager.py:740} INFO - There are 3 files in /opt/airflow/dags
[2026-05-10T05:18:23.513+0000] {manager.py:878} INFO - 
================================================================================
DAG File Processing Stats

File Path                                     PID  Runtime      # DAGs    # Errors  Last Runtime    Last Run
------------------------------------------  -----  ---------  --------  ----------  --------------  ----------
/opt/airflow/dags/dag_consolidate.py          165  0.33s             0           0
/opt/airflow/dags/dag_extract_bcb.py                                 0           0
/opt/airflow/dags/dag_extract_coingecko.py    168  0.27s             0           0
================================================================================
[2026-05-10T05:18:54.063+0000] {manager.py:878} INFO - 
================================================================================
DAG File Processing Stats

File Path                                     PID  Runtime      # DAGs    # Errors  Last Runtime    Last Run
------------------------------------------  -----  ---------  --------  ----------  --------------  -------------------
/opt/airflow/dags/dag_consolidate.py          180  0.05s             0           1  0.43s           2026-05-10T05:18:23
/opt/airflow/dags/dag_extract_coingecko.py    183  0.01s             0           1  0.40s           2026-05-10T05:18:23
/opt/airflow/dags/dag_extract_bcb.py                                 0           1  0.19s           2026-05-10T05:18:23
================================================================================
[2026-05-10T05:19:24.068+0000] {manager.py:878} INFO - 
================================================================================
DAG File Processing Stats

File Path                                   PID    Runtime      # DAGs    # Errors  Last Runtime    Last Run
------------------------------------------  -----  ---------  --------  ----------  --------------  -------------------
/opt/airflow/dags/dag_extract_coingecko.py                           0           1  0.38s           2026-05-10T05:18:54
/opt/airflow/dags/dag_consolidate.py                                 0           1  0.37s           2026-05-10T05:18:54
/opt/airflow/dags/dag_extract_bcb.py                                 0           1  0.17s           2026-05-10T05:18:54
================================================================================
[2026-05-10T05:19:54.381+0000] {manager.py:878} INFO - 
================================================================================
DAG File Processing Stats

File Path                                   PID    Runtime      # DAGs    # Errors  Last Runtime    Last Run
------------------------------------------  -----  ---------  --------  ----------  --------------  -------------------
/opt/airflow/dags/dag_consolidate.py                                 0           1  0.59s           2026-05-10T05:19:25
/opt/airflow/dags/dag_extract_coingecko.py                           0           1  0.49s           2026-05-10T05:19:25
/opt/airflow/dags/dag_extract_bcb.py                                 0           1  0.26s           2026-05-10T05:19:25
================================================================================
[2026-05-10T05:20:25.290+0000] {manager.py:878} INFO - 
================================================================================
DAG File Processing Stats

File Path                                   PID    Runtime      # DAGs    # Errors  Last Runtime    Last Run
------------------------------------------  -----  ---------  --------  ----------  --------------  -------------------
/opt/airflow/dags/dag_extract_bcb.py                                 0           1  0.42s           2026-05-10T05:19:56
/opt/airflow/dags/dag_consolidate.py                                 0           1  0.38s           2026-05-10T05:19:56
/opt/airflow/dags/dag_extract_coingecko.py                           0           1  0.34s           2026-05-10T05:19:56
================================================================================
[2026-05-10T05:20:55.836+0000] {manager.py:878} INFO - 
================================================================================
DAG File Processing Stats

File Path                                   PID    Runtime      # DAGs    # Errors  Last Runtime    Last Run
------------------------------------------  -----  ---------  --------  ----------  --------------  -------------------
/opt/airflow/dags/dag_extract_coingecko.py                           0           1  0.41s           2026-05-10T05:20:26
/opt/airflow/dags/dag_consolidate.py                                 0           1  0.36s           2026-05-10T05:20:27
/opt/airflow/dags/dag_extract_bcb.py                                 0           1  0.35s           2026-05-10T05:20:27
================================================================================
[2026-05-10T05:21:26.415+0000] {manager.py:878} INFO - 
================================================================================
DAG File Processing Stats

File Path                                   PID    Runtime      # DAGs    # Errors  Last Runtime    Last Run
------------------------------------------  -----  ---------  --------  ----------  --------------  -------------------
/opt/airflow/dags/dag_extract_coingecko.py                           0           1  0.69s           2026-05-10T05:20:57
/opt/airflow/dags/dag_consolidate.py                                 0           1  0.38s           2026-05-10T05:20:57
/opt/airflow/dags/dag_extract_bcb.py                                 0           1  0.23s           2026-05-10T05:20:57
================================================================================
[2026-05-10T05:21:56.624+0000] {manager.py:878} INFO - 
================================================================================
DAG File Processing Stats

File Path                                   PID    Runtime      # DAGs    # Errors  Last Runtime    Last Run
------------------------------------------  -----  ---------  --------  ----------  --------------  -------------------
/opt/airflow/dags/dag_extract_bcb.py                                 0           1  0.24s           2026-05-10T05:21:28
/opt/airflow/dags/dag_consolidate.py                                 0           1  0.16s           2026-05-10T05:21:28
/opt/airflow/dags/dag_extract_coingecko.py                           0           1  0.16s           2026-05-10T05:21:28
================================================================================
[2026-05-10T05:22:26.720+0000] {manager.py:878} INFO - 
================================================================================
DAG File Processing Stats

File Path                                   PID    Runtime      # DAGs    # Errors  Last Runtime    Last Run
------------------------------------------  -----  ---------  --------  ----------  --------------  -------------------
/opt/airflow/dags/dag_consolidate.py                                 0           1  0.20s           2026-05-10T05:21:58
/opt/airflow/dags/dag_extract_bcb.py                                 0           1  0.17s           2026-05-10T05:21:59
/opt/airflow/dags/dag_extract_coingecko.py                           0           1  0.16s           2026-05-10T05:21:59
================================================================================
[2026-05-10T05:22:57.037+0000] {manager.py:878} INFO - 
================================================================================
DAG File Processing Stats

File Path                                   PID    Runtime      # DAGs    # Errors  Last Runtime    Last Run
------------------------------------------  -----  ---------  --------  ----------  --------------  -------------------
/opt/airflow/dags/dag_consolidate.py                                 1           0  6.82s           2026-05-10T05:22:39
/opt/airflow/dags/dag_extract_coingecko.py                           1           0  6.72s           2026-05-10T05:22:39
/opt/airflow/dags/dag_extract_bcb.py                                 1           0  2.40s           2026-05-10T05:22:41
================================================================================
[2026-05-10T05:23:22.897+0000] {manager.py:737} INFO - Searching for files in /opt/airflow/dags
[2026-05-10T05:23:23.051+0000] {manager.py:740} INFO - There are 3 files in /opt/airflow/dags
[2026-05-10T05:23:27.232+0000] {manager.py:878} INFO - 
================================================================================
DAG File Processing Stats

File Path                                   PID    Runtime      # DAGs    # Errors  Last Runtime    Last Run
------------------------------------------  -----  ---------  --------  ----------  --------------  -------------------
/opt/airflow/dags/dag_extract_bcb.py                                 1           0  1.94s           2026-05-10T05:23:14
/opt/airflow/dags/dag_consolidate.py                                 1           0  1.68s           2026-05-10T05:23:11
/opt/airflow/dags/dag_extract_coingecko.py                           1           0  1.62s           2026-05-10T05:23:11
================================================================================
[2026-05-10T05:23:57.902+0000] {manager.py:878} INFO - 
================================================================================
DAG File Processing Stats

File Path                                   PID    Runtime      # DAGs    # Errors  Last Runtime    Last Run
------------------------------------------  -----  ---------  --------  ----------  --------------  -------------------
/opt/airflow/dags/dag_extract_bcb.py                                 1           0  2.34s           2026-05-10T05:23:46
/opt/airflow/dags/dag_consolidate.py                                 1           0  1.71s           2026-05-10T05:23:43
/opt/airflow/dags/dag_extract_coingecko.py                           1           0  1.63s           2026-05-10T05:23:43
================================================================================
[2026-05-10T05:24:28.320+0000] {manager.py:878} INFO - 
================================================================================
DAG File Processing Stats

File Path                                   PID    Runtime      # DAGs    # Errors  Last Runtime    Last Run
------------------------------------------  -----  ---------  --------  ----------  --------------  -------------------
/opt/airflow/dags/dag_extract_bcb.py                                 1           0  2.06s           2026-05-10T05:24:19
/opt/airflow/dags/dag_consolidate.py                                 1           0  1.51s           2026-05-10T05:24:14
/opt/airflow/dags/dag_extract_coingecko.py                           1           0  1.46s           2026-05-10T05:24:14
================================================================================
[2026-05-10T05:24:58.374+0000] {manager.py:878} INFO - 
================================================================================
DAG File Processing Stats

File Path                                   PID    Runtime      # DAGs    # Errors  Last Runtime    Last Run
------------------------------------------  -----  ---------  --------  ----------  --------------  -------------------
/opt/airflow/dags/dag_consolidate.py                                 1           0  2.29s           2026-05-10T05:24:48
/opt/airflow/dags/dag_extract_coingecko.py                           1           0  2.23s           2026-05-10T05:24:48
/opt/airflow/dags/dag_extract_bcb.py                                 1           0  2.00s           2026-05-10T05:24:52
================================================================================
[2026-05-10T05:25:28.751+0000] {manager.py:878} INFO - 
================================================================================
DAG File Processing Stats

File Path                                   PID    Runtime      # DAGs    # Errors  Last Runtime    Last Run
------------------------------------------  -----  ---------  --------  ----------  --------------  -------------------
/opt/airflow/dags/dag_consolidate.py                                 1           0  1.71s           2026-05-10T05:25:20
/opt/airflow/dags/dag_extract_bcb.py                                 1           0  1.71s           2026-05-10T05:25:23
/opt/airflow/dags/dag_extract_coingecko.py                           1           0  1.70s           2026-05-10T05:25:20
================================================================================
[2026-05-10T05:25:59.032+0000] {manager.py:878} INFO - 
================================================================================
DAG File Processing Stats

File Path                                   PID    Runtime      # DAGs    # Errors  Last Runtime    Last Run
------------------------------------------  -----  ---------  --------  ----------  --------------  -------------------
/opt/airflow/dags/dag_extract_bcb.py                                 1           0  2.39s           2026-05-10T05:25:56
/opt/airflow/dags/dag_consolidate.py                                 1           0  1.59s           2026-05-10T05:25:52
/opt/airflow/dags/dag_extract_coingecko.py                           1           0  1.54s           2026-05-10T05:25:52
================================================================================
[2026-05-10T05:26:29.139+0000] {manager.py:878} INFO - 
================================================================================
DAG File Processing Stats

File Path                                   PID    Runtime      # DAGs    # Errors  Last Runtime    Last Run
------------------------------------------  -----  ---------  --------  ----------  --------------  -------------------
/opt/airflow/dags/dag_extract_bcb.py                                 1           0  2.69s           2026-05-10T05:26:29
/opt/airflow/dags/dag_consolidate.py                                 1           0  1.56s           2026-05-10T05:26:24
/opt/airflow/dags/dag_extract_coingecko.py                           1           0  1.50s           2026-05-10T05:26:24
================================================================================
[2026-05-10T05:26:59.412+0000] {manager.py:878} INFO - 
================================================================================
DAG File Processing Stats

File Path                                     PID  Runtime      # DAGs    # Errors  Last Runtime    Last Run
------------------------------------------  -----  ---------  --------  ----------  --------------  -------------------
/opt/airflow/dags/dag_extract_bcb.py          456  0.01s             1           0  2.69s           2026-05-10T05:26:29
/opt/airflow/dags/dag_consolidate.py                                 1           0  1.70s           2026-05-10T05:26:56
/opt/airflow/dags/dag_extract_coingecko.py                           1           0  1.63s           2026-05-10T05:26:56
================================================================================
[2026-05-10T05:27:29.972+0000] {manager.py:878} INFO - 
================================================================================
DAG File Processing Stats

File Path                                   PID    Runtime      # DAGs    # Errors  Last Runtime    Last Run
------------------------------------------  -----  ---------  --------  ----------  --------------  -------------------
/opt/airflow/dags/dag_consolidate.py                                 1           0  2.32s           2026-05-10T05:27:28
/opt/airflow/dags/dag_extract_coingecko.py                           1           0  2.29s           2026-05-10T05:27:28
/opt/airflow/dags/dag_extract_bcb.py                                 1           0  1.70s           2026-05-10T05:27:01
================================================================================
[2026-05-10T05:28:00.700+0000] {manager.py:878} INFO - 
================================================================================
DAG File Processing Stats

File Path                                     PID  Runtime      # DAGs    # Errors  Last Runtime    Last Run
------------------------------------------  -----  ---------  --------  ----------  --------------  -------------------
/opt/airflow/dags/dag_consolidate.py          494  1.10s             1           0  2.32s           2026-05-10T05:27:28
/opt/airflow/dags/dag_extract_coingecko.py    497  1.04s             1           0  2.29s           2026-05-10T05:27:28
/opt/airflow/dags/dag_extract_bcb.py                                 1           0  1.44s           2026-05-10T05:27:33
================================================================================
[2026-05-10T05:28:22.995+0000] {manager.py:737} INFO - Searching for files in /opt/airflow/dags
[2026-05-10T05:28:23.164+0000] {manager.py:740} INFO - There are 3 files in /opt/airflow/dags
[2026-05-10T05:28:31.096+0000] {manager.py:878} INFO - 
================================================================================
DAG File Processing Stats

File Path                                   PID    Runtime      # DAGs    # Errors  Last Runtime    Last Run
------------------------------------------  -----  ---------  --------  ----------  --------------  -------------------
/opt/airflow/dags/dag_consolidate.py                                 1           0  1.81s           2026-05-10T05:28:01
/opt/airflow/dags/dag_extract_coingecko.py                           1           0  1.76s           2026-05-10T05:28:01
/opt/airflow/dags/dag_extract_bcb.py                                 1           0  1.63s           2026-05-10T05:28:05
================================================================================
[2026-05-10T05:29:01.297+0000] {manager.py:878} INFO - 
================================================================================
DAG File Processing Stats

File Path                                   PID    Runtime      # DAGs    # Errors  Last Runtime    Last Run
------------------------------------------  -----  ---------  --------  ----------  --------------  -------------------
/opt/airflow/dags/dag_consolidate.py                                 1           0  2.20s           2026-05-10T05:28:34
/opt/airflow/dags/dag_extract_coingecko.py                           1           0  2.19s           2026-05-10T05:28:34
/opt/airflow/dags/dag_extract_bcb.py                                 1           0  1.58s           2026-05-10T05:28:37
================================================================================
[2026-05-10T05:29:31.418+0000] {manager.py:878} INFO - 
================================================================================
DAG File Processing Stats

File Path                                   PID    Runtime      # DAGs    # Errors  Last Runtime    Last Run
------------------------------------------  -----  ---------  --------  ----------  --------------  -------------------
/opt/airflow/dags/dag_extract_bcb.py                                 1           0  1.76s           2026-05-10T05:29:09
/opt/airflow/dags/dag_consolidate.py                                 1           0  1.72s           2026-05-10T05:29:06
/opt/airflow/dags/dag_extract_coingecko.py                           1           0  1.55s           2026-05-10T05:29:06
================================================================================
[2026-05-10T05:30:01.623+0000] {manager.py:878} INFO - 
================================================================================
DAG File Processing Stats

File Path                                   PID    Runtime      # DAGs    # Errors  Last Runtime    Last Run
------------------------------------------  -----  ---------  --------  ----------  --------------  -------------------
/opt/airflow/dags/dag_extract_bcb.py                                 1           0  2.54s           2026-05-10T05:29:42
/opt/airflow/dags/dag_consolidate.py                                 1           0  1.76s           2026-05-10T05:29:38
/opt/airflow/dags/dag_extract_coingecko.py                           1           0  1.62s           2026-05-10T05:29:39
================================================================================
[2026-05-10T05:30:32.062+0000] {manager.py:878} INFO - 
================================================================================
DAG File Processing Stats

File Path                                   PID    Runtime      # DAGs    # Errors  Last Runtime    Last Run
------------------------------------------  -----  ---------  --------  ----------  --------------  -------------------
/opt/airflow/dags/dag_extract_coingecko.py                           1           0  2.15s           2026-05-10T05:30:11
/opt/airflow/dags/dag_consolidate.py                                 1           0  2.04s           2026-05-10T05:30:10
/opt/airflow/dags/dag_extract_bcb.py                                 1           0  1.51s           2026-05-10T05:30:14
================================================================================
[2026-05-10T05:31:02.471+0000] {manager.py:878} INFO - 
================================================================================
DAG File Processing Stats

File Path                                   PID    Runtime      # DAGs    # Errors  Last Runtime    Last Run
------------------------------------------  -----  ---------  --------  ----------  --------------  -------------------
/opt/airflow/dags/dag_consolidate.py                                 1           0  2.13s           2026-05-10T05:30:43
/opt/airflow/dags/dag_extract_coingecko.py                           1           0  1.84s           2026-05-10T05:30:43
/opt/airflow/dags/dag_extract_bcb.py                                 1           0  1.54s           2026-05-10T05:30:46
================================================================================
[2026-05-10T05:31:32.708+0000] {manager.py:878} INFO - 
================================================================================
DAG File Processing Stats

File Path                                   PID    Runtime      # DAGs    # Errors  Last Runtime    Last Run
------------------------------------------  -----  ---------  --------  ----------  --------------  -------------------
/opt/airflow/dags/dag_extract_bcb.py                                 1           0  1.91s           2026-05-10T05:31:18
/opt/airflow/dags/dag_extract_coingecko.py                           1           0  1.72s           2026-05-10T05:31:15
/opt/airflow/dags/dag_consolidate.py                                 1           0  1.33s           2026-05-10T05:31:14
================================================================================
[2026-05-10T05:32:02.781+0000] {manager.py:878} INFO - 
================================================================================
DAG File Processing Stats

File Path                                   PID    Runtime      # DAGs    # Errors  Last Runtime    Last Run
------------------------------------------  -----  ---------  --------  ----------  --------------  -------------------
/opt/airflow/dags/dag_extract_coingecko.py                           1           0  2.03s           2026-05-10T05:31:48
/opt/airflow/dags/dag_consolidate.py                                 1           0  1.91s           2026-05-10T05:31:46
/opt/airflow/dags/dag_extract_bcb.py                                 1           0  1.86s           2026-05-10T05:31:50
================================================================================
[2026-05-10T05:32:33.503+0000] {manager.py:878} INFO - 
================================================================================
DAG File Processing Stats

File Path                                   PID    Runtime      # DAGs    # Errors  Last Runtime    Last Run
------------------------------------------  -----  ---------  --------  ----------  --------------  -------------------
/opt/airflow/dags/dag_consolidate.py                                 1           0  2.44s           2026-05-10T05:32:19
/opt/airflow/dags/dag_extract_coingecko.py                           1           0  2.43s           2026-05-10T05:32:20
/opt/airflow/dags/dag_extract_bcb.py                                 1           0  1.63s           2026-05-10T05:32:22
================================================================================
[2026-05-10T05:33:03.512+0000] {manager.py:878} INFO - 
================================================================================
DAG File Processing Stats

File Path                                   PID    Runtime      # DAGs    # Errors  Last Runtime    Last Run
------------------------------------------  -----  ---------  --------  ----------  --------------  -------------------
/opt/airflow/dags/dag_extract_coingecko.py                           1           0  1.92s           2026-05-10T05:32:52
/opt/airflow/dags/dag_extract_bcb.py                                 1           0  1.73s           2026-05-10T05:32:54
/opt/airflow/dags/dag_consolidate.py                                 1           0  1.60s           2026-05-10T05:32:51
================================================================================
[2026-05-10T05:33:23.744+0000] {manager.py:737} INFO - Searching for files in /opt/airflow/dags
[2026-05-10T05:33:23.838+0000] {manager.py:740} INFO - There are 3 files in /opt/airflow/dags
[2026-05-10T05:33:34.101+0000] {manager.py:878} INFO - 
================================================================================
DAG File Processing Stats

File Path                                   PID    Runtime      # DAGs    # Errors  Last Runtime    Last Run
------------------------------------------  -----  ---------  --------  ----------  --------------  -------------------
/opt/airflow/dags/dag_consolidate.py                                 1           0  1.96s           2026-05-10T05:33:23
/opt/airflow/dags/dag_extract_bcb.py                                 1           0  1.83s           2026-05-10T05:33:26
/opt/airflow/dags/dag_extract_coingecko.py                           1           0  1.23s           2026-05-10T05:33:24
================================================================================
[2026-05-10T05:34:04.124+0000] {manager.py:878} INFO - 
================================================================================
DAG File Processing Stats

File Path                                   PID    Runtime      # DAGs    # Errors  Last Runtime    Last Run
------------------------------------------  -----  ---------  --------  ----------  --------------  -------------------
/opt/airflow/dags/dag_extract_bcb.py                                 1           0  2.02s           2026-05-10T05:33:59
/opt/airflow/dags/dag_consolidate.py                                 1           0  1.66s           2026-05-10T05:33:55
/opt/airflow/dags/dag_extract_coingecko.py                           1           0  1.28s           2026-05-10T05:33:55
================================================================================
[2026-05-10T05:34:34.332+0000] {manager.py:878} INFO - 
================================================================================
DAG File Processing Stats

File Path                                   PID    Runtime      # DAGs    # Errors  Last Runtime    Last Run
------------------------------------------  -----  ---------  --------  ----------  --------------  -------------------
/opt/airflow/dags/dag_consolidate.py                                 1           0  2.27s           2026-05-10T05:34:27
/opt/airflow/dags/dag_extract_bcb.py                                 1           0  1.87s           2026-05-10T05:34:30
/opt/airflow/dags/dag_extract_coingecko.py                           1           0  1.83s           2026-05-10T05:34:28
================================================================================
[2026-05-10T05:35:04.347+0000] {manager.py:878} INFO - 
================================================================================
DAG File Processing Stats

File Path                                   PID    Runtime      # DAGs    # Errors  Last Runtime    Last Run
------------------------------------------  -----  ---------  --------  ----------  --------------  -------------------
/opt/airflow/dags/dag_extract_bcb.py                                 1           0  2.37s           2026-05-10T05:35:03
/opt/airflow/dags/dag_consolidate.py                                 1           0  1.41s           2026-05-10T05:35:00
/opt/airflow/dags/dag_extract_coingecko.py                           1           0  1.32s           2026-05-10T05:35:00
================================================================================
[2026-05-10T05:35:34.987+0000] {manager.py:878} INFO - 
================================================================================
DAG File Processing Stats

File Path                                     PID  Runtime      # DAGs    # Errors  Last Runtime    Last Run
------------------------------------------  -----  ---------  --------  ----------  --------------  -------------------
/opt/airflow/dags/dag_extract_bcb.py          768  1.03s             1           0  2.37s           2026-05-10T05:35:03
/opt/airflow/dags/dag_consolidate.py                                 1           0  1.57s           2026-05-10T05:35:31
/opt/airflow/dags/dag_extract_coingecko.py                           1           0  1.51s           2026-05-10T05:35:31
================================================================================
[2026-05-10T05:36:05.862+0000] {manager.py:878} INFO - 
================================================================================
DAG File Processing Stats

File Path                                     PID  Runtime      # DAGs    # Errors  Last Runtime    Last Run
------------------------------------------  -----  ---------  --------  ----------  --------------  -------------------
/opt/airflow/dags/dag_extract_bcb.py          786  0.02s             1           0  1.73s           2026-05-10T05:35:35
/opt/airflow/dags/dag_consolidate.py                                 1           0  1.54s           2026-05-10T05:36:03
/opt/airflow/dags/dag_extract_coingecko.py                           1           0  1.42s           2026-05-10T05:36:03
================================================================================
[2026-05-10T05:36:36.239+0000] {manager.py:878} INFO - 
================================================================================
DAG File Processing Stats

File Path                                     PID  Runtime      # DAGs    # Errors  Last Runtime    Last Run
------------------------------------------  -----  ---------  --------  ----------  --------------  -------------------
/opt/airflow/dags/dag_extract_bcb.py                                 1           0  2.15s           2026-05-10T05:36:07
/opt/airflow/dags/dag_consolidate.py                                 1           0  1.46s           2026-05-10T05:36:36
/opt/airflow/dags/dag_extract_coingecko.py    795  1.46s             1           0  1.42s           2026-05-10T05:36:03
================================================================================
[2026-05-10T05:37:06.758+0000] {manager.py:878} INFO - 
================================================================================
DAG File Processing Stats

File Path                                     PID  Runtime      # DAGs    # Errors  Last Runtime    Last Run
------------------------------------------  -----  ---------  --------  ----------  --------------  -------------------
/opt/airflow/dags/dag_extract_bcb.py                                 1           0  1.56s           2026-05-10T05:36:39
/opt/airflow/dags/dag_extract_coingecko.py    813  0.02s             1           0  1.51s           2026-05-10T05:36:36
/opt/airflow/dags/dag_consolidate.py          810  0.10s             1           0  1.46s           2026-05-10T05:36:36
================================================================================
[2026-05-10T05:37:37.481+0000] {manager.py:878} INFO - 
================================================================================
DAG File Processing Stats

File Path                                   PID    Runtime      # DAGs    # Errors  Last Runtime    Last Run
------------------------------------------  -----  ---------  --------  ----------  --------------  -------------------
/opt/airflow/dags/dag_extract_bcb.py                                 1           0  1.86s           2026-05-10T05:37:11
/opt/airflow/dags/dag_consolidate.py                                 1           0  1.38s           2026-05-10T05:37:08
/opt/airflow/dags/dag_extract_coingecko.py                           1           0  1.29s           2026-05-10T05:37:08
================================================================================
[2026-05-10T05:38:07.517+0000] {manager.py:878} INFO - 
================================================================================
DAG File Processing Stats

File Path                                   PID    Runtime      # DAGs    # Errors  Last Runtime    Last Run
------------------------------------------  -----  ---------  --------  ----------  --------------  -------------------
/opt/airflow/dags/dag_extract_bcb.py                                 1           0  1.84s           2026-05-10T05:37:44
/opt/airflow/dags/dag_consolidate.py                                 1           0  1.54s           2026-05-10T05:37:40
/opt/airflow/dags/dag_extract_coingecko.py                           1           0  1.48s           2026-05-10T05:37:40
================================================================================
[2026-05-10T05:38:24.482+0000] {manager.py:737} INFO - Searching for files in /opt/airflow/dags
[2026-05-10T05:38:24.757+0000] {manager.py:740} INFO - There are 3 files in /opt/airflow/dags
[2026-05-10T05:38:38.268+0000] {manager.py:878} INFO - 
================================================================================
DAG File Processing Stats

File Path                                   PID    Runtime      # DAGs    # Errors  Last Runtime    Last Run
------------------------------------------  -----  ---------  --------  ----------  --------------  -------------------
/opt/airflow/dags/dag_extract_bcb.py                                 1           0  2.11s           2026-05-10T05:38:16
/opt/airflow/dags/dag_consolidate.py                                 1           0  1.53s           2026-05-10T05:38:12
/opt/airflow/dags/dag_extract_coingecko.py                           1           0  1.48s           2026-05-10T05:38:12
================================================================================
[2026-05-10T05:39:08.664+0000] {manager.py:878} INFO - 
================================================================================
DAG File Processing Stats

File Path                                   PID    Runtime      # DAGs    # Errors  Last Runtime    Last Run
------------------------------------------  -----  ---------  --------  ----------  --------------  -------------------
/opt/airflow/dags/dag_extract_bcb.py                                 1           0  1.82s           2026-05-10T05:38:49
/opt/airflow/dags/dag_consolidate.py                                 1           0  1.73s           2026-05-10T05:38:44
/opt/airflow/dags/dag_extract_coingecko.py                           1           0  1.63s           2026-05-10T05:38:44
================================================================================
[2026-05-10T05:39:39.652+0000] {manager.py:878} INFO - 
================================================================================
DAG File Processing Stats

File Path                                   PID    Runtime      # DAGs    # Errors  Last Runtime    Last Run
------------------------------------------  -----  ---------  --------  ----------  --------------  -------------------
/opt/airflow/dags/dag_consolidate.py                                 1           0  2.15s           2026-05-10T05:39:17
/opt/airflow/dags/dag_extract_coingecko.py                           1           0  2.09s           2026-05-10T05:39:17
/opt/airflow/dags/dag_extract_bcb.py                                 1           0  2.00s           2026-05-10T05:39:22
================================================================================
[2026-05-10T05:40:09.817+0000] {manager.py:878} INFO - 
================================================================================
DAG File Processing Stats

File Path                                   PID    Runtime      # DAGs    # Errors  Last Runtime    Last Run
------------------------------------------  -----  ---------  --------  ----------  --------------  -------------------
/opt/airflow/dags/dag_extract_bcb.py                                 1           0  2.02s           2026-05-10T05:39:54
/opt/airflow/dags/dag_consolidate.py                                 1           0  1.33s           2026-05-10T05:39:49
/opt/airflow/dags/dag_extract_coingecko.py                           1           0  1.28s           2026-05-10T05:39:49
================================================================================
[2026-05-10T05:40:40.451+0000] {manager.py:878} INFO - 
================================================================================
DAG File Processing Stats

File Path                                   PID    Runtime      # DAGs    # Errors  Last Runtime    Last Run
------------------------------------------  -----  ---------  --------  ----------  --------------  -------------------
/opt/airflow/dags/dag_extract_bcb.py                                 1           0  2.01s           2026-05-10T05:40:27
/opt/airflow/dags/dag_consolidate.py                                 1           0  1.98s           2026-05-10T05:40:21
/opt/airflow/dags/dag_extract_coingecko.py                           1           0  1.93s           2026-05-10T05:40:21
================================================================================
[2026-05-10T05:41:10.715+0000] {manager.py:878} INFO - 
================================================================================
DAG File Processing Stats

File Path                                   PID    Runtime      # DAGs    # Errors  Last Runtime    Last Run
------------------------------------------  -----  ---------  --------  ----------  --------------  -------------------
/opt/airflow/dags/dag_extract_bcb.py                                 1           0  2.02s           2026-05-10T05:40:59
/opt/airflow/dags/dag_consolidate.py                                 1           0  1.44s           2026-05-10T05:40:54
/opt/airflow/dags/dag_extract_coingecko.py                           1           0  1.35s           2026-05-10T05:40:54
================================================================================
[2026-05-10T05:41:40.731+0000] {manager.py:878} INFO - 
================================================================================
DAG File Processing Stats

File Path                                   PID    Runtime      # DAGs    # Errors  Last Runtime    Last Run
------------------------------------------  -----  ---------  --------  ----------  --------------  -------------------
/opt/airflow/dags/dag_extract_bcb.py                                 1           0  2.77s           2026-05-10T05:41:32
/opt/airflow/dags/dag_consolidate.py                                 1           0  2.50s           2026-05-10T05:41:27
/opt/airflow/dags/dag_extract_coingecko.py                           1           0  2.41s           2026-05-10T05:41:27
================================================================================
[2026-05-10T05:42:10.912+0000] {manager.py:878} INFO - 
================================================================================
DAG File Processing Stats

File Path                                   PID    Runtime      # DAGs    # Errors  Last Runtime    Last Run
------------------------------------------  -----  ---------  --------  ----------  --------------  -------------------
/opt/airflow/dags/dag_extract_bcb.py                                 1           0  1.71s           2026-05-10T05:42:04
/opt/airflow/dags/dag_consolidate.py                                 1           0  1.68s           2026-05-10T05:41:59
/opt/airflow/dags/dag_extract_coingecko.py                           1           0  1.65s           2026-05-10T05:41:59
================================================================================
[2026-05-10T05:42:41.038+0000] {manager.py:878} INFO - 
================================================================================
DAG File Processing Stats

File Path                                   PID    Runtime      # DAGs    # Errors  Last Runtime    Last Run
------------------------------------------  -----  ---------  --------  ----------  --------------  -------------------
/opt/airflow/dags/dag_extract_bcb.py                                 1           0  1.56s           2026-05-10T05:42:36
/opt/airflow/dags/dag_consolidate.py                                 1           0  1.34s           2026-05-10T05:42:31
/opt/airflow/dags/dag_extract_coingecko.py                           1           0  1.27s           2026-05-10T05:42:31
================================================================================
[2026-05-10T05:43:11.360+0000] {manager.py:878} INFO - 
================================================================================
DAG File Processing Stats

File Path                                   PID    Runtime      # DAGs    # Errors  Last Runtime    Last Run
------------------------------------------  -----  ---------  --------  ----------  --------------  -------------------
/opt/airflow/dags/dag_extract_bcb.py                                 1           0  1.90s           2026-05-10T05:43:08
/opt/airflow/dags/dag_consolidate.py                                 1           0  1.38s           2026-05-10T05:43:03
/opt/airflow/dags/dag_extract_coingecko.py                           1           0  1.32s           2026-05-10T05:43:03
================================================================================
[2026-05-11T02:42:31.472+0000] {manager.py:470} INFO - Processing files using up to 2 processes at a time 
[2026-05-11T02:42:31.474+0000] {manager.py:471} INFO - Process each file at most once every 30 seconds
[2026-05-11T02:42:31.475+0000] {manager.py:472} INFO - Checking for new files in /opt/airflow/dags every 300 seconds
[2026-05-11T02:42:31.478+0000] {manager.py:737} INFO - Searching for files in /opt/airflow/dags
[2026-05-11T02:42:31.609+0000] {manager.py:740} INFO - There are 3 files in /opt/airflow/dags
[2026-05-11T02:42:31.989+0000] {manager.py:878} INFO - 
================================================================================
DAG File Processing Stats

File Path                                     PID  Runtime      # DAGs    # Errors  Last Runtime    Last Run
------------------------------------------  -----  ---------  --------  ----------  --------------  ----------
/opt/airflow/dags/dag_consolidate.py          163  0.23s             0           0
/opt/airflow/dags/dag_extract_bcb.py                                 0           0
/opt/airflow/dags/dag_extract_coingecko.py    166  0.19s             0           0
================================================================================
[2026-05-11T02:43:02.272+0000] {manager.py:878} INFO - 
================================================================================
DAG File Processing Stats

File Path                                   PID    Runtime      # DAGs    # Errors  Last Runtime    Last Run
------------------------------------------  -----  ---------  --------  ----------  --------------  -------------------
/opt/airflow/dags/dag_consolidate.py                                 1           0  4.94s           2026-05-11T02:42:36
/opt/airflow/dags/dag_extract_coingecko.py                           1           0  4.84s           2026-05-11T02:42:36
/opt/airflow/dags/dag_extract_bcb.py                                 1           0  2.29s           2026-05-11T02:42:38
================================================================================
[2026-05-11T02:43:32.336+0000] {manager.py:878} INFO - 
================================================================================
DAG File Processing Stats

File Path                                   PID    Runtime      # DAGs    # Errors  Last Runtime    Last Run
------------------------------------------  -----  ---------  --------  ----------  --------------  -------------------
/opt/airflow/dags/dag_consolidate.py                                 1           0  1.94s           2026-05-11T02:43:09
/opt/airflow/dags/dag_extract_coingecko.py                           1           0  1.93s           2026-05-11T02:43:09
/opt/airflow/dags/dag_extract_bcb.py                                 1           0  1.74s           2026-05-11T02:43:11
================================================================================
[2026-05-11T02:44:03.162+0000] {manager.py:878} INFO - 
================================================================================
DAG File Processing Stats

File Path                                   PID    Runtime      # DAGs    # Errors  Last Runtime    Last Run
------------------------------------------  -----  ---------  --------  ----------  --------------  -------------------
/opt/airflow/dags/dag_consolidate.py                                 1           0  2.35s           2026-05-11T02:43:41
/opt/airflow/dags/dag_extract_coingecko.py                           1           0  1.91s           2026-05-11T02:43:41
/opt/airflow/dags/dag_extract_bcb.py                                 1           0  1.85s           2026-05-11T02:43:43
================================================================================
[2026-05-11T02:44:33.756+0000] {manager.py:878} INFO - 
================================================================================
DAG File Processing Stats

File Path                                   PID    Runtime      # DAGs    # Errors  Last Runtime    Last Run
------------------------------------------  -----  ---------  --------  ----------  --------------  -------------------
/opt/airflow/dags/dag_extract_bcb.py                                 1           0  2.37s           2026-05-11T02:44:16
/opt/airflow/dags/dag_consolidate.py                                 1           0  1.80s           2026-05-11T02:44:14
/opt/airflow/dags/dag_extract_coingecko.py                           1           0  1.66s           2026-05-11T02:44:14
================================================================================
[2026-05-11T02:45:03.899+0000] {manager.py:878} INFO - 
================================================================================
DAG File Processing Stats

File Path                                   PID    Runtime      # DAGs    # Errors  Last Runtime    Last Run
------------------------------------------  -----  ---------  --------  ----------  --------------  -------------------
/opt/airflow/dags/dag_extract_bcb.py                                 1           0  2.33s           2026-05-11T02:44:49
/opt/airflow/dags/dag_consolidate.py                                 1           0  1.80s           2026-05-11T02:44:46
/opt/airflow/dags/dag_extract_coingecko.py                           1           0  1.74s           2026-05-11T02:44:46
================================================================================
[2026-05-11T02:45:33.984+0000] {manager.py:878} INFO - 
================================================================================
DAG File Processing Stats

File Path                                   PID    Runtime      # DAGs    # Errors  Last Runtime    Last Run
------------------------------------------  -----  ---------  --------  ----------  --------------  -------------------
/opt/airflow/dags/dag_extract_bcb.py                                 1           0  2.14s           2026-05-11T02:45:21
/opt/airflow/dags/dag_extract_coingecko.py                           1           0  1.53s           2026-05-11T02:45:18
/opt/airflow/dags/dag_consolidate.py                                 1           0  1.43s           2026-05-11T02:45:17
================================================================================
[2026-05-11T02:46:04.059+0000] {manager.py:878} INFO - 
================================================================================
DAG File Processing Stats

File Path                                   PID    Runtime      # DAGs    # Errors  Last Runtime    Last Run
------------------------------------------  -----  ---------  --------  ----------  --------------  -------------------
/opt/airflow/dags/dag_extract_bcb.py                                 1           0  1.88s           2026-05-11T02:45:53
/opt/airflow/dags/dag_consolidate.py                                 1           0  1.65s           2026-05-11T02:45:49
/opt/airflow/dags/dag_extract_coingecko.py                           1           0  1.53s           2026-05-11T02:45:50
================================================================================
[2026-05-11T02:46:34.520+0000] {manager.py:878} INFO - 
================================================================================
DAG File Processing Stats

File Path                                   PID    Runtime      # DAGs    # Errors  Last Runtime    Last Run
------------------------------------------  -----  ---------  --------  ----------  --------------  -------------------
/opt/airflow/dags/dag_consolidate.py                                 1           0  2.52s           2026-05-11T02:46:22
/opt/airflow/dags/dag_extract_bcb.py                                 1           0  2.11s           2026-05-11T02:46:26
/opt/airflow/dags/dag_extract_coingecko.py                           1           0  2.00s           2026-05-11T02:46:23
================================================================================
[2026-05-11T02:47:04.521+0000] {manager.py:878} INFO - 
================================================================================
DAG File Processing Stats

File Path                                   PID    Runtime      # DAGs    # Errors  Last Runtime    Last Run
------------------------------------------  -----  ---------  --------  ----------  --------------  -------------------
/opt/airflow/dags/dag_extract_coingecko.py                           1           0  2.26s           2026-05-11T02:46:56
/opt/airflow/dags/dag_extract_bcb.py                                 1           0  2.11s           2026-05-11T02:46:59
/opt/airflow/dags/dag_consolidate.py                                 1           0  1.94s           2026-05-11T02:46:54
================================================================================
[2026-05-11T02:47:31.818+0000] {manager.py:737} INFO - Searching for files in /opt/airflow/dags
[2026-05-11T02:47:31.953+0000] {manager.py:740} INFO - There are 3 files in /opt/airflow/dags
[2026-05-11T02:47:35.102+0000] {manager.py:878} INFO - 
================================================================================
DAG File Processing Stats

File Path                                   PID    Runtime      # DAGs    # Errors  Last Runtime    Last Run
------------------------------------------  -----  ---------  --------  ----------  --------------  -------------------
/opt/airflow/dags/dag_consolidate.py                                 1           0  1.99s           2026-05-11T02:47:27
/opt/airflow/dags/dag_extract_bcb.py                                 1           0  1.85s           2026-05-11T02:47:31
/opt/airflow/dags/dag_extract_coingecko.py                           1           0  1.78s           2026-05-11T02:47:28
================================================================================
[2026-05-11T02:48:05.242+0000] {manager.py:878} INFO - 
================================================================================
DAG File Processing Stats

File Path                                   PID    Runtime      # DAGs    # Errors  Last Runtime    Last Run
------------------------------------------  -----  ---------  --------  ----------  --------------  -------------------
/opt/airflow/dags/dag_consolidate.py                                 1           0  3.54s           2026-05-11T02:48:02
/opt/airflow/dags/dag_extract_coingecko.py                           1           0  2.96s           2026-05-11T02:48:02
/opt/airflow/dags/dag_extract_bcb.py                                 1           0  2.15s           2026-05-11T02:48:04
================================================================================
[2026-05-11T02:48:35.906+0000] {manager.py:878} INFO - 
================================================================================
DAG File Processing Stats

File Path                                   PID    Runtime      # DAGs    # Errors  Last Runtime    Last Run
------------------------------------------  -----  ---------  --------  ----------  --------------  -------------------
/opt/airflow/dags/dag_consolidate.py                                 1           0  1.78s           2026-05-11T02:48:34
/opt/airflow/dags/dag_extract_coingecko.py                           1           0  1.76s           2026-05-11T02:48:35
/opt/airflow/dags/dag_extract_bcb.py                                 1           0  1.49s           2026-05-11T02:48:35
================================================================================
[2026-05-11T02:49:06.530+0000] {manager.py:878} INFO - 
================================================================================
DAG File Processing Stats

File Path                                     PID  Runtime      # DAGs    # Errors  Last Runtime    Last Run
------------------------------------------  -----  ---------  --------  ----------  --------------  -------------------
/opt/airflow/dags/dag_consolidate.py                                 1           0  1.78s           2026-05-11T02:49:06
/opt/airflow/dags/dag_extract_coingecko.py    393  0.69s             1           0  1.76s           2026-05-11T02:48:35
/opt/airflow/dags/dag_extract_bcb.py          399  0.01s             1           0  1.49s           2026-05-11T02:48:35
================================================================================
[2026-05-11T02:49:36.618+0000] {manager.py:878} INFO - 
================================================================================
DAG File Processing Stats

File Path                                     PID  Runtime      # DAGs    # Errors  Last Runtime    Last Run
------------------------------------------  -----  ---------  --------  ----------  --------------  -------------------
/opt/airflow/dags/dag_consolidate.py          407  0.02s             1           0  1.78s           2026-05-11T02:49:06
/opt/airflow/dags/dag_extract_coingecko.py                           1           0  1.35s           2026-05-11T02:49:07
/opt/airflow/dags/dag_extract_bcb.py                                 1           0  1.31s           2026-05-11T02:49:07
================================================================================
[2026-05-11T02:50:06.649+0000] {manager.py:878} INFO - 
================================================================================
DAG File Processing Stats

File Path                                   PID    Runtime      # DAGs    # Errors  Last Runtime    Last Run
------------------------------------------  -----  ---------  --------  ----------  --------------  -------------------
/opt/airflow/dags/dag_consolidate.py                                 1           0  1.99s           2026-05-11T02:49:38
/opt/airflow/dags/dag_extract_bcb.py                                 1           0  1.61s           2026-05-11T02:49:40
/opt/airflow/dags/dag_extract_coingecko.py                           1           0  1.29s           2026-05-11T02:49:38
================================================================================
[2026-05-11T02:50:36.698+0000] {manager.py:878} INFO - 
================================================================================
DAG File Processing Stats

File Path                                   PID    Runtime      # DAGs    # Errors  Last Runtime    Last Run
------------------------------------------  -----  ---------  --------  ----------  --------------  -------------------
/opt/airflow/dags/dag_extract_coingecko.py                           1           0  2.14s           2026-05-11T02:50:11
/opt/airflow/dags/dag_extract_bcb.py                                 1           0  1.64s           2026-05-11T02:50:12
/opt/airflow/dags/dag_consolidate.py                                 1           0  1.22s           2026-05-11T02:50:09
================================================================================
[2026-05-11T02:51:07.456+0000] {manager.py:878} INFO - 
================================================================================
DAG File Processing Stats

File Path                                   PID    Runtime      # DAGs    # Errors  Last Runtime    Last Run
------------------------------------------  -----  ---------  --------  ----------  --------------  -------------------
/opt/airflow/dags/dag_consolidate.py                                 1           0  1.89s           2026-05-11T02:50:42
/opt/airflow/dags/dag_extract_coingecko.py                           1           0  1.61s           2026-05-11T02:50:43
/opt/airflow/dags/dag_extract_bcb.py                                 1           0  1.27s           2026-05-11T02:50:44
================================================================================
[2026-05-11T02:51:37.469+0000] {manager.py:878} INFO - 
================================================================================
DAG File Processing Stats

File Path                                   PID    Runtime      # DAGs    # Errors  Last Runtime    Last Run
------------------------------------------  -----  ---------  --------  ----------  --------------  -------------------
/opt/airflow/dags/dag_consolidate.py                                 1           0  1.52s           2026-05-11T02:51:14
/opt/airflow/dags/dag_extract_coingecko.py                           1           0  1.50s           2026-05-11T02:51:15
/opt/airflow/dags/dag_extract_bcb.py                                 1           0  1.13s           2026-05-11T02:51:15
================================================================================
[2026-05-11T02:52:07.789+0000] {manager.py:878} INFO - 
================================================================================
DAG File Processing Stats

File Path                                   PID    Runtime      # DAGs    # Errors  Last Runtime    Last Run
------------------------------------------  -----  ---------  --------  ----------  --------------  -------------------
/opt/airflow/dags/dag_consolidate.py                                 1           0  1.67s           2026-05-11T02:51:46
/opt/airflow/dags/dag_extract_coingecko.py                           1           0  1.58s           2026-05-11T02:51:47
/opt/airflow/dags/dag_extract_bcb.py                                 1           0  1.40s           2026-05-11T02:51:47
================================================================================
[2026-05-11T02:52:31.832+0000] {manager.py:737} INFO - Searching for files in /opt/airflow/dags
[2026-05-11T02:52:32.099+0000] {manager.py:740} INFO - There are 3 files in /opt/airflow/dags
[2026-05-11T02:52:38.338+0000] {manager.py:878} INFO - 
================================================================================
DAG File Processing Stats

File Path                                   PID    Runtime      # DAGs    # Errors  Last Runtime    Last Run
------------------------------------------  -----  ---------  --------  ----------  --------------  -------------------
/opt/airflow/dags/dag_consolidate.py                                 1           0  1.92s           2026-05-11T02:52:18
/opt/airflow/dags/dag_extract_coingecko.py                           1           0  1.49s           2026-05-11T02:52:19
/opt/airflow/dags/dag_extract_bcb.py                                 1           0  1.41s           2026-05-11T02:52:19
================================================================================
[2026-05-11T02:53:08.592+0000] {manager.py:878} INFO - 
================================================================================
DAG File Processing Stats

File Path                                   PID    Runtime      # DAGs    # Errors  Last Runtime    Last Run
------------------------------------------  -----  ---------  --------  ----------  --------------  -------------------
/opt/airflow/dags/dag_consolidate.py                                 1           0  1.60s           2026-05-11T02:52:50
/opt/airflow/dags/dag_extract_bcb.py                                 1           0  1.43s           2026-05-11T02:52:51
/opt/airflow/dags/dag_extract_coingecko.py                           1           0  0.98s           2026-05-11T02:52:50
================================================================================
[2026-05-11T02:53:39.331+0000] {manager.py:878} INFO - 
================================================================================
DAG File Processing Stats

File Path                                   PID    Runtime      # DAGs    # Errors  Last Runtime    Last Run
------------------------------------------  -----  ---------  --------  ----------  --------------  -------------------
/opt/airflow/dags/dag_extract_bcb.py                                 1           0  1.42s           2026-05-11T02:53:23
/opt/airflow/dags/dag_consolidate.py                                 1           0  1.41s           2026-05-11T02:53:21
/opt/airflow/dags/dag_extract_coingecko.py                           1           0  1.08s           2026-05-11T02:53:21
================================================================================
[2026-05-11T02:54:09.687+0000] {manager.py:878} INFO - 
================================================================================
DAG File Processing Stats

File Path                                   PID    Runtime      # DAGs    # Errors  Last Runtime    Last Run
------------------------------------------  -----  ---------  --------  ----------  --------------  -------------------
/opt/airflow/dags/dag_extract_bcb.py                                 1           0  1.46s           2026-05-11T02:53:55
/opt/airflow/dags/dag_extract_coingecko.py                           1           0  1.24s           2026-05-11T02:53:53
/opt/airflow/dags/dag_consolidate.py                                 1           0  1.09s           2026-05-11T02:53:52
================================================================================
[2026-05-11T02:54:40.106+0000] {manager.py:878} INFO - 
================================================================================
DAG File Processing Stats

File Path                                   PID    Runtime      # DAGs    # Errors  Last Runtime    Last Run
------------------------------------------  -----  ---------  --------  ----------  --------------  -------------------
/opt/airflow/dags/dag_consolidate.py                                 1           0  2.17s           2026-05-11T02:54:25
/opt/airflow/dags/dag_extract_bcb.py                                 1           0  1.92s           2026-05-11T02:54:27
/opt/airflow/dags/dag_extract_coingecko.py                           1           0  1.80s           2026-05-11T02:54:25
================================================================================
[2026-05-11T02:55:10.405+0000] {manager.py:878} INFO - 
================================================================================
DAG File Processing Stats

File Path                                   PID    Runtime      # DAGs    # Errors  Last Runtime    Last Run
------------------------------------------  -----  ---------  --------  ----------  --------------  -------------------
/opt/airflow/dags/dag_extract_bcb.py                                 1           0  1.42s           2026-05-11T02:54:59
/opt/airflow/dags/dag_consolidate.py                                 1           0  1.36s           2026-05-11T02:54:56
/opt/airflow/dags/dag_extract_coingecko.py                           1           0  1.25s           2026-05-11T02:54:57
================================================================================
[2026-05-11T02:55:40.622+0000] {manager.py:878} INFO - 
================================================================================
DAG File Processing Stats

File Path                                   PID    Runtime      # DAGs    # Errors  Last Runtime    Last Run
------------------------------------------  -----  ---------  --------  ----------  --------------  -------------------
/opt/airflow/dags/dag_consolidate.py                                 1           0  1.74s           2026-05-11T02:55:28
/opt/airflow/dags/dag_extract_coingecko.py                           1           0  1.51s           2026-05-11T02:55:29
/opt/airflow/dags/dag_extract_bcb.py                                 1           0  1.48s           2026-05-11T02:55:30
================================================================================
[2026-05-11T02:56:10.632+0000] {manager.py:878} INFO - 
================================================================================
DAG File Processing Stats

File Path                                   PID    Runtime      # DAGs    # Errors  Last Runtime    Last Run
------------------------------------------  -----  ---------  --------  ----------  --------------  -------------------
/opt/airflow/dags/dag_extract_bcb.py                                 1           0  2.31s           2026-05-11T02:56:03
/opt/airflow/dags/dag_extract_coingecko.py                           1           0  1.47s           2026-05-11T02:56:00
/opt/airflow/dags/dag_consolidate.py                                 1           0  1.45s           2026-05-11T02:56:00
================================================================================
[2026-05-11T02:56:40.995+0000] {manager.py:878} INFO - 
================================================================================
DAG File Processing Stats

File Path                                   PID    Runtime      # DAGs    # Errors  Last Runtime    Last Run
------------------------------------------  -----  ---------  --------  ----------  --------------  -------------------
/opt/airflow/dags/dag_consolidate.py                                 1           0  1.77s           2026-05-11T02:56:32
/opt/airflow/dags/dag_extract_bcb.py                                 1           0  1.70s           2026-05-11T02:56:35
/opt/airflow/dags/dag_extract_coingecko.py                           1           0  1.57s           2026-05-11T02:56:32
================================================================================
[2026-05-11T02:57:11.662+0000] {manager.py:878} INFO - 
================================================================================
DAG File Processing Stats

File Path                                   PID    Runtime      # DAGs    # Errors  Last Runtime    Last Run
------------------------------------------  -----  ---------  --------  ----------  --------------  -------------------
/opt/airflow/dags/dag_extract_bcb.py                                 1           0  2.21s           2026-05-11T02:57:07
/opt/airflow/dags/dag_consolidate.py                                 1           0  1.21s           2026-05-11T02:57:04
/opt/airflow/dags/dag_extract_coingecko.py                           1           0  1.21s           2026-05-11T02:57:04
================================================================================
[2026-05-11T02:57:32.143+0000] {manager.py:737} INFO - Searching for files in /opt/airflow/dags
[2026-05-11T02:57:32.386+0000] {manager.py:740} INFO - There are 3 files in /opt/airflow/dags
[2026-05-11T02:57:41.857+0000] {manager.py:878} INFO - 
================================================================================
DAG File Processing Stats

File Path                                   PID    Runtime      # DAGs    # Errors  Last Runtime    Last Run
------------------------------------------  -----  ---------  --------  ----------  --------------  -------------------
/opt/airflow/dags/dag_extract_bcb.py                                 1           0  2.13s           2026-05-11T02:57:39
/opt/airflow/dags/dag_consolidate.py                                 1           0  2.00s           2026-05-11T02:57:36
/opt/airflow/dags/dag_extract_coingecko.py                           1           0  1.97s           2026-05-11T02:57:36
================================================================================
[2026-05-11T02:58:11.991+0000] {manager.py:878} INFO - 
================================================================================
DAG File Processing Stats

File Path                                     PID  Runtime      # DAGs    # Errors  Last Runtime    Last Run
------------------------------------------  -----  ---------  --------  ----------  --------------  -------------------
/opt/airflow/dags/dag_extract_bcb.py          707  1.20s             1           0  2.13s           2026-05-11T02:57:39
/opt/airflow/dags/dag_consolidate.py                                 1           0  1.88s           2026-05-11T02:58:08
/opt/airflow/dags/dag_extract_coingecko.py                           1           0  1.29s           2026-05-11T02:58:08
================================================================================
[2026-05-11T02:58:42.147+0000] {manager.py:878} INFO - 
================================================================================
DAG File Processing Stats

File Path                                   PID    Runtime      # DAGs    # Errors  Last Runtime    Last Run
------------------------------------------  -----  ---------  --------  ----------  --------------  -------------------
/opt/airflow/dags/dag_extract_bcb.py                                 1           0  2.23s           2026-05-11T02:58:13
/opt/airflow/dags/dag_consolidate.py                                 1           0  1.65s           2026-05-11T02:58:40
/opt/airflow/dags/dag_extract_coingecko.py                           1           0  1.60s           2026-05-11T02:58:40
================================================================================
[2026-05-11T02:59:12.433+0000] {manager.py:878} INFO - 
================================================================================
DAG File Processing Stats

File Path                                     PID  Runtime      # DAGs    # Errors  Last Runtime    Last Run
------------------------------------------  -----  ---------  --------  ----------  --------------  -------------------
/opt/airflow/dags/dag_consolidate.py          731  1.09s             1           0  1.65s           2026-05-11T02:58:40
/opt/airflow/dags/dag_extract_bcb.py                                 1           0  1.61s           2026-05-11T02:58:44
/opt/airflow/dags/dag_extract_coingecko.py    734  1.04s             1           0  1.60s           2026-05-11T02:58:40
================================================================================
[2026-05-11T02:59:42.785+0000] {manager.py:878} INFO - 
================================================================================
DAG File Processing Stats

File Path                                   PID    Runtime      # DAGs    # Errors  Last Runtime    Last Run
------------------------------------------  -----  ---------  --------  ----------  --------------  -------------------
/opt/airflow/dags/dag_consolidate.py                                 1           0  1.70s           2026-05-11T02:59:13
/opt/airflow/dags/dag_extract_coingecko.py                           1           0  1.66s           2026-05-11T02:59:13
/opt/airflow/dags/dag_extract_bcb.py                                 1           0  1.19s           2026-05-11T02:59:16
================================================================================
[2026-05-11T03:00:13.380+0000] {manager.py:878} INFO - 
================================================================================
DAG File Processing Stats

File Path                                   PID    Runtime      # DAGs    # Errors  Last Runtime    Last Run
------------------------------------------  -----  ---------  --------  ----------  --------------  -------------------
/opt/airflow/dags/dag_extract_bcb.py                                 1           0  2.06s           2026-05-11T02:59:48
/opt/airflow/dags/dag_consolidate.py                                 1           0  1.72s           2026-05-11T02:59:45
/opt/airflow/dags/dag_extract_coingecko.py                           1           0  1.58s           2026-05-11T02:59:45
================================================================================
[2026-05-11T03:00:44.294+0000] {manager.py:878} INFO - 
================================================================================
DAG File Processing Stats

File Path                                   PID    Runtime      # DAGs    # Errors  Last Runtime    Last Run
------------------------------------------  -----  ---------  --------  ----------  --------------  -------------------
/opt/airflow/dags/dag_extract_bcb.py                                 1           0  1.63s           2026-05-11T03:00:20
/opt/airflow/dags/dag_consolidate.py                                 1           0  1.62s           2026-05-11T03:00:18
/opt/airflow/dags/dag_extract_coingecko.py                           1           0  1.56s           2026-05-11T03:00:18
================================================================================
[2026-05-11T03:01:14.620+0000] {manager.py:878} INFO - 
================================================================================
DAG File Processing Stats

File Path                                   PID    Runtime      # DAGs    # Errors  Last Runtime    Last Run
------------------------------------------  -----  ---------  --------  ----------  --------------  -------------------
/opt/airflow/dags/dag_extract_bcb.py                                 1           0  1.45s           2026-05-11T03:00:53
/opt/airflow/dags/dag_consolidate.py                                 1           0  1.22s           2026-05-11T03:00:49
/opt/airflow/dags/dag_extract_coingecko.py                           1           0  1.18s           2026-05-11T03:00:49
================================================================================
[2026-05-11T03:01:44.638+0000] {manager.py:878} INFO - 
================================================================================
DAG File Processing Stats

File Path                                   PID    Runtime      # DAGs    # Errors  Last Runtime    Last Run
------------------------------------------  -----  ---------  --------  ----------  --------------  -------------------
/opt/airflow/dags/dag_extract_bcb.py                                 1           0  1.68s           2026-05-11T03:01:25
/opt/airflow/dags/dag_consolidate.py                                 1           0  1.50s           2026-05-11T03:01:21
/opt/airflow/dags/dag_extract_coingecko.py                           1           0  1.43s           2026-05-11T03:01:21
================================================================================
[2026-05-11T03:02:14.853+0000] {manager.py:878} INFO - 
================================================================================
DAG File Processing Stats

File Path                                   PID    Runtime      # DAGs    # Errors  Last Runtime    Last Run
------------------------------------------  -----  ---------  --------  ----------  --------------  -------------------
/opt/airflow/dags/dag_consolidate.py                                 1           0  1.51s           2026-05-11T03:01:53
/opt/airflow/dags/dag_extract_coingecko.py                           1           0  1.39s           2026-05-11T03:01:53
/opt/airflow/dags/dag_extract_bcb.py                                 1           0  1.26s           2026-05-11T03:01:56
================================================================================
[2026-05-11T03:02:32.483+0000] {manager.py:737} INFO - Searching for files in /opt/airflow/dags
[2026-05-11T03:02:32.740+0000] {manager.py:740} INFO - There are 3 files in /opt/airflow/dags
[2026-05-11T03:02:45.107+0000] {manager.py:878} INFO - 
================================================================================
DAG File Processing Stats

File Path                                   PID    Runtime      # DAGs    # Errors  Last Runtime    Last Run
------------------------------------------  -----  ---------  --------  ----------  --------------  -------------------
/opt/airflow/dags/dag_extract_bcb.py                                 1           0  1.56s           2026-05-11T03:02:28
/opt/airflow/dags/dag_consolidate.py                                 1           0  0.90s           2026-05-11T03:02:25
/opt/airflow/dags/dag_extract_coingecko.py                           1           0  0.86s           2026-05-11T03:02:25
================================================================================
[2026-05-11T03:03:15.342+0000] {manager.py:878} INFO - 
================================================================================
DAG File Processing Stats

File Path                                   PID    Runtime      # DAGs    # Errors  Last Runtime    Last Run
------------------------------------------  -----  ---------  --------  ----------  --------------  -------------------
/opt/airflow/dags/dag_extract_bcb.py                                 1           0  1.58s           2026-05-11T03:03:00
/opt/airflow/dags/dag_consolidate.py                                 1           0  0.94s           2026-05-11T03:02:56
/opt/airflow/dags/dag_extract_coingecko.py                           1           0  0.93s           2026-05-11T03:02:56
================================================================================
[2026-05-11T03:03:46.209+0000] {manager.py:878} INFO - 
================================================================================
DAG File Processing Stats

File Path                                   PID    Runtime      # DAGs    # Errors  Last Runtime    Last Run
------------------------------------------  -----  ---------  --------  ----------  --------------  -------------------
/opt/airflow/dags/dag_extract_bcb.py                                 1           0  1.89s           2026-05-11T03:03:33
/opt/airflow/dags/dag_consolidate.py                                 1           0  1.34s           2026-05-11T03:03:27
/opt/airflow/dags/dag_extract_coingecko.py                           1           0  1.27s           2026-05-11T03:03:28
================================================================================
[2026-05-11T03:04:16.215+0000] {manager.py:878} INFO - 
================================================================================
DAG File Processing Stats

File Path                                   PID    Runtime      # DAGs    # Errors  Last Runtime    Last Run
------------------------------------------  -----  ---------  --------  ----------  --------------  -------------------
/opt/airflow/dags/dag_extract_bcb.py                                 1           0  1.43s           2026-05-11T03:04:05
/opt/airflow/dags/dag_consolidate.py                                 1           0  1.28s           2026-05-11T03:03:59
/opt/airflow/dags/dag_extract_coingecko.py                           1           0  1.15s           2026-05-11T03:03:59
================================================================================
[2026-05-11T03:04:46.694+0000] {manager.py:878} INFO - 
================================================================================
DAG File Processing Stats

File Path                                   PID    Runtime      # DAGs    # Errors  Last Runtime    Last Run
------------------------------------------  -----  ---------  --------  ----------  --------------  -------------------
/opt/airflow/dags/dag_consolidate.py                                 1           0  1.36s           2026-05-11T03:04:31
/opt/airflow/dags/dag_extract_coingecko.py                           1           0  1.29s           2026-05-11T03:04:31
/opt/airflow/dags/dag_extract_bcb.py                                 1           0  1.25s           2026-05-11T03:04:36
================================================================================
[2026-05-11T03:05:17.598+0000] {manager.py:878} INFO - 
================================================================================
DAG File Processing Stats

File Path                                   PID    Runtime      # DAGs    # Errors  Last Runtime    Last Run
------------------------------------------  -----  ---------  --------  ----------  --------------  -------------------
/opt/airflow/dags/dag_extract_bcb.py                                 1           0  1.19s           2026-05-11T03:05:08
/opt/airflow/dags/dag_consolidate.py                                 1           0  1.09s           2026-05-11T03:05:03
/opt/airflow/dags/dag_extract_coingecko.py                           1           0  1.03s           2026-05-11T03:05:03
================================================================================
[2026-05-11T03:05:47.916+0000] {manager.py:878} INFO - 
================================================================================
DAG File Processing Stats

File Path                                   PID    Runtime      # DAGs    # Errors  Last Runtime    Last Run
------------------------------------------  -----  ---------  --------  ----------  --------------  -------------------
/opt/airflow/dags/dag_extract_bcb.py                                 1           0  1.51s           2026-05-11T03:05:40
/opt/airflow/dags/dag_consolidate.py                                 1           0  1.12s           2026-05-11T03:05:35
/opt/airflow/dags/dag_extract_coingecko.py                           1           0  1.08s           2026-05-11T03:05:35
================================================================================
[2026-05-11T03:06:18.736+0000] {manager.py:878} INFO - 
================================================================================
DAG File Processing Stats

File Path                                   PID    Runtime      # DAGs    # Errors  Last Runtime    Last Run
------------------------------------------  -----  ---------  --------  ----------  --------------  -------------------
/opt/airflow/dags/dag_extract_bcb.py                                 1           0  1.64s           2026-05-11T03:06:12
/opt/airflow/dags/dag_consolidate.py                                 1           0  1.47s           2026-05-11T03:06:06
/opt/airflow/dags/dag_extract_coingecko.py                           1           0  1.42s           2026-05-11T03:06:06
================================================================================
[2026-05-11T03:06:48.992+0000] {manager.py:878} INFO - 
================================================================================
DAG File Processing Stats

File Path                                   PID    Runtime      # DAGs    # Errors  Last Runtime    Last Run
------------------------------------------  -----  ---------  --------  ----------  --------------  -------------------
/opt/airflow/dags/dag_consolidate.py                                 1           0  1.49s           2026-05-11T03:06:38
/opt/airflow/dags/dag_extract_coingecko.py                           1           0  1.41s           2026-05-11T03:06:38
/opt/airflow/dags/dag_extract_bcb.py                                 1           0  1.40s           2026-05-11T03:06:44
================================================================================
[2026-05-11T03:07:19.444+0000] {manager.py:878} INFO - 
================================================================================
DAG File Processing Stats

File Path                                   PID    Runtime      # DAGs    # Errors  Last Runtime    Last Run
------------------------------------------  -----  ---------  --------  ----------  --------------  -------------------
/opt/airflow/dags/dag_extract_bcb.py                                 1           0  1.39s           2026-05-11T03:07:15
/opt/airflow/dags/dag_consolidate.py                                 1           0  1.36s           2026-05-11T03:07:10
/opt/airflow/dags/dag_extract_coingecko.py                           1           0  1.31s           2026-05-11T03:07:10
================================================================================
[2026-05-11T03:07:32.823+0000] {manager.py:737} INFO - Searching for files in /opt/airflow/dags
[2026-05-11T03:07:33.149+0000] {manager.py:740} INFO - There are 3 files in /opt/airflow/dags
[2026-05-11T03:07:49.929+0000] {manager.py:878} INFO - 
================================================================================
DAG File Processing Stats

File Path                                   PID    Runtime      # DAGs    # Errors  Last Runtime    Last Run
------------------------------------------  -----  ---------  --------  ----------  --------------  -------------------
/opt/airflow/dags/dag_extract_bcb.py                                 1           0  2.10s           2026-05-11T03:07:47
/opt/airflow/dags/dag_consolidate.py                                 1           0  1.28s           2026-05-11T03:07:41
/opt/airflow/dags/dag_extract_coingecko.py                           1           0  1.22s           2026-05-11T03:07:41
================================================================================
[2026-05-11T03:08:20.113+0000] {manager.py:878} INFO - 
================================================================================
DAG File Processing Stats

File Path                                   PID    Runtime      # DAGs    # Errors  Last Runtime    Last Run
------------------------------------------  -----  ---------  --------  ----------  --------------  -------------------
/opt/airflow/dags/dag_extract_bcb.py                                 1           0  1.58s           2026-05-11T03:08:19
/opt/airflow/dags/dag_consolidate.py                                 1           0  1.23s           2026-05-11T03:08:13
/opt/airflow/dags/dag_extract_coingecko.py                           1           0  1.14s           2026-05-11T03:08:13
================================================================================
[2026-05-11T03:08:50.610+0000] {manager.py:878} INFO - 
================================================================================
DAG File Processing Stats

File Path                                     PID  Runtime      # DAGs    # Errors  Last Runtime    Last Run
------------------------------------------  -----  ---------  --------  ----------  --------------  -------------------
/opt/airflow/dags/dag_extract_bcb.py         1067  0.67s             1           0  1.58s           2026-05-11T03:08:19
/opt/airflow/dags/dag_consolidate.py                                 1           0  1.43s           2026-05-11T03:08:45
/opt/airflow/dags/dag_extract_coingecko.py                           1           0  1.34s           2026-05-11T03:08:45
================================================================================
[2026-05-11T03:09:20.643+0000] {manager.py:878} INFO - 
================================================================================
DAG File Processing Stats

File Path                                   PID    Runtime      # DAGs    # Errors  Last Runtime    Last Run
------------------------------------------  -----  ---------  --------  ----------  --------------  -------------------
/opt/airflow/dags/dag_extract_bcb.py                                 1           0  2.45s           2026-05-11T03:08:52
/opt/airflow/dags/dag_consolidate.py                                 1           0  1.00s           2026-05-11T03:09:16
/opt/airflow/dags/dag_extract_coingecko.py                           1           0  0.99s           2026-05-11T03:09:16
================================================================================
[2026-05-11T03:09:50.873+0000] {manager.py:878} INFO - 
================================================================================
DAG File Processing Stats

File Path                                   PID    Runtime      # DAGs    # Errors  Last Runtime    Last Run
------------------------------------------  -----  ---------  --------  ----------  --------------  -------------------
/opt/airflow/dags/dag_consolidate.py                                 1           0  1.52s           2026-05-11T03:09:49
/opt/airflow/dags/dag_extract_bcb.py                                 1           0  1.48s           2026-05-11T03:09:24
/opt/airflow/dags/dag_extract_coingecko.py                           1           0  1.46s           2026-05-11T03:09:49
================================================================================
[2026-05-11T03:10:21.311+0000] {manager.py:878} INFO - 
================================================================================
DAG File Processing Stats

File Path                                     PID  Runtime      # DAGs    # Errors  Last Runtime    Last Run
------------------------------------------  -----  ---------  --------  ----------  --------------  -------------------
/opt/airflow/dags/dag_extract_coingecko.py                           1           0  1.70s           2026-05-11T03:10:21
/opt/airflow/dags/dag_extract_bcb.py                                 1           0  1.59s           2026-05-11T03:09:56
/opt/airflow/dags/dag_consolidate.py         1109  1.77s             1           0  1.52s           2026-05-11T03:09:49
================================================================================
[2026-05-11T03:10:52.038+0000] {manager.py:878} INFO - 
================================================================================
DAG File Processing Stats

File Path                                     PID  Runtime      # DAGs    # Errors  Last Runtime    Last Run
------------------------------------------  -----  ---------  --------  ----------  --------------  -------------------
/opt/airflow/dags/dag_extract_bcb.py                                 1           0  1.89s           2026-05-11T03:10:28
/opt/airflow/dags/dag_consolidate.py         1127  0.07s             1           0  1.77s           2026-05-11T03:10:21
/opt/airflow/dags/dag_extract_coingecko.py   1130  0.01s             1           0  1.70s           2026-05-11T03:10:21
================================================================================
[2026-05-11T03:11:22.296+0000] {manager.py:878} INFO - 
================================================================================
DAG File Processing Stats

File Path                                   PID    Runtime      # DAGs    # Errors  Last Runtime    Last Run
------------------------------------------  -----  ---------  --------  ----------  --------------  -------------------
/opt/airflow/dags/dag_consolidate.py                                 1           0  1.32s           2026-05-11T03:10:53
/opt/airflow/dags/dag_extract_bcb.py                                 1           0  1.32s           2026-05-11T03:10:59
/opt/airflow/dags/dag_extract_coingecko.py                           1           0  1.29s           2026-05-11T03:10:53
================================================================================
[2026-05-11T03:11:52.463+0000] {manager.py:878} INFO - 
================================================================================
DAG File Processing Stats

File Path                                   PID    Runtime      # DAGs    # Errors  Last Runtime    Last Run
------------------------------------------  -----  ---------  --------  ----------  --------------  -------------------
/opt/airflow/dags/dag_extract_bcb.py                                 1           0  1.57s           2026-05-11T03:11:31
/opt/airflow/dags/dag_consolidate.py                                 1           0  0.92s           2026-05-11T03:11:24
/opt/airflow/dags/dag_extract_coingecko.py                           1           0  0.87s           2026-05-11T03:11:24
================================================================================
[2026-05-11T03:12:22.902+0000] {manager.py:878} INFO - 
================================================================================
DAG File Processing Stats

File Path                                   PID    Runtime      # DAGs    # Errors  Last Runtime    Last Run
------------------------------------------  -----  ---------  --------  ----------  --------------  -------------------
/opt/airflow/dags/dag_extract_bcb.py                                 1           0  1.56s           2026-05-11T03:12:04
/opt/airflow/dags/dag_consolidate.py                                 1           0  1.26s           2026-05-11T03:11:55
/opt/airflow/dags/dag_extract_coingecko.py                           1           0  1.16s           2026-05-11T03:11:55
================================================================================
[2026-05-11T03:12:32.939+0000] {manager.py:737} INFO - Searching for files in /opt/airflow/dags
[2026-05-11T03:12:33.013+0000] {manager.py:740} INFO - There are 3 files in /opt/airflow/dags
[2026-05-11T03:12:53.512+0000] {manager.py:878} INFO - 
================================================================================
DAG File Processing Stats

File Path                                   PID    Runtime      # DAGs    # Errors  Last Runtime    Last Run
------------------------------------------  -----  ---------  --------  ----------  --------------  -------------------
/opt/airflow/dags/dag_consolidate.py                                 1           0  1.77s           2026-05-11T03:12:27
/opt/airflow/dags/dag_extract_coingecko.py                           1           0  1.70s           2026-05-11T03:12:27
/opt/airflow/dags/dag_extract_bcb.py                                 1           0  1.67s           2026-05-11T03:12:36
================================================================================
